2025-04-09 07:44:03.561 [info] ログ レベル: Info
2025-04-09 07:44:03.561 [info] Git の検証が検出されました: "C:\Program Files\Git\cmd\git.exe"
2025-04-09 07:44:03.865 [info] "C:\Program Files\Git\cmd\git.exe" から Git "2.41.0.windows.3" を使用しています
2025-04-09 07:44:04.090 [info] > git rev-parse --show-toplevel [195ms]
2025-04-09 07:44:04.313 [info] > git rev-parse --git-dir --git-common-dir [214ms]
2025-04-09 07:44:04.322 [info] Open repository: c:\Users\kabu_server\000_work\py3123
2025-04-09 07:44:04.894 [info] > git config --get commit.template [556ms]
2025-04-09 07:44:04.895 [info] > git rev-parse --show-toplevel [553ms]
2025-04-09 07:44:04.976 [info] > git for-each-ref --format=%(refname)%00%(upstream:short)%00%(objectname)%00%(upstream:track)%00%(upstream:remotename)%00%(upstream:remoteref) --ignore-case refs/heads/master refs/remotes/master [623ms]
2025-04-09 07:44:05.189 [info] > git rev-parse --show-toplevel [288ms]
2025-04-09 07:44:05.931 [info] > git rev-parse --show-toplevel [736ms]
2025-04-09 07:44:05.948 [info] > git check-ignore -v -z --stdin [1070ms]
2025-04-09 07:44:06.076 [info] > git rev-parse --git-dir --git-common-dir [139ms]
2025-04-09 07:44:06.091 [info] Open repository: c:\Users\kabu_server\000_work\py3123\markitdown
2025-04-09 07:44:06.285 [info] > git rev-parse --show-toplevel [175ms]
2025-04-09 07:44:06.413 [info] > git rev-parse --show-toplevel [122ms]
2025-04-09 07:44:06.523 [info] > git rev-parse --show-toplevel [103ms]
2025-04-09 07:44:07.176 [info] > git config --get commit.template [1062ms]
2025-04-09 07:44:07.177 [info] > git for-each-ref --format=%(refname)%00%(upstream:short)%00%(objectname)%00%(upstream:track)%00%(upstream:remotename)%00%(upstream:remoteref) --ignore-case refs/heads/main refs/remotes/main [1055ms]
2025-04-09 07:44:07.195 [warning] ENOENT: no such file or directory, open 'c:\Users\kabu_server\000_work\py3123\markitdown\.git\refs\remotes\origin\main'
2025-04-09 07:44:07.284 [info] > git ls-files --stage -- C:\Users\kabu_server\000_work\py3123\README.md [742ms]
2025-04-09 07:44:07.403 [info] > git show --textconv :README.md [869ms]
2025-04-09 07:44:07.533 [info] > git rev-parse refs/remotes/origin/main [338ms]
2025-04-09 07:44:07.572 [info] > git check-ignore -v -z --stdin [507ms]
2025-04-09 07:44:07.599 [info] > git cat-file -s 10ebeff91edb763179ef5496647e51cfb6aab578 [310ms]
2025-04-09 07:44:07.642 [info] > git check-ignore -v -z --stdin [584ms]
2025-04-09 07:44:07.912 [info] > git status -z -uall [341ms]
2025-04-09 07:44:08.258 [info] > git merge-base refs/heads/main refs/remotes/origin/main [336ms]
2025-04-09 07:44:08.267 [info] > git for-each-ref --format=%(refname)%00%(upstream:short)%00%(objectname)%00%(upstream:track)%00%(upstream:remotename)%00%(upstream:remoteref) --ignore-case refs/heads/main refs/remotes/main [321ms]
2025-04-09 07:44:08.275 [warning] ENOENT: no such file or directory, open 'c:\Users\kabu_server\000_work\py3123\markitdown\.git\refs\remotes\origin\main'
2025-04-09 07:44:08.283 [info] > git config --get commit.template [345ms]
2025-04-09 07:44:08.513 [info] > git rev-parse refs/remotes/origin/main [238ms]
2025-04-09 07:44:08.519 [info] > git -c core.longpaths=true rev-list --count --left-right refs/heads/main...refs/remotes/origin/main [253ms]
2025-04-09 07:44:09.020 [info] > git diff --name-status -z --diff-filter=ADMR 3fcd48cdfc651cbf508071c8d2fb7d82aeb075de...refs/remotes/origin/main [493ms]
2025-04-09 07:44:09.064 [info] > git status -z -uall [547ms]
2025-04-09 07:44:09.239 [info] > git status -z -uall [4225ms]
2025-04-09 07:44:09.915 [info] > git config --get commit.template [592ms]
2025-04-09 07:44:09.915 [info] > git merge-base refs/heads/master refs/remotes/origin/master [655ms]
2025-04-09 07:44:09.931 [info] > git for-each-ref --format=%(refname)%00%(upstream:short)%00%(objectname)%00%(upstream:track)%00%(upstream:remotename)%00%(upstream:remoteref) --ignore-case refs/heads/master refs/remotes/master [601ms]
2025-04-09 07:44:10.156 [info] > git -c core.longpaths=true rev-list --count --left-right refs/heads/master...refs/remotes/origin/master [225ms]
2025-04-09 07:44:10.577 [info] > git diff --name-status -z --diff-filter=ADMR 8f71da53fa5e642cb329f2ef24b61497e7ab63a4...refs/remotes/origin/master [414ms]
2025-04-09 07:44:12.561 [info] > git status -z -uall [2617ms]
2025-04-09 07:44:14.613 [info] > git config --get commit.template [230ms]
2025-04-09 07:44:14.619 [info] > git for-each-ref --format=%(refname)%00%(upstream:short)%00%(objectname)%00%(upstream:track)%00%(upstream:remotename)%00%(upstream:remoteref) --ignore-case refs/heads/master refs/remotes/master [231ms]
2025-04-09 07:44:15.929 [info] > git status -z -uall [1304ms]
2025-04-09 07:44:23.332 [info] > git config --get commit.template [80ms]
2025-04-09 07:44:23.343 [info] > git for-each-ref --format=%(refname)%00%(upstream:short)%00%(objectname)%00%(upstream:track)%00%(upstream:remotename)%00%(upstream:remoteref) --ignore-case refs/heads/master refs/remotes/master [85ms]
2025-04-09 07:44:24.382 [info] > git status -z -uall [1033ms]
2025-04-09 07:44:29.507 [info] > git config --get commit.template [83ms]
2025-04-09 07:44:29.516 [info] > git for-each-ref --format=%(refname)%00%(upstream:short)%00%(objectname)%00%(upstream:track)%00%(upstream:remotename)%00%(upstream:remoteref) --ignore-case refs/heads/master refs/remotes/master [87ms]
2025-04-09 07:44:30.553 [info] > git status -z -uall [1031ms]
2025-04-09 07:44:49.816 [info] > git config --get commit.template [95ms]
2025-04-09 07:44:49.825 [info] > git for-each-ref --format=%(refname)%00%(upstream:short)%00%(objectname)%00%(upstream:track)%00%(upstream:remotename)%00%(upstream:remoteref) --ignore-case refs/heads/master refs/remotes/master [90ms]
2025-04-09 07:44:57.841 [info] > git status -z -uall [8009ms]
2025-04-09 07:45:08.017 [info] > git config --get commit.template [90ms]
2025-04-09 07:45:08.025 [info] > git for-each-ref --format=%(refname)%00%(upstream:short)%00%(objectname)%00%(upstream:track)%00%(upstream:remotename)%00%(upstream:remoteref) --ignore-case refs/heads/master refs/remotes/master [92ms]
2025-04-09 07:45:16.397 [info] > git ls-files --stage -- C:\Users\kabu_server\000_work\py3123\README.md [120ms]
2025-04-09 07:45:16.485 [info] > git cat-file -s 10ebeff91edb763179ef5496647e51cfb6aab578 [83ms]
2025-04-09 07:45:16.584 [info] > git show --textconv :README.md [89ms]
2025-04-09 07:45:17.539 [info] > git status -z -uall [9507ms]
2025-04-09 07:45:23.133 [info] > git config --get commit.template [81ms]
2025-04-09 07:45:23.154 [info] > git for-each-ref --format=%(refname)%00%(upstream:short)%00%(objectname)%00%(upstream:track)%00%(upstream:remotename)%00%(upstream:remoteref) --ignore-case refs/heads/master refs/remotes/master [97ms]
2025-04-09 07:45:23.254 [info] > git ls-files --stage -- C:\Users\kabu_server\000_work\py3123\README.md [114ms]
2025-04-09 07:45:23.594 [info] > git cat-file -s 10ebeff91edb763179ef5496647e51cfb6aab578 [335ms]
2025-04-09 07:45:23.743 [info] > git show --textconv :README.md [96ms]
2025-04-09 07:45:23.885 [info] > git status -z -uall [725ms]
2025-04-09 07:45:23.975 [info] > git merge-base refs/heads/master refs/remotes/origin/master [83ms]
2025-04-09 07:45:24.057 [info] > git -c core.longpaths=true rev-list --count --left-right refs/heads/master...refs/remotes/origin/master [76ms]
2025-04-09 07:45:24.139 [info] > git diff --name-status -z --diff-filter=ADMR 8f71da53fa5e642cb329f2ef24b61497e7ab63a4...refs/remotes/origin/master [76ms]
2025-04-09 07:45:29.021 [info] > git config --get commit.template [84ms]
2025-04-09 07:45:29.035 [info] > git for-each-ref --format=%(refname)%00%(upstream:short)%00%(objectname)%00%(upstream:track)%00%(upstream:remotename)%00%(upstream:remoteref) --ignore-case refs/heads/master refs/remotes/master [89ms]
2025-04-09 07:45:29.668 [info] > git status -z -uall [628ms]
2025-04-09 07:45:34.341 [info] > git merge-base refs/heads/master refs/remotes/origin/master [109ms]
2025-04-09 07:45:34.350 [info] > git merge-base refs/heads/main refs/remotes/origin/main [113ms]
2025-04-09 07:45:34.473 [info] > git -c core.longpaths=true rev-list --count --left-right refs/heads/master...refs/remotes/origin/master [125ms]
2025-04-09 07:45:34.482 [info] > git -c core.longpaths=true rev-list --count --left-right refs/heads/main...refs/remotes/origin/main [124ms]
2025-04-09 07:45:34.801 [info] > git config --get commit.template [107ms]
2025-04-09 07:45:34.820 [info] > git for-each-ref --format=%(refname)%00%(upstream:short)%00%(objectname)%00%(upstream:track)%00%(upstream:remotename)%00%(upstream:remoteref) --ignore-case refs/heads/master refs/remotes/master [118ms]
2025-04-09 07:45:35.521 [info] > git check-ignore -v -z --stdin [109ms]
2025-04-09 07:45:35.774 [info] > git status -z -uall [946ms]
2025-04-09 07:45:47.884 [info] > git config --get commit.template [86ms]
2025-04-09 07:45:47.892 [info] > git for-each-ref --format=%(refname)%00%(upstream:short)%00%(objectname)%00%(upstream:track)%00%(upstream:remotename)%00%(upstream:remoteref) --ignore-case refs/heads/master refs/remotes/master [88ms]
2025-04-09 07:45:48.756 [info] > git status -z -uall [859ms]
2025-04-09 07:45:54.070 [info] > git config --get commit.template [190ms]
2025-04-09 07:45:54.097 [info] > git for-each-ref --format=%(refname)%00%(upstream:short)%00%(objectname)%00%(upstream:track)%00%(upstream:remotename)%00%(upstream:remoteref) --ignore-case refs/heads/master refs/remotes/master [208ms]
2025-04-09 07:45:54.873 [info] > git status -z -uall [769ms]
2025-04-09 07:46:31.337 [info] > git config --get commit.template [77ms]
2025-04-09 07:46:31.351 [info] > git for-each-ref --format=%(refname)%00%(upstream:short)%00%(objectname)%00%(upstream:track)%00%(upstream:remotename)%00%(upstream:remoteref) --ignore-case refs/heads/master refs/remotes/master [86ms]
2025-04-09 07:46:31.994 [info] > git status -z -uall [635ms]
2025-04-09 07:46:59.041 [info] > git config --get commit.template [95ms]
2025-04-09 07:46:59.056 [info] > git for-each-ref --format=%(refname)%00%(upstream:short)%00%(objectname)%00%(upstream:track)%00%(upstream:remotename)%00%(upstream:remoteref) --ignore-case refs/heads/master refs/remotes/master [95ms]
2025-04-09 07:46:59.890 [info] > git status -z -uall [829ms]
2025-04-09 07:47:05.019 [info] > git config --get commit.template [108ms]
2025-04-09 07:47:05.031 [info] > git for-each-ref --format=%(refname)%00%(upstream:short)%00%(objectname)%00%(upstream:track)%00%(upstream:remotename)%00%(upstream:remoteref) --ignore-case refs/heads/master refs/remotes/master [101ms]
2025-04-09 07:47:05.671 [info] > git status -z -uall [635ms]
2025-04-09 07:47:13.485 [info] > git config --get commit.template [103ms]
2025-04-09 07:47:13.499 [info] > git for-each-ref --format=%(refname)%00%(upstream:short)%00%(objectname)%00%(upstream:track)%00%(upstream:remotename)%00%(upstream:remoteref) --ignore-case refs/heads/master refs/remotes/master [101ms]
2025-04-09 07:47:14.158 [info] > git status -z -uall [654ms]
2025-04-09 07:48:00.678 [info] > git config --get commit.template [99ms]
2025-04-09 07:48:00.690 [info] > git for-each-ref --format=%(refname)%00%(upstream:short)%00%(objectname)%00%(upstream:track)%00%(upstream:remotename)%00%(upstream:remoteref) --ignore-case refs/heads/master refs/remotes/master [94ms]
2025-04-09 07:48:01.376 [info] > git status -z -uall [682ms]
2025-04-09 07:48:06.523 [info] > git config --get commit.template [124ms]
2025-04-09 07:48:06.538 [info] > git for-each-ref --format=%(refname)%00%(upstream:short)%00%(objectname)%00%(upstream:track)%00%(upstream:remotename)%00%(upstream:remoteref) --ignore-case refs/heads/master refs/remotes/master [120ms]
2025-04-09 07:48:07.280 [info] > git status -z -uall [736ms]
2025-04-09 07:48:15.863 [info] > git config --get commit.template [95ms]
2025-04-09 07:48:15.878 [info] > git for-each-ref --format=%(refname)%00%(upstream:short)%00%(objectname)%00%(upstream:track)%00%(upstream:remotename)%00%(upstream:remoteref) --ignore-case refs/heads/master refs/remotes/master [95ms]
2025-04-09 07:48:16.530 [info] > git status -z -uall [646ms]
2025-04-09 07:49:09.664 [info] > git config --get commit.template [88ms]
2025-04-09 07:49:09.679 [info] > git for-each-ref --format=%(refname)%00%(upstream:short)%00%(objectname)%00%(upstream:track)%00%(upstream:remotename)%00%(upstream:remoteref) --ignore-case refs/heads/master refs/remotes/master [93ms]
2025-04-09 07:49:10.419 [info] > git status -z -uall [734ms]
2025-04-09 07:49:15.539 [info] > git config --get commit.template [87ms]
2025-04-09 07:49:15.548 [info] > git for-each-ref --format=%(refname)%00%(upstream:short)%00%(objectname)%00%(upstream:track)%00%(upstream:remotename)%00%(upstream:remoteref) --ignore-case refs/heads/master refs/remotes/master [87ms]
2025-04-09 07:49:16.192 [info] > git status -z -uall [639ms]
2025-04-09 07:49:29.707 [info] > git config --get commit.template [95ms]
2025-04-09 07:49:29.721 [info] > git for-each-ref --format=%(refname)%00%(upstream:short)%00%(objectname)%00%(upstream:track)%00%(upstream:remotename)%00%(upstream:remoteref) --ignore-case refs/heads/master refs/remotes/master [94ms]
2025-04-09 07:49:30.378 [info] > git status -z -uall [651ms]
2025-04-09 07:50:43.412 [info] > git config --get commit.template [81ms]
2025-04-09 07:50:43.426 [info] > git for-each-ref --format=%(refname)%00%(upstream:short)%00%(objectname)%00%(upstream:track)%00%(upstream:remotename)%00%(upstream:remoteref) --ignore-case refs/heads/master refs/remotes/master [90ms]
2025-04-09 07:50:44.210 [info] > git status -z -uall [779ms]
2025-04-09 07:50:51.996 [info] > git config --get commit.template [121ms]
2025-04-09 07:50:52.005 [info] > git for-each-ref --format=%(refname)%00%(upstream:short)%00%(objectname)%00%(upstream:track)%00%(upstream:remotename)%00%(upstream:remoteref) --ignore-case refs/heads/master refs/remotes/master [116ms]
2025-04-09 07:50:52.713 [info] > git status -z -uall [701ms]
2025-04-09 07:50:57.832 [info] > git config --get commit.template [89ms]
2025-04-09 07:50:57.849 [info] > git for-each-ref --format=%(refname)%00%(upstream:short)%00%(objectname)%00%(upstream:track)%00%(upstream:remotename)%00%(upstream:remoteref) --ignore-case refs/heads/master refs/remotes/master [96ms]
2025-04-09 07:50:58.492 [info] > git status -z -uall [637ms]
2025-04-09 07:51:16.482 [info] > git config --get commit.template [85ms]
2025-04-09 07:51:16.494 [info] > git for-each-ref --format=%(refname)%00%(upstream:short)%00%(objectname)%00%(upstream:track)%00%(upstream:remotename)%00%(upstream:remoteref) --ignore-case refs/heads/master refs/remotes/master [91ms]
2025-04-09 07:51:17.195 [info] > git status -z -uall [696ms]
2025-04-09 07:51:24.024 [info] > git config --get commit.template [91ms]
2025-04-09 07:51:24.036 [info] > git for-each-ref --format=%(refname)%00%(upstream:short)%00%(objectname)%00%(upstream:track)%00%(upstream:remotename)%00%(upstream:remoteref) --ignore-case refs/heads/master refs/remotes/master [91ms]
2025-04-09 07:51:24.722 [info] > git status -z -uall [681ms]
2025-04-09 07:52:20.993 [info] > git config --get commit.template [92ms]
2025-04-09 07:52:21.007 [info] > git for-each-ref --format=%(refname)%00%(upstream:short)%00%(objectname)%00%(upstream:track)%00%(upstream:remotename)%00%(upstream:remoteref) --ignore-case refs/heads/master refs/remotes/master [94ms]
2025-04-09 07:52:21.654 [info] > git status -z -uall [642ms]
2025-04-09 07:53:35.784 [info] > git config --get commit.template [112ms]
2025-04-09 07:53:35.808 [info] > git for-each-ref --format=%(refname)%00%(upstream:short)%00%(objectname)%00%(upstream:track)%00%(upstream:remotename)%00%(upstream:remoteref) --ignore-case refs/heads/master refs/remotes/master [120ms]
2025-04-09 07:53:36.483 [info] > git status -z -uall [669ms]
2025-04-09 07:53:49.361 [info] > git config --get commit.template [100ms]
2025-04-09 07:53:49.374 [info] > git for-each-ref --format=%(refname)%00%(upstream:short)%00%(objectname)%00%(upstream:track)%00%(upstream:remotename)%00%(upstream:remoteref) --ignore-case refs/heads/master refs/remotes/master [98ms]
2025-04-09 07:53:50.025 [info] > git status -z -uall [646ms]
2025-04-09 07:53:59.954 [info] > git config --get commit.template [84ms]
2025-04-09 07:53:59.970 [info] > git for-each-ref --format=%(refname)%00%(upstream:short)%00%(objectname)%00%(upstream:track)%00%(upstream:remotename)%00%(upstream:remoteref) --ignore-case refs/heads/master refs/remotes/master [95ms]
2025-04-09 07:54:00.684 [info] > git status -z -uall [708ms]
2025-04-09 07:54:16.606 [info] > git config --get commit.template [112ms]
2025-04-09 07:54:16.615 [info] > git for-each-ref --format=%(refname)%00%(upstream:short)%00%(objectname)%00%(upstream:track)%00%(upstream:remotename)%00%(upstream:remoteref) --ignore-case refs/heads/master refs/remotes/master [109ms]
2025-04-09 07:54:17.609 [info] > git status -z -uall [988ms]
2025-04-09 07:54:36.293 [info] > git config --get commit.template [108ms]
2025-04-09 07:54:36.309 [info] > git for-each-ref --format=%(refname)%00%(upstream:short)%00%(objectname)%00%(upstream:track)%00%(upstream:remotename)%00%(upstream:remoteref) --ignore-case refs/heads/master refs/remotes/master [120ms]
2025-04-09 07:54:37.192 [info] > git status -z -uall [877ms]
2025-04-09 07:54:56.901 [info] > git config --get commit.template [85ms]
2025-04-09 07:54:56.920 [info] > git for-each-ref --format=%(refname)%00%(upstream:short)%00%(objectname)%00%(upstream:track)%00%(upstream:remotename)%00%(upstream:remoteref) --ignore-case refs/heads/master refs/remotes/master [97ms]
2025-04-09 07:54:58.244 [info] > git status -z -uall [1318ms]
2025-04-09 07:55:13.213 [info] > git ls-files --stage -- C:\Users\kabu_server\000_work\py3123\README.md [118ms]
2025-04-09 07:55:13.293 [info] > git cat-file -s 10ebeff91edb763179ef5496647e51cfb6aab578 [74ms]
2025-04-09 07:55:13.415 [info] > git config --get commit.template [99ms]
2025-04-09 07:55:13.426 [info] > git for-each-ref --format=%(refname)%00%(upstream:short)%00%(objectname)%00%(upstream:track)%00%(upstream:remotename)%00%(upstream:remoteref) --ignore-case refs/heads/master refs/remotes/master [104ms]
2025-04-09 07:55:13.434 [info] > git show --textconv :README.md [125ms]
2025-04-09 07:55:14.175 [info] > git status -z -uall [741ms]
2025-04-09 07:55:14.306 [info] > git merge-base refs/heads/master refs/remotes/origin/master [122ms]
2025-04-09 07:55:14.313 [info] > git merge-base refs/heads/master refs/remotes/origin/master [118ms]
2025-04-09 07:55:14.442 [info] > git -c core.longpaths=true rev-list --count --left-right refs/heads/master...refs/remotes/origin/master [130ms]
2025-04-09 07:55:14.454 [info] > git -c core.longpaths=true rev-list --count --left-right refs/heads/master...refs/remotes/origin/master [134ms]
2025-04-09 07:55:14.555 [info] > git diff --name-status -z --diff-filter=ADMR 3822ec16c6f994bf7e92c78d5ef1b93a207e03b1...refs/remotes/origin/master [102ms]
2025-04-09 07:55:19.378 [info] > git config --get commit.template [183ms]
2025-04-09 07:55:19.383 [info] > git for-each-ref --format=%(refname)%00%(upstream:short)%00%(objectname)%00%(upstream:track)%00%(upstream:remotename)%00%(upstream:remoteref) --ignore-case refs/heads/master refs/remotes/master [153ms]
2025-04-09 07:55:20.079 [info] > git status -z -uall [690ms]
2025-04-09 07:55:20.872 [info] > git show --textconv HEAD: [143ms]
2025-04-09 07:55:20.873 [info] > git ls-tree -l HEAD -- C:\Users\kabu_server\000_work\py3123\markitdown [135ms]
2025-04-09 07:55:21.091 [info] > git show --textconv HEAD: [110ms]
2025-04-09 07:55:21.106 [info] > git ls-tree -l HEAD -- C:\Users\kabu_server\000_work\py3123\markitdown [113ms]
2025-04-09 07:55:25.178 [info] > git config --get commit.template [81ms]
2025-04-09 07:55:25.189 [info] > git for-each-ref --format=%(refname)%00%(upstream:short)%00%(objectname)%00%(upstream:track)%00%(upstream:remotename)%00%(upstream:remoteref) --ignore-case refs/heads/master refs/remotes/master [87ms]
2025-04-09 07:55:25.894 [info] > git status -z -uall [699ms]
2025-04-09 07:55:29.310 [info] > git show --textconv HEAD: [115ms]
2025-04-09 07:55:29.311 [info] > git ls-tree -l HEAD -- C:\Users\kabu_server\000_work\py3123\markitdown [105ms]
2025-04-09 07:55:33.435 [info] > git config --get commit.template [120ms]
2025-04-09 07:55:33.464 [info] > git for-each-ref --format=%(refname)%00%(upstream:short)%00%(objectname)%00%(upstream:track)%00%(upstream:remotename)%00%(upstream:remoteref) --ignore-case refs/heads/master refs/remotes/master [128ms]
2025-04-09 07:55:33.530 [info] > git checkout -q [200ms]
2025-04-09 07:55:33.904 [info] > git for-each-ref --format=%(refname)%00%(upstream:short)%00%(objectname)%00%(upstream:track)%00%(upstream:remotename)%00%(upstream:remoteref) --ignore-case refs/heads/main refs/remotes/main [363ms]
2025-04-09 07:55:33.905 [info] > git config --get commit.template [368ms]
2025-04-09 07:55:33.910 [warning] ENOENT: no such file or directory, open 'c:\Users\kabu_server\000_work\py3123\markitdown\.git\refs\remotes\origin\main'
2025-04-09 07:55:33.986 [info] > git rev-parse refs/remotes/origin/main [76ms]
2025-04-09 07:55:34.069 [info] > git status -z -uall [78ms]
2025-04-09 07:55:34.159 [info] > git status -z -uall [689ms]
2025-04-09 07:55:34.930 [info] > git show --textconv HEAD: [80ms]
2025-04-09 07:55:34.934 [info] > git ls-tree -l HEAD -- C:\Users\kabu_server\000_work\py3123\markitdown [79ms]
2025-04-09 07:55:35.960 [info] > git config --get commit.template [92ms]
2025-04-09 07:55:35.969 [info] > git for-each-ref --format=%(refname)%00%(upstream:short)%00%(objectname)%00%(upstream:track)%00%(upstream:remotename)%00%(upstream:remoteref) --ignore-case refs/heads/main refs/remotes/main [85ms]
2025-04-09 07:55:35.973 [warning] ENOENT: no such file or directory, open 'c:\Users\kabu_server\000_work\py3123\markitdown\.git\refs\remotes\origin\main'
2025-04-09 07:55:36.038 [info] > git rev-parse refs/remotes/origin/main [64ms]
2025-04-09 07:55:36.116 [info] > git status -z -uall [73ms]
2025-04-09 07:55:39.288 [info] > git config --get commit.template [94ms]
2025-04-09 07:55:39.300 [info] > git for-each-ref --format=%(refname)%00%(upstream:short)%00%(objectname)%00%(upstream:track)%00%(upstream:remotename)%00%(upstream:remoteref) --ignore-case refs/heads/master refs/remotes/master [88ms]
2025-04-09 07:55:40.051 [info] > git status -z -uall [747ms]
2025-04-09 07:55:41.520 [info] > git checkout -q [97ms]
2025-04-09 07:55:41.595 [info] > git config --get commit.template [68ms]
2025-04-09 07:55:41.607 [info] > git for-each-ref --format=%(refname)%00%(upstream:short)%00%(objectname)%00%(upstream:track)%00%(upstream:remotename)%00%(upstream:remoteref) --ignore-case refs/heads/main refs/remotes/main [76ms]
2025-04-09 07:55:41.612 [warning] ENOENT: no such file or directory, open 'c:\Users\kabu_server\000_work\py3123\markitdown\.git\refs\remotes\origin\main'
2025-04-09 07:55:41.680 [info] > git rev-parse refs/remotes/origin/main [69ms]
2025-04-09 07:55:41.753 [info] > git status -z -uall [69ms]
2025-04-09 07:55:42.863 [info] > git show --textconv HEAD: [87ms]
2025-04-09 07:55:42.867 [info] > git ls-tree -l HEAD -- C:\Users\kabu_server\000_work\py3123\markitdown [81ms]
2025-04-09 07:55:43.890 [info] > git config --get commit.template [106ms]
2025-04-09 07:55:43.902 [info] > git for-each-ref --format=%(refname)%00%(upstream:short)%00%(objectname)%00%(upstream:track)%00%(upstream:remotename)%00%(upstream:remoteref) --ignore-case refs/heads/main refs/remotes/main [102ms]
2025-04-09 07:55:43.907 [warning] ENOENT: no such file or directory, open 'c:\Users\kabu_server\000_work\py3123\markitdown\.git\refs\remotes\origin\main'
2025-04-09 07:55:43.976 [info] > git rev-parse refs/remotes/origin/main [69ms]
2025-04-09 07:55:44.056 [info] > git status -z -uall [76ms]
2025-04-09 07:55:45.207 [info] > git config --get commit.template [130ms]
2025-04-09 07:55:45.317 [info] > git for-each-ref --format=%(refname)%00%(upstream:short)%00%(objectname)%00%(upstream:track)%00%(upstream:remotename)%00%(upstream:remoteref) --ignore-case refs/heads/master refs/remotes/master [225ms]
2025-04-09 07:55:45.996 [info] > git show --textconv :README.md [573ms]
2025-04-09 07:55:46.048 [info] > git ls-files --stage -- C:\Users\kabu_server\000_work\py3123\README.md [611ms]
2025-04-09 07:55:46.157 [info] > git cat-file -s 10ebeff91edb763179ef5496647e51cfb6aab578 [103ms]
2025-04-09 07:55:46.268 [info] > git status -z -uall [932ms]
2025-04-09 07:55:59.466 [info] > git config --get commit.template [106ms]
2025-04-09 07:55:59.475 [info] > git for-each-ref --format=%(refname)%00%(upstream:short)%00%(objectname)%00%(upstream:track)%00%(upstream:remotename)%00%(upstream:remoteref) --ignore-case refs/heads/master refs/remotes/master [110ms]
2025-04-09 07:56:00.148 [info] > git status -z -uall [667ms]
2025-04-09 07:56:06.994 [info] > git checkout -q [222ms]
2025-04-09 07:56:07.005 [info] > git config --get commit.template [158ms]
2025-04-09 07:56:07.023 [info] > git for-each-ref --format=%(refname)%00%(upstream:short)%00%(objectname)%00%(upstream:track)%00%(upstream:remotename)%00%(upstream:remoteref) --ignore-case refs/heads/master refs/remotes/master [170ms]
2025-04-09 07:56:07.095 [info] > git config --get commit.template [95ms]
2025-04-09 07:56:07.109 [info] > git for-each-ref --format=%(refname)%00%(upstream:short)%00%(objectname)%00%(upstream:track)%00%(upstream:remotename)%00%(upstream:remoteref) --ignore-case refs/heads/main refs/remotes/main [105ms]
2025-04-09 07:56:07.114 [warning] ENOENT: no such file or directory, open 'c:\Users\kabu_server\000_work\py3123\markitdown\.git\refs\remotes\origin\main'
2025-04-09 07:56:07.466 [info] > git rev-parse refs/remotes/origin/main [352ms]
2025-04-09 07:56:07.554 [info] > git status -z -uall [84ms]
2025-04-09 07:56:07.695 [info] > git status -z -uall [667ms]
2025-04-09 07:56:09.280 [info] > git config --get commit.template [99ms]
2025-04-09 07:56:09.284 [info] > git for-each-ref --format=%(refname)%00%(upstream:short)%00%(objectname)%00%(upstream:track)%00%(upstream:remotename)%00%(upstream:remoteref) --ignore-case refs/heads/main refs/remotes/main [96ms]
2025-04-09 07:56:09.288 [warning] ENOENT: no such file or directory, open 'c:\Users\kabu_server\000_work\py3123\markitdown\.git\refs\remotes\origin\main'
2025-04-09 07:56:09.357 [info] > git rev-parse refs/remotes/origin/main [68ms]
2025-04-09 07:56:09.438 [info] > git status -z -uall [77ms]
2025-04-09 07:56:12.809 [info] > git config --get commit.template [92ms]
2025-04-09 07:56:12.820 [info] > git for-each-ref --format=%(refname)%00%(upstream:short)%00%(objectname)%00%(upstream:track)%00%(upstream:remotename)%00%(upstream:remoteref) --ignore-case refs/heads/master refs/remotes/master [89ms]
2025-04-09 07:56:13.375 [info] > git status -z -uall [550ms]
2025-04-09 07:56:18.486 [info] > git config --get commit.template [85ms]
2025-04-09 07:56:18.497 [info] > git for-each-ref --format=%(refname)%00%(upstream:short)%00%(objectname)%00%(upstream:track)%00%(upstream:remotename)%00%(upstream:remoteref) --ignore-case refs/heads/master refs/remotes/master [84ms]
2025-04-09 07:56:19.061 [info] > git status -z -uall [559ms]
2025-04-09 07:56:24.173 [info] > git config --get commit.template [91ms]
2025-04-09 07:56:24.183 [info] > git for-each-ref --format=%(refname)%00%(upstream:short)%00%(objectname)%00%(upstream:track)%00%(upstream:remotename)%00%(upstream:remoteref) --ignore-case refs/heads/master refs/remotes/master [87ms]
2025-04-09 07:56:24.727 [info] > git status -z -uall [538ms]
2025-04-09 07:57:48.361 [info] > git for-each-ref --format=%(refname)%00%(upstream:short)%00%(objectname)%00%(upstream:track)%00%(upstream:remotename)%00%(upstream:remoteref) --ignore-case refs/heads/master refs/remotes/master [299ms]
2025-04-09 07:57:48.385 [info] > git config --get commit.template [329ms]
2025-04-09 07:57:49.462 [info] > git status -z -uall [1072ms]
