2025-04-08 06:39:15.447 [info] ログ レベル: Info
2025-04-08 06:39:15.447 [info] Git の検証が検出されました: "C:\Program Files\Git\cmd\git.exe"
2025-04-08 06:39:15.578 [info] "C:\Program Files\Git\cmd\git.exe" から Git "2.41.0.windows.3" を使用しています
2025-04-08 06:39:15.802 [info] > git rev-parse --show-toplevel [195ms]
2025-04-08 06:39:16.041 [info] > git rev-parse --git-dir --git-common-dir [148ms]
2025-04-08 06:39:16.052 [info] Open repository: c:\Users\kabu_server\000_work\py3123
2025-04-08 06:39:16.440 [info] > git config --get commit.template [372ms]
2025-04-08 06:39:16.441 [info] > git for-each-ref --format=%(refname)%00%(upstream:short)%00%(objectname)%00%(upstream:track)%00%(upstream:remotename)%00%(upstream:remoteref) --ignore-case refs/heads/master refs/remotes/master [349ms]
2025-04-08 06:39:16.456 [info] > git rev-parse --show-toplevel [378ms]
2025-04-08 06:39:16.952 [info] > git rev-parse --show-toplevel [487ms]
2025-04-08 06:39:17.358 [info] > git rev-parse --show-toplevel [401ms]
2025-04-08 06:39:17.477 [info] > git check-ignore -v -z --stdin [693ms]
2025-04-08 06:39:17.574 [info] > git rev-parse --show-toplevel [210ms]
2025-04-08 06:39:17.710 [info] > git rev-parse --show-toplevel [130ms]
2025-04-08 06:39:17.845 [info] > git status -z -uall [1397ms]
2025-04-08 06:39:18.517 [info] > git show --textconv :README.md [797ms]
2025-04-08 06:39:18.520 [info] > git config --get commit.template [557ms]
2025-04-08 06:39:18.520 [info] > git merge-base refs/heads/master refs/remotes/origin/master [645ms]
2025-04-08 06:39:18.532 [info] > git ls-files --stage -- C:\Users\kabu_server\000_work\py3123\README.md [807ms]
2025-04-08 06:39:18.830 [info] > git -c core.longpaths=true rev-list --count --left-right refs/heads/master...refs/remotes/origin/master [300ms]
2025-04-08 06:39:18.856 [info] > git for-each-ref --format=%(refname)%00%(upstream:short)%00%(objectname)%00%(upstream:track)%00%(upstream:remotename)%00%(upstream:remoteref) --ignore-case refs/heads/master refs/remotes/master [308ms]
2025-04-08 06:39:18.887 [info] > git cat-file -s 6697ca858742793519ae4238036bced1df2e7d1e [349ms]
2025-04-08 06:39:19.035 [info] > git diff --name-status -z --diff-filter=ADMR 1ad99100035e907b72d7f3d17effce251381ac05...refs/remotes/origin/master [183ms]
2025-04-08 06:39:19.556 [info] > git status -z -uall [687ms]
2025-04-08 06:39:21.046 [info] > git config --get commit.template [81ms]
2025-04-08 06:39:21.057 [info] > git for-each-ref --format=%(refname)%00%(upstream:short)%00%(objectname)%00%(upstream:track)%00%(upstream:remotename)%00%(upstream:remoteref) --ignore-case refs/heads/master refs/remotes/master [82ms]
2025-04-08 06:39:21.594 [info] > git status -z -uall [531ms]
2025-04-08 06:39:26.764 [info] > git config --get commit.template [96ms]
2025-04-08 06:39:26.774 [info] > git for-each-ref --format=%(refname)%00%(upstream:short)%00%(objectname)%00%(upstream:track)%00%(upstream:remotename)%00%(upstream:remoteref) --ignore-case refs/heads/master refs/remotes/master [91ms]
2025-04-08 06:39:27.285 [info] > git status -z -uall [505ms]
2025-04-08 06:39:32.453 [info] > git config --get commit.template [115ms]
2025-04-08 06:39:32.466 [info] > git for-each-ref --format=%(refname)%00%(upstream:short)%00%(objectname)%00%(upstream:track)%00%(upstream:remotename)%00%(upstream:remoteref) --ignore-case refs/heads/master refs/remotes/master [121ms]
2025-04-08 06:39:33.030 [info] > git status -z -uall [559ms]
2025-04-08 06:39:38.629 [info] > git config --get commit.template [161ms]
2025-04-08 06:39:38.660 [info] > git for-each-ref --format=%(refname)%00%(upstream:short)%00%(objectname)%00%(upstream:track)%00%(upstream:remotename)%00%(upstream:remoteref) --ignore-case refs/heads/master refs/remotes/master [177ms]
2025-04-08 06:39:39.488 [info] > git status -z -uall [815ms]
2025-04-08 06:39:43.691 [info] > git check-ignore -v -z --stdin [108ms]
2025-04-08 06:39:44.622 [info] > git config --get commit.template [84ms]
2025-04-08 06:39:44.629 [info] > git for-each-ref --format=%(refname)%00%(upstream:short)%00%(objectname)%00%(upstream:track)%00%(upstream:remotename)%00%(upstream:remoteref) --ignore-case refs/heads/master refs/remotes/master [85ms]
2025-04-08 06:39:45.387 [info] > git status -z -uall [753ms]
2025-04-08 06:39:50.549 [info] > git config --get commit.template [95ms]
2025-04-08 06:39:50.560 [info] > git for-each-ref --format=%(refname)%00%(upstream:short)%00%(objectname)%00%(upstream:track)%00%(upstream:remotename)%00%(upstream:remoteref) --ignore-case refs/heads/master refs/remotes/master [92ms]
2025-04-08 06:39:51.075 [info] > git status -z -uall [511ms]
2025-04-08 06:40:08.384 [info] > git config --get commit.template [86ms]
2025-04-08 06:40:08.394 [info] > git for-each-ref --format=%(refname)%00%(upstream:short)%00%(objectname)%00%(upstream:track)%00%(upstream:remotename)%00%(upstream:remoteref) --ignore-case refs/heads/master refs/remotes/master [87ms]
2025-04-08 06:40:08.902 [info] > git status -z -uall [503ms]
2025-04-08 06:40:14.046 [info] > git config --get commit.template [88ms]
2025-04-08 06:40:14.057 [info] > git for-each-ref --format=%(refname)%00%(upstream:short)%00%(objectname)%00%(upstream:track)%00%(upstream:remotename)%00%(upstream:remoteref) --ignore-case refs/heads/master refs/remotes/master [86ms]
2025-04-08 06:40:14.559 [info] > git status -z -uall [496ms]
2025-04-08 06:40:22.077 [info] > git config --get commit.template [96ms]
2025-04-08 06:40:22.088 [info] > git for-each-ref --format=%(refname)%00%(upstream:short)%00%(objectname)%00%(upstream:track)%00%(upstream:remotename)%00%(upstream:remoteref) --ignore-case refs/heads/master refs/remotes/master [93ms]
2025-04-08 06:40:22.588 [info] > git status -z -uall [495ms]
2025-04-08 06:41:38.924 [info] > git config --get commit.template [127ms]
2025-04-08 06:41:38.944 [info] > git for-each-ref --format=%(refname)%00%(upstream:short)%00%(objectname)%00%(upstream:track)%00%(upstream:remotename)%00%(upstream:remoteref) --ignore-case refs/heads/master refs/remotes/master [141ms]
2025-04-08 06:41:39.677 [info] > git status -z -uall [727ms]
2025-04-08 06:41:44.861 [info] > git config --get commit.template [92ms]
2025-04-08 06:41:44.870 [info] > git for-each-ref --format=%(refname)%00%(upstream:short)%00%(objectname)%00%(upstream:track)%00%(upstream:remotename)%00%(upstream:remoteref) --ignore-case refs/heads/master refs/remotes/master [88ms]
2025-04-08 06:41:45.377 [info] > git status -z -uall [502ms]
2025-04-08 06:41:53.115 [info] > git config --get commit.template [87ms]
2025-04-08 06:41:53.124 [info] > git for-each-ref --format=%(refname)%00%(upstream:short)%00%(objectname)%00%(upstream:track)%00%(upstream:remotename)%00%(upstream:remoteref) --ignore-case refs/heads/master refs/remotes/master [85ms]
2025-04-08 06:41:53.632 [info] > git status -z -uall [503ms]
2025-04-08 06:52:56.786 [info] > git config --get commit.template [113ms]
2025-04-08 06:52:56.810 [info] > git for-each-ref --format=%(refname)%00%(upstream:short)%00%(objectname)%00%(upstream:track)%00%(upstream:remotename)%00%(upstream:remoteref) --ignore-case refs/heads/master refs/remotes/master [132ms]
2025-04-08 06:52:57.358 [info] > git status -z -uall [543ms]
2025-04-08 06:53:05.298 [info] > git config --get commit.template [133ms]
2025-04-08 06:53:05.316 [info] > git for-each-ref --format=%(refname)%00%(upstream:short)%00%(objectname)%00%(upstream:track)%00%(upstream:remotename)%00%(upstream:remoteref) --ignore-case refs/heads/master refs/remotes/master [135ms]
2025-04-08 06:53:05.864 [info] > git status -z -uall [543ms]
2025-04-08 07:01:59.241 [info] > git config --get commit.template [204ms]
2025-04-08 07:01:59.251 [info] > git for-each-ref --format=%(refname)%00%(upstream:short)%00%(objectname)%00%(upstream:track)%00%(upstream:remotename)%00%(upstream:remoteref) --ignore-case refs/heads/master refs/remotes/master [208ms]
2025-04-08 07:02:02.494 [info] > git status -z -uall [3237ms]
2025-04-08 07:02:07.685 [info] > git config --get commit.template [88ms]
2025-04-08 07:02:07.695 [info] > git for-each-ref --format=%(refname)%00%(upstream:short)%00%(objectname)%00%(upstream:track)%00%(upstream:remotename)%00%(upstream:remoteref) --ignore-case refs/heads/master refs/remotes/master [88ms]
2025-04-08 07:02:08.233 [info] > git status -z -uall [532ms]
2025-04-08 07:02:19.398 [info] > git config --get commit.template [82ms]
2025-04-08 07:02:19.415 [info] > git for-each-ref --format=%(refname)%00%(upstream:short)%00%(objectname)%00%(upstream:track)%00%(upstream:remotename)%00%(upstream:remoteref) --ignore-case refs/heads/master refs/remotes/master [94ms]
2025-04-08 07:02:20.080 [info] > git status -z -uall [657ms]
2025-04-08 07:02:28.777 [info] > git config --get commit.template [86ms]
2025-04-08 07:02:28.790 [info] > git for-each-ref --format=%(refname)%00%(upstream:short)%00%(objectname)%00%(upstream:track)%00%(upstream:remotename)%00%(upstream:remoteref) --ignore-case refs/heads/master refs/remotes/master [87ms]
2025-04-08 07:02:35.842 [info] > git status -z -uall [7046ms]
2025-04-08 07:03:03.458 [info] > git ls-files --stage -- C:\Users\kabu_server\000_work\py3123\README.md [112ms]
2025-04-08 07:03:03.530 [info] > git cat-file -s 10ebeff91edb763179ef5496647e51cfb6aab578 [66ms]
2025-04-08 07:03:03.619 [info] > git show --textconv :README.md [82ms]
2025-04-08 07:03:03.735 [info] > git config --get commit.template [68ms]
2025-04-08 07:03:03.746 [info] > git for-each-ref --format=%(refname)%00%(upstream:short)%00%(objectname)%00%(upstream:track)%00%(upstream:remotename)%00%(upstream:remoteref) --ignore-case refs/heads/master refs/remotes/master [75ms]
2025-04-08 07:03:05.031 [info] > git status -z -uall [1279ms]
2025-04-08 07:03:09.796 [info] > git ls-files --stage -- C:\Users\kabu_server\000_work\py3123\README.md [88ms]
2025-04-08 07:03:09.869 [info] > git cat-file -s 10ebeff91edb763179ef5496647e51cfb6aab578 [69ms]
2025-04-08 07:03:09.960 [info] > git show --textconv :README.md [84ms]
2025-04-08 07:03:10.178 [info] > git config --get commit.template [76ms]
2025-04-08 07:03:10.189 [info] > git for-each-ref --format=%(refname)%00%(upstream:short)%00%(objectname)%00%(upstream:track)%00%(upstream:remotename)%00%(upstream:remoteref) --ignore-case refs/heads/master refs/remotes/master [80ms]
2025-04-08 07:03:10.708 [info] > git status -z -uall [515ms]
2025-04-08 07:03:10.815 [info] > git merge-base refs/heads/master refs/remotes/origin/master [98ms]
2025-04-08 07:03:10.903 [info] > git -c core.longpaths=true rev-list --count --left-right refs/heads/master...refs/remotes/origin/master [82ms]
2025-04-08 07:03:10.980 [info] > git diff --name-status -z --diff-filter=ADMR 1ad99100035e907b72d7f3d17effce251381ac05...refs/remotes/origin/master [71ms]
2025-04-08 07:03:15.860 [info] > git config --get commit.template [99ms]
2025-04-08 07:03:15.877 [info] > git for-each-ref --format=%(refname)%00%(upstream:short)%00%(objectname)%00%(upstream:track)%00%(upstream:remotename)%00%(upstream:remoteref) --ignore-case refs/heads/master refs/remotes/master [105ms]
2025-04-08 07:03:16.373 [info] > git status -z -uall [490ms]
2025-04-08 07:03:41.716 [info] > git ls-files --stage -- C:\Users\kabu_server\000_work\py3123\README.md [101ms]
2025-04-08 07:03:41.790 [info] > git cat-file -s 10ebeff91edb763179ef5496647e51cfb6aab578 [69ms]
2025-04-08 07:03:41.871 [info] > git config --get commit.template [82ms]
2025-04-08 07:03:41.884 [info] > git for-each-ref --format=%(refname)%00%(upstream:short)%00%(objectname)%00%(upstream:track)%00%(upstream:remotename)%00%(upstream:remoteref) --ignore-case refs/heads/master refs/remotes/master [88ms]
2025-04-08 07:03:41.905 [info] > git show --textconv :README.md [102ms]
2025-04-08 07:03:42.369 [info] > git status -z -uall [478ms]
2025-04-08 07:03:42.452 [info] > git merge-base refs/heads/master refs/remotes/origin/master [77ms]
2025-04-08 07:03:42.525 [info] > git -c core.longpaths=true rev-list --count --left-right refs/heads/master...refs/remotes/origin/master [67ms]
2025-04-08 07:03:42.600 [info] > git diff --name-status -z --diff-filter=ADMR 8f71da53fa5e642cb329f2ef24b61497e7ab63a4...refs/remotes/origin/master [69ms]
2025-04-08 07:03:54.660 [info] > git for-each-ref --format=%(refname)%00%(upstream:short)%00%(objectname)%00%(upstream:track)%00%(upstream:remotename)%00%(upstream:remoteref) --ignore-case refs/heads/master refs/remotes/master [208ms]
2025-04-08 07:03:54.661 [info] > git config --get commit.template [216ms]
2025-04-08 07:03:55.559 [info] > git status -z -uall [892ms]
