2025-04-10 18:27:54.850 [info] Extension host with pid 14504 started
2025-04-10 18:27:54.850 [info] Skipping acquiring lock for c:\Users\kabu_server\000_work\py3123\_local_env\userroaming\Code\User\workspaceStorage\22031152046e77872278d516be30adb5.
2025-04-10 18:27:55.166 [info] ExtensionService#_doActivateExtension vscode.emmet, startup: false, activationEvent: 'onLanguage'
2025-04-10 18:27:55.170 [info] ExtensionService#_doActivateExtension RooVeterinaryInc.roo-cline, startup: false, activationEvent: 'onLanguage'
2025-04-10 18:28:00.117 [info] ExtensionService#_doActivateExtension vscode.git-base, startup: false, activationEvent: 'onLanguage:ignore'
2025-04-10 18:28:00.118 [info] ExtensionService#_doActivateExtension vscode.extension-editing, startup: false, activationEvent: 'onLanguage:markdown'
2025-04-10 18:28:00.140 [info] ExtensionService#_doActivateExtension vscode.markdown-language-features, startup: false, activationEvent: 'onLanguage:markdown'
2025-04-10 18:28:00.141 [info] ExtensionService#_doActivateExtension shd101wyy.markdown-preview-enhanced, startup: false, activationEvent: 'onLanguage:markdown'
2025-04-10 18:28:01.029 [info] ExtensionService#_doActivateExtension yzhang.markdown-all-in-one, startup: false, activationEvent: 'onLanguage:markdown'
2025-04-10 18:28:01.418 [info] ExtensionService#_doActivateExtension vscode.markdown-math, startup: false, activationEvent: 'api', root cause: yzhang.markdown-all-in-one
2025-04-10 18:28:01.504 [info] ExtensionService#_doActivateExtension vscode.npm, startup: false, activationEvent: 'onTerminalQuickFixRequest:ms-vscode.npm-command'
2025-04-10 18:28:01.708 [info] ExtensionService#_doActivateExtension ms-playwright.playwright, startup: true, activationEvent: 'workspaceContains:**/*playwright*.config.{ts,js,mjs}'
2025-04-10 18:28:01.714 [error] Failed to load translations for ms-playwright.playwright from file:///c%3A/Users/kabu_server/.vscode/extensions/ms-playwright.playwright-1.1.12/l10n/bundle.l10n.ja.json: ファイル 'c:\Users\kabu_server\.vscode\extensions\ms-playwright.playwright-1.1.12\l10n\bundle.l10n.ja.json' を読み取れません (Error: 存在しないファイル 'c:\Users\kabu_server\.vscode\extensions\ms-playwright.playwright-1.1.12\l10n\bundle.l10n.ja.json' を解決できません)
2025-04-10 18:28:01.931 [warning] Using default string since no string found in i18n bundle that has the key: No Playwright tests found.
2025-04-10 18:28:01.941 [warning] Using default string since no string found in i18n bundle that has the key: Pick locator
2025-04-10 18:28:01.941 [warning] Using default string since no string found in i18n bundle that has the key: Record new
2025-04-10 18:28:01.941 [warning] Using default string since no string found in i18n bundle that has the key: Record at cursor
2025-04-10 18:28:01.941 [warning] Using default string since no string found in i18n bundle that has the key: Reveal test output
2025-04-10 18:28:01.941 [warning] Using default string since no string found in i18n bundle that has the key: Close all browsers
2025-04-10 18:28:01.941 [warning] Using default string since no string found in i18n bundle that has the key: Run global setup
2025-04-10 18:28:01.942 [warning] Using default string since no string found in i18n bundle that has the key: Run global teardown
2025-04-10 18:28:01.942 [warning] Using default string since no string found in i18n bundle that has the key: Start dev server
2025-04-10 18:28:01.942 [warning] Using default string since no string found in i18n bundle that has the key: Stop dev server
2025-04-10 18:28:01.942 [warning] Using default string since no string found in i18n bundle that has the key: Clear cache
2025-04-10 18:28:01.942 [warning] Using default string since no string found in i18n bundle that has the key: Toggle Playwright Configs
2025-04-10 18:28:03.381 [info] ExtensionService#_doActivateExtension vscode.git, startup: true, activationEvent: '*'
2025-04-10 18:28:03.382 [info] ExtensionService#_doActivateExtension vscode.github, startup: true, activationEvent: '*'
2025-04-10 18:28:05.688 [info] Eager extensions activated
2025-04-10 18:28:05.719 [info] ExtensionService#_doActivateExtension vscode.debug-auto-launch, startup: false, activationEvent: 'onStartupFinished'
2025-04-10 18:28:05.720 [info] ExtensionService#_doActivateExtension vscode.merge-conflict, startup: false, activationEvent: 'onStartupFinished'
2025-04-10 18:28:05.721 [info] ExtensionService#_doActivateExtension vscode-icons-team.vscode-icons, startup: false, activationEvent: 'onStartupFinished'
2025-04-10 18:28:08.393 [warning] Using default string since no string found in i18n bundle that has the key: Pick locator
2025-04-10 18:28:08.393 [warning] Using default string since no string found in i18n bundle that has the key: Record new
2025-04-10 18:28:08.393 [warning] Using default string since no string found in i18n bundle that has the key: Record at cursor
2025-04-10 18:28:08.393 [warning] Using default string since no string found in i18n bundle that has the key: Reveal test output
2025-04-10 18:28:08.393 [warning] Using default string since no string found in i18n bundle that has the key: Close all browsers
2025-04-10 18:28:08.393 [warning] Using default string since no string found in i18n bundle that has the key: Run global setup
2025-04-10 18:28:08.393 [warning] Using default string since no string found in i18n bundle that has the key: Run global teardown
2025-04-10 18:28:08.393 [warning] Using default string since no string found in i18n bundle that has the key: Start dev server
2025-04-10 18:28:08.393 [warning] Using default string since no string found in i18n bundle that has the key: Stop dev server
2025-04-10 18:28:08.393 [warning] Using default string since no string found in i18n bundle that has the key: Clear cache
2025-04-10 18:28:08.393 [warning] Using default string since no string found in i18n bundle that has the key: Toggle Playwright Configs
2025-04-10 18:28:08.395 [warning] Using default string since no string found in i18n bundle that has the key: Pick locator
2025-04-10 18:28:08.396 [warning] Using default string since no string found in i18n bundle that has the key: Record new
2025-04-10 18:28:08.396 [warning] Using default string since no string found in i18n bundle that has the key: Record at cursor
2025-04-10 18:28:08.396 [warning] Using default string since no string found in i18n bundle that has the key: Reveal test output
2025-04-10 18:28:08.396 [warning] Using default string since no string found in i18n bundle that has the key: Close all browsers
2025-04-10 18:28:08.396 [warning] Using default string since no string found in i18n bundle that has the key: Run global setup
2025-04-10 18:28:08.396 [warning] Using default string since no string found in i18n bundle that has the key: Run global teardown
2025-04-10 18:28:08.396 [warning] Using default string since no string found in i18n bundle that has the key: Start dev server
2025-04-10 18:28:08.396 [warning] Using default string since no string found in i18n bundle that has the key: Stop dev server
2025-04-10 18:28:08.396 [warning] Using default string since no string found in i18n bundle that has the key: Clear cache
2025-04-10 18:28:08.396 [warning] Using default string since no string found in i18n bundle that has the key: Toggle Playwright Configs
2025-04-10 18:28:08.776 [warning] [Decorations] CAPPING events from decorations provider vscode.git 589
2025-04-10 18:28:08.819 [info] ExtensionService#_doActivateExtension vscode.github-authentication, startup: false, activationEvent: 'onAuthenticationRequest:github'
2025-04-10 18:28:10.371 [warning] [Decorations] CAPPING events from decorations provider vscode.git 590
2025-04-10 18:28:12.183 [warning] [Decorations] CAPPING events from decorations provider vscode.git 589
2025-04-10 18:28:18.154 [warning] [Decorations] CAPPING events from decorations provider vscode.git 590
2025-04-10 18:28:23.871 [warning] [Decorations] CAPPING events from decorations provider vscode.git 590
2025-04-10 18:28:29.757 [warning] [Decorations] CAPPING events from decorations provider vscode.git 590
2025-04-10 18:28:35.516 [warning] [Decorations] CAPPING events from decorations provider vscode.git 590
2025-04-10 18:28:42.522 [warning] [Decorations] CAPPING events from decorations provider vscode.git 590
2025-04-10 18:28:48.294 [warning] [Decorations] CAPPING events from decorations provider vscode.git 590
2025-04-10 18:28:54.013 [warning] [Decorations] CAPPING events from decorations provider vscode.git 590
2025-04-10 18:28:59.749 [warning] [Decorations] CAPPING events from decorations provider vscode.git 590
2025-04-10 18:29:05.496 [warning] [Decorations] CAPPING events from decorations provider vscode.git 590
2025-04-10 18:29:11.211 [warning] [Decorations] CAPPING events from decorations provider vscode.git 590
2025-04-10 18:29:26.394 [warning] [Decorations] CAPPING events from decorations provider vscode.git 590
2025-04-10 18:29:32.147 [warning] [Decorations] CAPPING events from decorations provider vscode.git 590
2025-04-10 18:29:37.905 [warning] [Decorations] CAPPING events from decorations provider vscode.git 590
2025-04-10 18:29:51.686 [warning] [Decorations] CAPPING events from decorations provider vscode.git 590
2025-04-10 18:30:54.889 [warning] [Decorations] CAPPING events from decorations provider vscode.git 590
2025-04-10 18:31:06.020 [warning] [Decorations] CAPPING events from decorations provider vscode.git 590
2025-04-10 18:31:15.735 [info] ExtensionService#_doActivateExtension vscode.json-language-features, startup: false, activationEvent: 'onLanguage:jsonc'
2025-04-10 18:31:15.736 [info] ExtensionService#_doActivateExtension vscode.typescript-language-features, startup: false, activationEvent: 'onLanguage:jsonc'
2025-04-10 18:31:18.463 [warning] [Decorations] CAPPING events from decorations provider vscode.git 592
2025-04-10 18:31:24.236 [warning] [Decorations] CAPPING events from decorations provider vscode.git 592
2025-04-10 18:31:30.008 [warning] [Decorations] CAPPING events from decorations provider vscode.git 592
2025-04-10 18:31:35.799 [warning] [Decorations] CAPPING events from decorations provider vscode.git 595
2025-04-10 18:31:41.627 [warning] [Decorations] CAPPING events from decorations provider vscode.git 595
2025-04-10 18:31:55.391 [warning] [Decorations] CAPPING events from decorations provider vscode.git 641
2025-04-10 18:32:53.775 [warning] [Decorations] CAPPING events from decorations provider vscode.git 641
2025-04-10 18:36:17.800 [warning] [Decorations] CAPPING events from decorations provider vscode.git 641
2025-04-10 18:46:57.302 [warning] Using default string since no string found in i18n bundle that has the key: Pick locator
2025-04-10 18:46:57.302 [warning] Using default string since no string found in i18n bundle that has the key: Record new
2025-04-10 18:46:57.303 [warning] Using default string since no string found in i18n bundle that has the key: Record at cursor
2025-04-10 18:46:57.303 [warning] Using default string since no string found in i18n bundle that has the key: Reveal test output
2025-04-10 18:46:57.303 [warning] Using default string since no string found in i18n bundle that has the key: Close all browsers
2025-04-10 18:46:57.303 [warning] Using default string since no string found in i18n bundle that has the key: Run global setup
2025-04-10 18:46:57.303 [warning] Using default string since no string found in i18n bundle that has the key: Run global teardown
2025-04-10 18:46:57.303 [warning] Using default string since no string found in i18n bundle that has the key: Start dev server
2025-04-10 18:46:57.303 [warning] Using default string since no string found in i18n bundle that has the key: Stop dev server
2025-04-10 18:46:57.303 [warning] Using default string since no string found in i18n bundle that has the key: Clear cache
2025-04-10 18:46:57.303 [warning] Using default string since no string found in i18n bundle that has the key: Toggle Playwright Configs
2025-04-10 18:46:59.768 [warning] Using default string since no string found in i18n bundle that has the key: Pick locator
2025-04-10 18:46:59.768 [warning] Using default string since no string found in i18n bundle that has the key: Record new
2025-04-10 18:46:59.768 [warning] Using default string since no string found in i18n bundle that has the key: Record at cursor
2025-04-10 18:46:59.768 [warning] Using default string since no string found in i18n bundle that has the key: Reveal test output
2025-04-10 18:46:59.768 [warning] Using default string since no string found in i18n bundle that has the key: Close all browsers
2025-04-10 18:46:59.768 [warning] Using default string since no string found in i18n bundle that has the key: Run global setup
2025-04-10 18:46:59.768 [warning] Using default string since no string found in i18n bundle that has the key: Run global teardown
2025-04-10 18:46:59.768 [warning] Using default string since no string found in i18n bundle that has the key: Start dev server
2025-04-10 18:46:59.768 [warning] Using default string since no string found in i18n bundle that has the key: Stop dev server
2025-04-10 18:46:59.768 [warning] Using default string since no string found in i18n bundle that has the key: Clear cache
2025-04-10 18:46:59.768 [warning] Using default string since no string found in i18n bundle that has the key: Toggle Playwright Configs
2025-04-10 18:46:59.770 [warning] Using default string since no string found in i18n bundle that has the key: Pick locator
2025-04-10 18:46:59.771 [warning] Using default string since no string found in i18n bundle that has the key: Record new
2025-04-10 18:46:59.771 [warning] Using default string since no string found in i18n bundle that has the key: Record at cursor
2025-04-10 18:46:59.771 [warning] Using default string since no string found in i18n bundle that has the key: Reveal test output
2025-04-10 18:46:59.771 [warning] Using default string since no string found in i18n bundle that has the key: Close all browsers
2025-04-10 18:46:59.771 [warning] Using default string since no string found in i18n bundle that has the key: Run global setup
2025-04-10 18:46:59.771 [warning] Using default string since no string found in i18n bundle that has the key: Run global teardown
2025-04-10 18:46:59.771 [warning] Using default string since no string found in i18n bundle that has the key: Start dev server
2025-04-10 18:46:59.771 [warning] Using default string since no string found in i18n bundle that has the key: Stop dev server
2025-04-10 18:46:59.771 [warning] Using default string since no string found in i18n bundle that has the key: Clear cache
2025-04-10 18:46:59.771 [warning] Using default string since no string found in i18n bundle that has the key: Toggle Playwright Configs
2025-04-10 18:46:59.877 [warning] Using default string since no string found in i18n bundle that has the key: Pick locator
2025-04-10 18:46:59.877 [warning] Using default string since no string found in i18n bundle that has the key: Record new
2025-04-10 18:46:59.877 [warning] Using default string since no string found in i18n bundle that has the key: Record at cursor
2025-04-10 18:46:59.877 [warning] Using default string since no string found in i18n bundle that has the key: Reveal test output
2025-04-10 18:46:59.877 [warning] Using default string since no string found in i18n bundle that has the key: Close all browsers
2025-04-10 18:46:59.877 [warning] Using default string since no string found in i18n bundle that has the key: Run global setup
2025-04-10 18:46:59.877 [warning] Using default string since no string found in i18n bundle that has the key: Run global teardown
2025-04-10 18:46:59.877 [warning] Using default string since no string found in i18n bundle that has the key: Start dev server
2025-04-10 18:46:59.877 [warning] Using default string since no string found in i18n bundle that has the key: Stop dev server
2025-04-10 18:46:59.877 [warning] Using default string since no string found in i18n bundle that has the key: Clear cache
2025-04-10 18:46:59.877 [warning] Using default string since no string found in i18n bundle that has the key: Toggle Playwright Configs
2025-04-10 18:47:00.898 [warning] [Decorations] CAPPING events from decorations provider vscode.git 1178
2025-04-10 18:47:11.889 [warning] [Decorations] CAPPING events from decorations provider vscode.git 1180
2025-04-10 18:48:40.936 [warning] [Decorations] CAPPING events from decorations provider vscode.git 1180
2025-04-10 18:57:22.285 [warning] Using default string since no string found in i18n bundle that has the key: Select Playwright Config
2025-04-10 18:57:22.285 [warning] Using default string since no string found in i18n bundle that has the key: PROJECTS
2025-04-10 18:57:22.285 [warning] Using default string since no string found in i18n bundle that has the key: SETTINGS
2025-04-10 18:57:22.285 [warning] Using default string since no string found in i18n bundle that has the key: When enabled, Playwright will reuse the browser instance between tests. This will disable parallel execution.
2025-04-10 18:57:22.285 [warning] Using default string since no string found in i18n bundle that has the key: Show browser
2025-04-10 18:57:22.285 [warning] Using default string since no string found in i18n bundle that has the key: Show trace viewer
2025-04-10 18:57:22.285 [warning] Using default string since no string found in i18n bundle that has the key: TOOLS
2025-04-10 18:57:22.285 [warning] Using default string since no string found in i18n bundle that has the key: SETUP
2025-04-10 18:57:22.285 [warning] Using default string since no string found in i18n bundle that has the key: Run global setup on each run
2025-04-10 18:57:22.287 [warning] Using default string since no string found in i18n bundle that has the key: Pick locator
2025-04-10 18:57:22.287 [warning] Using default string since no string found in i18n bundle that has the key: Record new
2025-04-10 18:57:22.287 [warning] Using default string since no string found in i18n bundle that has the key: Record at cursor
2025-04-10 18:57:22.287 [warning] Using default string since no string found in i18n bundle that has the key: Reveal test output
2025-04-10 18:57:22.287 [warning] Using default string since no string found in i18n bundle that has the key: Close all browsers
2025-04-10 18:57:22.288 [warning] Using default string since no string found in i18n bundle that has the key: Run global setup
2025-04-10 18:57:22.288 [warning] Using default string since no string found in i18n bundle that has the key: Run global teardown
2025-04-10 18:57:22.288 [warning] Using default string since no string found in i18n bundle that has the key: Start dev server
2025-04-10 18:57:22.288 [warning] Using default string since no string found in i18n bundle that has the key: Stop dev server
2025-04-10 18:57:22.288 [warning] Using default string since no string found in i18n bundle that has the key: Clear cache
2025-04-10 18:57:22.288 [warning] Using default string since no string found in i18n bundle that has the key: Toggle Playwright Configs
2025-04-10 18:57:24.553 [warning] [Decorations] CAPPING events from decorations provider vscode.git 1187
2025-04-10 18:57:30.437 [warning] [Decorations] CAPPING events from decorations provider vscode.git 1187
2025-04-10 18:57:30.458 [warning] Using default string since no string found in i18n bundle that has the key: Pick locator
2025-04-10 18:57:30.459 [warning] Using default string since no string found in i18n bundle that has the key: Record new
2025-04-10 18:57:30.459 [warning] Using default string since no string found in i18n bundle that has the key: Record at cursor
2025-04-10 18:57:30.459 [warning] Using default string since no string found in i18n bundle that has the key: Reveal test output
2025-04-10 18:57:30.459 [warning] Using default string since no string found in i18n bundle that has the key: Close all browsers
2025-04-10 18:57:30.459 [warning] Using default string since no string found in i18n bundle that has the key: Run global setup
2025-04-10 18:57:30.459 [warning] Using default string since no string found in i18n bundle that has the key: Run global teardown
2025-04-10 18:57:30.459 [warning] Using default string since no string found in i18n bundle that has the key: Start dev server
2025-04-10 18:57:30.459 [warning] Using default string since no string found in i18n bundle that has the key: Stop dev server
2025-04-10 18:57:30.459 [warning] Using default string since no string found in i18n bundle that has the key: Clear cache
2025-04-10 18:57:30.459 [warning] Using default string since no string found in i18n bundle that has the key: Toggle Playwright Configs
2025-04-10 18:57:36.291 [warning] [Decorations] CAPPING events from decorations provider vscode.git 1187
2025-04-10 18:57:38.122 [warning] Using default string since no string found in i18n bundle that has the key: Pick locator
2025-04-10 18:57:38.123 [warning] Using default string since no string found in i18n bundle that has the key: Record new
2025-04-10 18:57:38.123 [warning] Using default string since no string found in i18n bundle that has the key: Record at cursor
2025-04-10 18:57:38.123 [warning] Using default string since no string found in i18n bundle that has the key: Reveal test output
2025-04-10 18:57:38.123 [warning] Using default string since no string found in i18n bundle that has the key: Close all browsers
2025-04-10 18:57:38.123 [warning] Using default string since no string found in i18n bundle that has the key: Run global setup
2025-04-10 18:57:38.123 [warning] Using default string since no string found in i18n bundle that has the key: Run global teardown
2025-04-10 18:57:38.123 [warning] Using default string since no string found in i18n bundle that has the key: Start dev server
2025-04-10 18:57:38.123 [warning] Using default string since no string found in i18n bundle that has the key: Stop dev server
2025-04-10 18:57:38.123 [warning] Using default string since no string found in i18n bundle that has the key: Clear cache
2025-04-10 18:57:38.123 [warning] Using default string since no string found in i18n bundle that has the key: Toggle Playwright Configs
2025-04-10 18:57:42.223 [warning] [Decorations] CAPPING events from decorations provider vscode.git 1188
2025-04-10 18:57:45.708 [warning] Using default string since no string found in i18n bundle that has the key: this feature
2025-04-10 18:57:46.255 [warning] Using default string since no string found in i18n bundle that has the key: Pick locator
2025-04-10 18:57:46.255 [warning] Using default string since no string found in i18n bundle that has the key: Record new
2025-04-10 18:57:46.255 [warning] Using default string since no string found in i18n bundle that has the key: Record at cursor
2025-04-10 18:57:46.255 [warning] Using default string since no string found in i18n bundle that has the key: Reveal test output
2025-04-10 18:57:46.255 [warning] Using default string since no string found in i18n bundle that has the key: Close all browsers
2025-04-10 18:57:46.255 [warning] Using default string since no string found in i18n bundle that has the key: Run global setup
2025-04-10 18:57:46.255 [warning] Using default string since no string found in i18n bundle that has the key: Run global teardown
2025-04-10 18:57:46.255 [warning] Using default string since no string found in i18n bundle that has the key: Start dev server
2025-04-10 18:57:46.255 [warning] Using default string since no string found in i18n bundle that has the key: Stop dev server
2025-04-10 18:57:46.255 [warning] Using default string since no string found in i18n bundle that has the key: Clear cache
2025-04-10 18:57:46.255 [warning] Using default string since no string found in i18n bundle that has the key: Toggle Playwright Configs
2025-04-10 18:57:49.257 [warning] [Decorations] CAPPING events from decorations provider vscode.git 1190
2025-04-10 18:57:51.245 [warning] Using default string since no string found in i18n bundle that has the key: Pick locator
2025-04-10 18:57:51.245 [warning] Using default string since no string found in i18n bundle that has the key: Record new
2025-04-10 18:57:51.245 [warning] Using default string since no string found in i18n bundle that has the key: Record at cursor
2025-04-10 18:57:51.245 [warning] Using default string since no string found in i18n bundle that has the key: Reveal test output
2025-04-10 18:57:51.245 [warning] Using default string since no string found in i18n bundle that has the key: Close all browsers
2025-04-10 18:57:51.245 [warning] Using default string since no string found in i18n bundle that has the key: Run global setup
2025-04-10 18:57:51.245 [warning] Using default string since no string found in i18n bundle that has the key: Run global teardown
2025-04-10 18:57:51.245 [warning] Using default string since no string found in i18n bundle that has the key: Start dev server
2025-04-10 18:57:51.245 [warning] Using default string since no string found in i18n bundle that has the key: Stop dev server
2025-04-10 18:57:51.245 [warning] Using default string since no string found in i18n bundle that has the key: Clear cache
2025-04-10 18:57:51.245 [warning] Using default string since no string found in i18n bundle that has the key: Toggle Playwright Configs
2025-04-10 18:57:52.084 [warning] Using default string since no string found in i18n bundle that has the key: Pick locator
2025-04-10 18:57:52.085 [warning] Using default string since no string found in i18n bundle that has the key: Record new
2025-04-10 18:57:52.085 [warning] Using default string since no string found in i18n bundle that has the key: Record at cursor
2025-04-10 18:57:52.085 [warning] Using default string since no string found in i18n bundle that has the key: Reveal test output
2025-04-10 18:57:52.085 [warning] Using default string since no string found in i18n bundle that has the key: Close all browsers
2025-04-10 18:57:52.085 [warning] Using default string since no string found in i18n bundle that has the key: Run global setup
2025-04-10 18:57:52.085 [warning] Using default string since no string found in i18n bundle that has the key: Run global teardown
2025-04-10 18:57:52.085 [warning] Using default string since no string found in i18n bundle that has the key: Start dev server
2025-04-10 18:57:52.085 [warning] Using default string since no string found in i18n bundle that has the key: Stop dev server
2025-04-10 18:57:52.085 [warning] Using default string since no string found in i18n bundle that has the key: Clear cache
2025-04-10 18:57:52.086 [warning] Using default string since no string found in i18n bundle that has the key: Toggle Playwright Configs
2025-04-10 18:57:57.342 [warning] [Decorations] CAPPING events from decorations provider vscode.git 1344
2025-04-10 18:58:34.475 [warning] [Decorations] CAPPING events from decorations provider vscode.git 1351
2025-04-10 18:58:40.379 [warning] [Decorations] CAPPING events from decorations provider vscode.git 1350
2025-04-10 18:58:46.600 [warning] [Decorations] CAPPING events from decorations provider vscode.git 1353
2025-04-10 18:58:47.787 [warning] Using default string since no string found in i18n bundle that has the key: Pick locator
2025-04-10 18:58:47.787 [warning] Using default string since no string found in i18n bundle that has the key: Record new
2025-04-10 18:58:47.787 [warning] Using default string since no string found in i18n bundle that has the key: Record at cursor
2025-04-10 18:58:47.787 [warning] Using default string since no string found in i18n bundle that has the key: Reveal test output
2025-04-10 18:58:47.787 [warning] Using default string since no string found in i18n bundle that has the key: Close all browsers
2025-04-10 18:58:47.787 [warning] Using default string since no string found in i18n bundle that has the key: Run global setup
2025-04-10 18:58:47.788 [warning] Using default string since no string found in i18n bundle that has the key: Run global teardown
2025-04-10 18:58:47.788 [warning] Using default string since no string found in i18n bundle that has the key: Start dev server
2025-04-10 18:58:47.788 [warning] Using default string since no string found in i18n bundle that has the key: Stop dev server
2025-04-10 18:58:47.788 [warning] Using default string since no string found in i18n bundle that has the key: Clear cache
2025-04-10 18:58:47.788 [warning] Using default string since no string found in i18n bundle that has the key: Toggle Playwright Configs
2025-04-10 18:58:52.658 [warning] [Decorations] CAPPING events from decorations provider vscode.git 1383
2025-04-10 18:58:56.267 [warning] Using default string since no string found in i18n bundle that has the key: Pick locator
2025-04-10 18:58:56.267 [warning] Using default string since no string found in i18n bundle that has the key: Record new
2025-04-10 18:58:56.268 [warning] Using default string since no string found in i18n bundle that has the key: Record at cursor
2025-04-10 18:58:56.268 [warning] Using default string since no string found in i18n bundle that has the key: Reveal test output
2025-04-10 18:58:56.268 [warning] Using default string since no string found in i18n bundle that has the key: Close all browsers
2025-04-10 18:58:56.268 [warning] Using default string since no string found in i18n bundle that has the key: Run global setup
2025-04-10 18:58:56.268 [warning] Using default string since no string found in i18n bundle that has the key: Run global teardown
2025-04-10 18:58:56.268 [warning] Using default string since no string found in i18n bundle that has the key: Start dev server
2025-04-10 18:58:56.268 [warning] Using default string since no string found in i18n bundle that has the key: Stop dev server
2025-04-10 18:58:56.268 [warning] Using default string since no string found in i18n bundle that has the key: Clear cache
2025-04-10 18:58:56.268 [warning] Using default string since no string found in i18n bundle that has the key: Toggle Playwright Configs
2025-04-10 18:58:58.038 [warning] Using default string since no string found in i18n bundle that has the key: Pick locator
2025-04-10 18:58:58.039 [warning] Using default string since no string found in i18n bundle that has the key: Record new
2025-04-10 18:58:58.039 [warning] Using default string since no string found in i18n bundle that has the key: Record at cursor
2025-04-10 18:58:58.039 [warning] Using default string since no string found in i18n bundle that has the key: Reveal test output
2025-04-10 18:58:58.039 [warning] Using default string since no string found in i18n bundle that has the key: Close all browsers
2025-04-10 18:58:58.039 [warning] Using default string since no string found in i18n bundle that has the key: Run global setup
2025-04-10 18:58:58.039 [warning] Using default string since no string found in i18n bundle that has the key: Run global teardown
2025-04-10 18:58:58.039 [warning] Using default string since no string found in i18n bundle that has the key: Start dev server
2025-04-10 18:58:58.039 [warning] Using default string since no string found in i18n bundle that has the key: Stop dev server
2025-04-10 18:58:58.039 [warning] Using default string since no string found in i18n bundle that has the key: Clear cache
2025-04-10 18:58:58.039 [warning] Using default string since no string found in i18n bundle that has the key: Toggle Playwright Configs
2025-04-10 18:59:05.546 [warning] Using default string since no string found in i18n bundle that has the key: Pick locator
2025-04-10 18:59:05.546 [warning] Using default string since no string found in i18n bundle that has the key: Record new
2025-04-10 18:59:05.546 [warning] Using default string since no string found in i18n bundle that has the key: Record at cursor
2025-04-10 18:59:05.546 [warning] Using default string since no string found in i18n bundle that has the key: Reveal test output
2025-04-10 18:59:05.546 [warning] Using default string since no string found in i18n bundle that has the key: Close all browsers
2025-04-10 18:59:05.546 [warning] Using default string since no string found in i18n bundle that has the key: Run global setup
2025-04-10 18:59:05.546 [warning] Using default string since no string found in i18n bundle that has the key: Run global teardown
2025-04-10 18:59:05.546 [warning] Using default string since no string found in i18n bundle that has the key: Start dev server
2025-04-10 18:59:05.547 [warning] Using default string since no string found in i18n bundle that has the key: Stop dev server
2025-04-10 18:59:05.548 [warning] Using default string since no string found in i18n bundle that has the key: Clear cache
2025-04-10 18:59:05.548 [warning] Using default string since no string found in i18n bundle that has the key: Toggle Playwright Configs
2025-04-10 18:59:07.447 [warning] [Decorations] CAPPING events from decorations provider vscode.git 1386
2025-04-10 18:59:12.412 [info] Extension host terminating: renderer closed the MessagePort
2025-04-10 18:59:12.601 [error] Canceled: Canceled
	at new O (c:\Users\kabu_server\AppData\Local\Programs\Microsoft VS Code\resources\app\out\vs\workbench\api\node\extensionHostProcess.js:142:46998)
	at u.U (c:\Users\kabu_server\AppData\Local\Programs\Microsoft VS Code\resources\app\out\vs\workbench\api\node\extensionHostProcess.js:149:5539)
	at F.<computed>.T.charCodeAt.F.<computed> (c:\Users\kabu_server\AppData\Local\Programs\Microsoft VS Code\resources\app\out\vs\workbench\api\node\extensionHostProcess.js:149:2993)
	at d.g (c:\Users\kabu_server\AppData\Local\Programs\Microsoft VS Code\resources\app\out\vs\workbench\api\node\extensionHostProcess.js:152:186335)
	at d.executeCommand (c:\Users\kabu_server\AppData\Local\Programs\Microsoft VS Code\resources\app\out\vs\workbench\api\node\extensionHostProcess.js:152:185773)
	at E.registerCommand.description (c:\Users\kabu_server\AppData\Local\Programs\Microsoft VS Code\resources\app\out\vs\workbench\api\node\extensionHostProcess.js:152:185097)
	at d.h (c:\Users\kabu_server\AppData\Local\Programs\Microsoft VS Code\resources\app\out\vs\workbench\api\node\extensionHostProcess.js:152:186874)
	at d.g (c:\Users\kabu_server\AppData\Local\Programs\Microsoft VS Code\resources\app\out\vs\workbench\api\node\extensionHostProcess.js:152:185866)
	at d.executeCommand (c:\Users\kabu_server\AppData\Local\Programs\Microsoft VS Code\resources\app\out\vs\workbench\api\node\extensionHostProcess.js:152:185773)
	at Object.executeCommand (c:\Users\kabu_server\AppData\Local\Programs\Microsoft VS Code\resources\app\out\vs\workbench\api\node\extensionHostProcess.js:162:22785)
	at o.O [as value] (c:\Users\kabu_server\AppData\Local\Programs\Microsoft VS Code\resources\app\extensions\git\dist\main.js:2:945802)
	at s.y (c:\Users\kabu_server\AppData\Local\Programs\Microsoft VS Code\resources\app\out\vs\workbench\api\node\extensionHostProcess.js:82:659)
	at s.z (c:\Users\kabu_server\AppData\Local\Programs\Microsoft VS Code\resources\app\out\vs\workbench\api\node\extensionHostProcess.js:82:729)
	at s.fire (c:\Users\kabu_server\AppData\Local\Programs\Microsoft VS Code\resources\app\out\vs\workbench\api\node\extensionHostProcess.js:82:945)
	at Object.m [as dispose] (c:\Users\kabu_server\AppData\Local\Programs\Microsoft VS Code\resources\app\extensions\git\dist\main.js:2:964886)
	at c:\Users\kabu_server\AppData\Local\Programs\Microsoft VS Code\resources\app\extensions\git\dist\main.js:2:970920
	at Array.forEach (<anonymous>)
	at f.dispose (c:\Users\kabu_server\AppData\Local\Programs\Microsoft VS Code\resources\app\extensions\git\dist\main.js:2:970906)
	at a.<anonymous> (c:\Users\kabu_server\AppData\Local\Programs\Microsoft VS Code\resources\app\out\vs\workbench\api\node\extensionHostProcess.js:150:3830)
	at a.dispose (c:\Users\kabu_server\AppData\Local\Programs\Microsoft VS Code\resources\app\out\vs\workbench\api\node\extensionHostProcess.js:150:3927)
	at a.<anonymous> (c:\Users\kabu_server\AppData\Local\Programs\Microsoft VS Code\resources\app\extensions\git\dist\main.js:2:948059)
	at a.dispose (c:\Users\kabu_server\AppData\Local\Programs\Microsoft VS Code\resources\app\out\vs\workbench\api\node\extensionHostProcess.js:150:3927)
	at o (c:\Users\kabu_server\AppData\Local\Programs\Microsoft VS Code\resources\app\out\vs\workbench\api\node\extensionHostProcess.js:30:714)
	at m.eb (c:\Users\kabu_server\AppData\Local\Programs\Microsoft VS Code\resources\app\out\vs\workbench\api\node\extensionHostProcess.js:158:9967)
	at c:\Users\kabu_server\AppData\Local\Programs\Microsoft VS Code\resources\app\out\vs\workbench\api\node\extensionHostProcess.js:158:7816
	at Array.map (<anonymous>)
	at m.$ (c:\Users\kabu_server\AppData\Local\Programs\Microsoft VS Code\resources\app\out\vs\workbench\api\node\extensionHostProcess.js:158:7803)
	at m.terminate (c:\Users\kabu_server\AppData\Local\Programs\Microsoft VS Code\resources\app\out\vs\workbench\api\node\extensionHostProcess.js:158:8077)
	at o.terminate (c:\Users\kabu_server\AppData\Local\Programs\Microsoft VS Code\resources\app\out\vs\workbench\api\node\extensionHostProcess.js:162:1513)
	at t (c:\Users\kabu_server\AppData\Local\Programs\Microsoft VS Code\resources\app\out\vs\workbench\api\node\extensionHostProcess.js:175:9917)
	at MessagePortMain.<anonymous> (c:\Users\kabu_server\AppData\Local\Programs\Microsoft VS Code\resources\app\out\vs\workbench\api\node\extensionHostProcess.js:175:6342)
	at MessagePortMain.emit (node:events:517:28)
	at MessagePortMain._internalPort.emit (node:electron/js2c/utility_init:2:2285) setContext undefined
2025-04-10 18:59:12.601 [error] Canceled: Canceled
	at new O (c:\Users\kabu_server\AppData\Local\Programs\Microsoft VS Code\resources\app\out\vs\workbench\api\node\extensionHostProcess.js:142:46998)
	at u.U (c:\Users\kabu_server\AppData\Local\Programs\Microsoft VS Code\resources\app\out\vs\workbench\api\node\extensionHostProcess.js:149:5539)
	at F.<computed>.T.charCodeAt.F.<computed> (c:\Users\kabu_server\AppData\Local\Programs\Microsoft VS Code\resources\app\out\vs\workbench\api\node\extensionHostProcess.js:149:2993)
	at d.g (c:\Users\kabu_server\AppData\Local\Programs\Microsoft VS Code\resources\app\out\vs\workbench\api\node\extensionHostProcess.js:152:186335)
	at d.executeCommand (c:\Users\kabu_server\AppData\Local\Programs\Microsoft VS Code\resources\app\out\vs\workbench\api\node\extensionHostProcess.js:152:185773)
	at E.registerCommand.description (c:\Users\kabu_server\AppData\Local\Programs\Microsoft VS Code\resources\app\out\vs\workbench\api\node\extensionHostProcess.js:152:185097)
	at d.h (c:\Users\kabu_server\AppData\Local\Programs\Microsoft VS Code\resources\app\out\vs\workbench\api\node\extensionHostProcess.js:152:186874)
	at d.g (c:\Users\kabu_server\AppData\Local\Programs\Microsoft VS Code\resources\app\out\vs\workbench\api\node\extensionHostProcess.js:152:185866)
	at d.executeCommand (c:\Users\kabu_server\AppData\Local\Programs\Microsoft VS Code\resources\app\out\vs\workbench\api\node\extensionHostProcess.js:152:185773)
	at Object.executeCommand (c:\Users\kabu_server\AppData\Local\Programs\Microsoft VS Code\resources\app\out\vs\workbench\api\node\extensionHostProcess.js:162:22785)
	at o.O [as value] (c:\Users\kabu_server\AppData\Local\Programs\Microsoft VS Code\resources\app\extensions\git\dist\main.js:2:945802)
	at s.y (c:\Users\kabu_server\AppData\Local\Programs\Microsoft VS Code\resources\app\out\vs\workbench\api\node\extensionHostProcess.js:82:659)
	at s.z (c:\Users\kabu_server\AppData\Local\Programs\Microsoft VS Code\resources\app\out\vs\workbench\api\node\extensionHostProcess.js:82:729)
	at s.fire (c:\Users\kabu_server\AppData\Local\Programs\Microsoft VS Code\resources\app\out\vs\workbench\api\node\extensionHostProcess.js:82:945)
	at Object.m [as dispose] (c:\Users\kabu_server\AppData\Local\Programs\Microsoft VS Code\resources\app\extensions\git\dist\main.js:2:964886)
	at c:\Users\kabu_server\AppData\Local\Programs\Microsoft VS Code\resources\app\extensions\git\dist\main.js:2:970920
	at Array.forEach (<anonymous>)
	at f.dispose (c:\Users\kabu_server\AppData\Local\Programs\Microsoft VS Code\resources\app\extensions\git\dist\main.js:2:970906)
	at a.<anonymous> (c:\Users\kabu_server\AppData\Local\Programs\Microsoft VS Code\resources\app\out\vs\workbench\api\node\extensionHostProcess.js:150:3830)
	at a.dispose (c:\Users\kabu_server\AppData\Local\Programs\Microsoft VS Code\resources\app\out\vs\workbench\api\node\extensionHostProcess.js:150:3927)
	at a.<anonymous> (c:\Users\kabu_server\AppData\Local\Programs\Microsoft VS Code\resources\app\extensions\git\dist\main.js:2:948059)
	at a.dispose (c:\Users\kabu_server\AppData\Local\Programs\Microsoft VS Code\resources\app\out\vs\workbench\api\node\extensionHostProcess.js:150:3927)
	at o (c:\Users\kabu_server\AppData\Local\Programs\Microsoft VS Code\resources\app\out\vs\workbench\api\node\extensionHostProcess.js:30:714)
	at m.eb (c:\Users\kabu_server\AppData\Local\Programs\Microsoft VS Code\resources\app\out\vs\workbench\api\node\extensionHostProcess.js:158:9967)
	at c:\Users\kabu_server\AppData\Local\Programs\Microsoft VS Code\resources\app\out\vs\workbench\api\node\extensionHostProcess.js:158:7816
	at Array.map (<anonymous>)
	at m.$ (c:\Users\kabu_server\AppData\Local\Programs\Microsoft VS Code\resources\app\out\vs\workbench\api\node\extensionHostProcess.js:158:7803)
	at m.terminate (c:\Users\kabu_server\AppData\Local\Programs\Microsoft VS Code\resources\app\out\vs\workbench\api\node\extensionHostProcess.js:158:8077)
	at o.terminate (c:\Users\kabu_server\AppData\Local\Programs\Microsoft VS Code\resources\app\out\vs\workbench\api\node\extensionHostProcess.js:162:1513)
	at t (c:\Users\kabu_server\AppData\Local\Programs\Microsoft VS Code\resources\app\out\vs\workbench\api\node\extensionHostProcess.js:175:9917)
	at MessagePortMain.<anonymous> (c:\Users\kabu_server\AppData\Local\Programs\Microsoft VS Code\resources\app\out\vs\workbench\api\node\extensionHostProcess.js:175:6342)
	at MessagePortMain.emit (node:events:517:28)
	at MessagePortMain._internalPort.emit (node:electron/js2c/utility_init:2:2285) setContext undefined
2025-04-10 18:59:12.603 [error] Canceled: Canceled
	at new O (c:\Users\kabu_server\AppData\Local\Programs\Microsoft VS Code\resources\app\out\vs\workbench\api\node\extensionHostProcess.js:142:46998)
	at u.U (c:\Users\kabu_server\AppData\Local\Programs\Microsoft VS Code\resources\app\out\vs\workbench\api\node\extensionHostProcess.js:149:5539)
	at F.<computed>.T.charCodeAt.F.<computed> (c:\Users\kabu_server\AppData\Local\Programs\Microsoft VS Code\resources\app\out\vs\workbench\api\node\extensionHostProcess.js:149:2993)
	at d.g (c:\Users\kabu_server\AppData\Local\Programs\Microsoft VS Code\resources\app\out\vs\workbench\api\node\extensionHostProcess.js:152:186335)
	at d.executeCommand (c:\Users\kabu_server\AppData\Local\Programs\Microsoft VS Code\resources\app\out\vs\workbench\api\node\extensionHostProcess.js:152:185773)
	at E.registerCommand.description (c:\Users\kabu_server\AppData\Local\Programs\Microsoft VS Code\resources\app\out\vs\workbench\api\node\extensionHostProcess.js:152:185097)
	at d.h (c:\Users\kabu_server\AppData\Local\Programs\Microsoft VS Code\resources\app\out\vs\workbench\api\node\extensionHostProcess.js:152:186874)
	at d.g (c:\Users\kabu_server\AppData\Local\Programs\Microsoft VS Code\resources\app\out\vs\workbench\api\node\extensionHostProcess.js:152:185866)
	at d.executeCommand (c:\Users\kabu_server\AppData\Local\Programs\Microsoft VS Code\resources\app\out\vs\workbench\api\node\extensionHostProcess.js:152:185773)
	at Object.executeCommand (c:\Users\kabu_server\AppData\Local\Programs\Microsoft VS Code\resources\app\out\vs\workbench\api\node\extensionHostProcess.js:162:22785)
	at set hasGitHubRepositories [as hasGitHubRepositories] (c:\Users\kabu_server\AppData\Local\Programs\Microsoft VS Code\resources\app\extensions\github\dist\extension.js:2:324866)
	at c:\Users\kabu_server\AppData\Local\Programs\Microsoft VS Code\resources\app\extensions\github\dist\extension.js:2:325825
	at o.value (c:\Users\kabu_server\AppData\Local\Programs\Microsoft VS Code\resources\app\extensions\git\dist\main.js:2:1051703)
	at s.y (c:\Users\kabu_server\AppData\Local\Programs\Microsoft VS Code\resources\app\out\vs\workbench\api\node\extensionHostProcess.js:82:659)
	at s.z (c:\Users\kabu_server\AppData\Local\Programs\Microsoft VS Code\resources\app\out\vs\workbench\api\node\extensionHostProcess.js:82:729)
	at s.fire (c:\Users\kabu_server\AppData\Local\Programs\Microsoft VS Code\resources\app\out\vs\workbench\api\node\extensionHostProcess.js:82:945)
	at Object.m [as dispose] (c:\Users\kabu_server\AppData\Local\Programs\Microsoft VS Code\resources\app\extensions\git\dist\main.js:2:964886)
	at c:\Users\kabu_server\AppData\Local\Programs\Microsoft VS Code\resources\app\extensions\git\dist\main.js:2:970920
	at Array.forEach (<anonymous>)
	at f.dispose (c:\Users\kabu_server\AppData\Local\Programs\Microsoft VS Code\resources\app\extensions\git\dist\main.js:2:970906)
	at a.<anonymous> (c:\Users\kabu_server\AppData\Local\Programs\Microsoft VS Code\resources\app\out\vs\workbench\api\node\extensionHostProcess.js:150:3830)
	at a.dispose (c:\Users\kabu_server\AppData\Local\Programs\Microsoft VS Code\resources\app\out\vs\workbench\api\node\extensionHostProcess.js:150:3927)
	at a.<anonymous> (c:\Users\kabu_server\AppData\Local\Programs\Microsoft VS Code\resources\app\extensions\git\dist\main.js:2:948059)
	at a.dispose (c:\Users\kabu_server\AppData\Local\Programs\Microsoft VS Code\resources\app\out\vs\workbench\api\node\extensionHostProcess.js:150:3927)
	at o (c:\Users\kabu_server\AppData\Local\Programs\Microsoft VS Code\resources\app\out\vs\workbench\api\node\extensionHostProcess.js:30:714)
	at m.eb (c:\Users\kabu_server\AppData\Local\Programs\Microsoft VS Code\resources\app\out\vs\workbench\api\node\extensionHostProcess.js:158:9967)
	at c:\Users\kabu_server\AppData\Local\Programs\Microsoft VS Code\resources\app\out\vs\workbench\api\node\extensionHostProcess.js:158:7816
	at Array.map (<anonymous>)
	at m.$ (c:\Users\kabu_server\AppData\Local\Programs\Microsoft VS Code\resources\app\out\vs\workbench\api\node\extensionHostProcess.js:158:7803)
	at m.terminate (c:\Users\kabu_server\AppData\Local\Programs\Microsoft VS Code\resources\app\out\vs\workbench\api\node\extensionHostProcess.js:158:8077)
	at o.terminate (c:\Users\kabu_server\AppData\Local\Programs\Microsoft VS Code\resources\app\out\vs\workbench\api\node\extensionHostProcess.js:162:1513)
	at t (c:\Users\kabu_server\AppData\Local\Programs\Microsoft VS Code\resources\app\out\vs\workbench\api\node\extensionHostProcess.js:175:9917)
	at MessagePortMain.<anonymous> (c:\Users\kabu_server\AppData\Local\Programs\Microsoft VS Code\resources\app\out\vs\workbench\api\node\extensionHostProcess.js:175:6342)
	at MessagePortMain.emit (node:events:517:28)
	at MessagePortMain._internalPort.emit (node:electron/js2c/utility_init:2:2285) setContext undefined
2025-04-10 18:59:12.604 [error] Canceled: Canceled
	at new O (c:\Users\kabu_server\AppData\Local\Programs\Microsoft VS Code\resources\app\out\vs\workbench\api\node\extensionHostProcess.js:142:46998)
	at u.U (c:\Users\kabu_server\AppData\Local\Programs\Microsoft VS Code\resources\app\out\vs\workbench\api\node\extensionHostProcess.js:149:5539)
	at F.<computed>.T.charCodeAt.F.<computed> (c:\Users\kabu_server\AppData\Local\Programs\Microsoft VS Code\resources\app\out\vs\workbench\api\node\extensionHostProcess.js:149:2993)
	at A.setValue (c:\Users\kabu_server\AppData\Local\Programs\Microsoft VS Code\resources\app\out\vs\workbench\api\node\extensionHostProcess.js:144:8994)
	at c:\Users\kabu_server\AppData\Local\Programs\Microsoft VS Code\resources\app\out\vs\workbench\api\node\extensionHostProcess.js:137:27799
	at N.a (c:\Users\kabu_server\AppData\Local\Programs\Microsoft VS Code\resources\app\out\vs\workbench\api\node\extensionHostProcess.js:137:27917)
	at N.h (c:\Users\kabu_server\AppData\Local\Programs\Microsoft VS Code\resources\app\out\vs\workbench\api\node\extensionHostProcess.js:99:20014)
	at N.g (c:\Users\kabu_server\AppData\Local\Programs\Microsoft VS Code\resources\app\out\vs\workbench\api\node\extensionHostProcess.js:99:19998)
	at listOnTimeout (node:internal/timers:569:17)
	at process.processTimers (node:internal/timers:512:7)
2025-04-10 18:59:12.609 [info] Extension host with pid 14504 exiting with code 0
