0 verbose cli C:\Users\kabu_server\000_work\py3123\node-v22.14.0-win-x64\node.exe C:\Users\kabu_server\000_work\py3123\node-v22.14.0-win-x64\node_modules\npm\bin\npm-cli.js
1 info using npm@10.9.2
2 info using node@v22.14.0
3 silly config load:file:C:\Users\kabu_server\000_work\py3123\node-v22.14.0-win-x64\node_modules\npm\npmrc
4 silly config load:file:C:\Users\kabu_server\000_work\py3123\'--'\.npmrc
5 silly config load:file:C:\Users\kabu_server\000_work\py3123\_local_env\userprofile\.npmrc
6 silly config load:file:C:\Users\kabu_server\000_work\py3123\node-v22.14.0-win-x64\etc\npmrc
7 verbose title npm init
8 verbose argv "init" "--yes"
9 verbose logfile logs-max:10 dir:C:\Users\kabu_server\000_work\py3123\_local_env\localappdata\npm-cache\_logs\2025-04-10T09_46_45_246Z-
10 verbose logfile C:\Users\kabu_server\000_work\py3123\_local_env\localappdata\npm-cache\_logs\2025-04-10T09_46_45_246Z-debug-0.log
11 silly logfile start cleaning logs, removing 1 files
12 silly logfile done cleaning log files
13 silly package data {
13 silly package data   name: "'--'",
13 silly package data   version: '1.0.0',
13 silly package data   main: 'index.js',
13 silly package data   scripts: { test: 'echo "Error: no test specified" && exit 1' },
13 silly package data   keywords: [],
13 silly package data   author: '',
13 silly package data   license: 'ISC',
13 silly package data   description: ''
13 silly package data }
14 verbose cwd C:\Users\kabu_server\000_work\py3123\'--'
15 verbose os Windows_NT 10.0.26100
16 verbose node v22.14.0
17 verbose npm  v10.9.2
18 verbose exit 0
19 info ok
