2025-04-10 19:37:39.980 [info] ログ レベル: Info
2025-04-10 19:37:39.981 [info] Git の検証が検出されました: "C:\Program Files\Git\cmd\git.exe"
2025-04-10 19:37:40.148 [info] "C:\Program Files\Git\cmd\git.exe" から Git "2.41.0.windows.3" を使用しています
2025-04-10 19:37:40.524 [info] > git rev-parse --show-toplevel [343ms]
2025-04-10 19:37:41.000 [info] > git rev-parse --git-dir --git-common-dir [284ms]
2025-04-10 19:37:41.011 [info] Open repository: c:\Users\kabu_server\000_work\py3123
2025-04-10 19:37:41.718 [info] > git for-each-ref --format=%(refname)%00%(upstream:short)%00%(objectname)%00%(upstream:track)%00%(upstream:remotename)%00%(upstream:remoteref) --ignore-case refs/heads/master refs/remotes/master [679ms]
2025-04-10 19:37:41.719 [info] > git rev-parse --show-toplevel [689ms]
2025-04-10 19:37:41.806 [info] > git config --get commit.template [782ms]
2025-04-10 19:37:41.980 [info] > git rev-parse --show-toplevel [255ms]
2025-04-10 19:37:42.488 [info] > git rev-parse --show-toplevel [501ms]
2025-04-10 19:37:42.533 [info] > git check-ignore -v -z --stdin [894ms]
2025-04-10 19:37:42.712 [info] > git rev-parse --show-toplevel [218ms]
2025-04-10 19:37:42.885 [info] > git rev-parse --show-toplevel [166ms]
2025-04-10 19:37:43.063 [info] > git rev-parse --show-toplevel [172ms]
2025-04-10 19:37:43.224 [info] > git rev-parse --git-dir --git-common-dir [155ms]
2025-04-10 19:37:43.232 [info] Open repository: c:\Users\kabu_server\000_work\py3123\markitdown
2025-04-10 19:37:43.424 [info] > git status -z -uall [1599ms]
2025-04-10 19:37:43.530 [info] > git rev-parse --show-toplevel [285ms]
2025-04-10 19:37:44.192 [info] > git for-each-ref --format=%(refname)%00%(upstream:short)%00%(objectname)%00%(upstream:track)%00%(upstream:remotename)%00%(upstream:remoteref) --ignore-case refs/heads/main refs/remotes/main [937ms]
2025-04-10 19:37:44.196 [info] > git config --get commit.template [667ms]
2025-04-10 19:37:44.196 [info] > git merge-base refs/heads/master refs/remotes/origin/master [752ms]
2025-04-10 19:37:44.205 [info] > git config --get commit.template [965ms]
2025-04-10 19:37:44.264 [warning] ENOENT: no such file or directory, open 'c:\Users\kabu_server\000_work\py3123\markitdown\.git\refs\remotes\origin\main'
2025-04-10 19:37:44.680 [info] > git rev-parse --show-toplevel [487ms]
2025-04-10 19:37:44.786 [info] > git rev-parse refs/remotes/origin/main [522ms]
2025-04-10 19:37:44.805 [info] > git check-ignore -v -z --stdin [550ms]
2025-04-10 19:37:44.807 [info] > git for-each-ref --format=%(refname)%00%(upstream:short)%00%(objectname)%00%(upstream:track)%00%(upstream:remotename)%00%(upstream:remoteref) --ignore-case refs/heads/master refs/remotes/master [536ms]
2025-04-10 19:37:44.807 [info] > git -c core.longpaths=true rev-list --count --left-right refs/heads/master...refs/remotes/origin/master [602ms]
2025-04-10 19:37:45.023 [info] > git rev-parse --show-toplevel [338ms]
2025-04-10 19:37:45.134 [info] > git check-ignore -v -z --stdin [887ms]
2025-04-10 19:37:45.157 [info] > git diff --name-status -z --diff-filter=ADMR 3822ec16c6f994bf7e92c78d5ef1b93a207e03b1...refs/remotes/origin/master [343ms]
2025-04-10 19:37:45.172 [info] > git status -z -uall [367ms]
2025-04-10 19:37:45.665 [info] > git ls-files --stage -- C:\Users\kabu_server\000_work\py3123\python3123\tests\test-1.spec.ts [625ms]
2025-04-10 19:37:45.691 [info] > git show --textconv :python3123/tests/test-1.spec.ts [658ms]
2025-04-10 19:37:45.910 [info] > git merge-base refs/heads/main refs/remotes/origin/main [729ms]
2025-04-10 19:37:45.918 [info] > git config --get commit.template [727ms]
2025-04-10 19:37:45.961 [info] > git for-each-ref --format=%(refname)%00%(upstream:short)%00%(objectname)%00%(upstream:track)%00%(upstream:remotename)%00%(upstream:remoteref) --ignore-case refs/heads/main refs/remotes/main [764ms]
2025-04-10 19:37:45.966 [warning] ENOENT: no such file or directory, open 'c:\Users\kabu_server\000_work\py3123\markitdown\.git\refs\remotes\origin\main'
2025-04-10 19:37:46.366 [info] > git -c core.longpaths=true rev-list --count --left-right refs/heads/main...refs/remotes/origin/main [449ms]
2025-04-10 19:37:46.437 [info] > git rev-parse refs/remotes/origin/main [471ms]
2025-04-10 19:37:46.821 [info] > git diff --name-status -z --diff-filter=ADMR 3fcd48cdfc651cbf508071c8d2fb7d82aeb075de...refs/remotes/origin/main [448ms]
2025-04-10 19:37:46.904 [info] > git status -z -uall [462ms]
2025-04-10 19:37:47.002 [info] > git status -z -uall [2167ms]
2025-04-10 19:37:48.660 [info] > git config --get commit.template [86ms]
2025-04-10 19:37:48.671 [info] > git for-each-ref --format=%(refname)%00%(upstream:short)%00%(objectname)%00%(upstream:track)%00%(upstream:remotename)%00%(upstream:remoteref) --ignore-case refs/heads/master refs/remotes/master [83ms]
2025-04-10 19:37:49.382 [info] > git status -z -uall [705ms]
2025-04-10 19:37:54.538 [info] > git config --get commit.template [100ms]
2025-04-10 19:37:54.558 [info] > git for-each-ref --format=%(refname)%00%(upstream:short)%00%(objectname)%00%(upstream:track)%00%(upstream:remotename)%00%(upstream:remoteref) --ignore-case refs/heads/master refs/remotes/master [106ms]
2025-04-10 19:37:55.198 [info] > git status -z -uall [634ms]
2025-04-10 19:38:00.619 [info] > git config --get commit.template [82ms]
2025-04-10 19:38:00.631 [info] > git for-each-ref --format=%(refname)%00%(upstream:short)%00%(objectname)%00%(upstream:track)%00%(upstream:remotename)%00%(upstream:remoteref) --ignore-case refs/heads/master refs/remotes/master [88ms]
2025-04-10 19:38:01.397 [info] > git status -z -uall [761ms]
2025-04-10 19:38:06.550 [info] > git config --get commit.template [103ms]
2025-04-10 19:38:06.557 [info] > git for-each-ref --format=%(refname)%00%(upstream:short)%00%(objectname)%00%(upstream:track)%00%(upstream:remotename)%00%(upstream:remoteref) --ignore-case refs/heads/master refs/remotes/master [105ms]
2025-04-10 19:38:07.372 [info] > git status -z -uall [809ms]
2025-04-10 19:38:12.501 [info] > git config --get commit.template [85ms]
2025-04-10 19:38:12.526 [info] > git for-each-ref --format=%(refname)%00%(upstream:short)%00%(objectname)%00%(upstream:track)%00%(upstream:remotename)%00%(upstream:remoteref) --ignore-case refs/heads/master refs/remotes/master [104ms]
2025-04-10 19:38:13.258 [info] > git status -z -uall [726ms]
2025-04-10 19:38:28.480 [info] > git config --get commit.template [98ms]
2025-04-10 19:38:28.484 [info] > git for-each-ref --format=%(refname)%00%(upstream:short)%00%(objectname)%00%(upstream:track)%00%(upstream:remotename)%00%(upstream:remoteref) --ignore-case refs/heads/master refs/remotes/master [93ms]
2025-04-10 19:38:35.154 [info] > git status -z -uall [6664ms]
2025-04-10 19:38:40.344 [info] > git config --get commit.template [103ms]
2025-04-10 19:38:40.357 [info] > git for-each-ref --format=%(refname)%00%(upstream:short)%00%(objectname)%00%(upstream:track)%00%(upstream:remotename)%00%(upstream:remoteref) --ignore-case refs/heads/master refs/remotes/master [99ms]
2025-04-10 19:38:46.861 [info] > git status -z -uall [6498ms]
2025-04-10 20:05:29.640 [info] > git check-ignore -v -z --stdin [235ms]
2025-04-10 20:05:30.219 [info] > git config --get commit.template [106ms]
2025-04-10 20:05:30.234 [info] > git for-each-ref --format=%(refname)%00%(upstream:short)%00%(objectname)%00%(upstream:track)%00%(upstream:remotename)%00%(upstream:remoteref) --ignore-case refs/heads/master refs/remotes/master [107ms]
2025-04-10 20:05:36.841 [info] > git status -z -uall [6600ms]
2025-04-10 20:05:42.006 [info] > git config --get commit.template [88ms]
2025-04-10 20:05:42.018 [info] > git for-each-ref --format=%(refname)%00%(upstream:short)%00%(objectname)%00%(upstream:track)%00%(upstream:remotename)%00%(upstream:remoteref) --ignore-case refs/heads/master refs/remotes/master [87ms]
2025-04-10 20:05:48.502 [info] > git status -z -uall [6477ms]
2025-04-11 05:23:14.354 [info] > git config --get commit.template [1457ms]
2025-04-11 05:23:14.484 [info] > git for-each-ref --format=%(refname)%00%(upstream:short)%00%(objectname)%00%(upstream:track)%00%(upstream:remotename)%00%(upstream:remoteref) --ignore-case refs/heads/master refs/remotes/master [1577ms]
2025-04-11 05:23:16.245 [info] > git ls-files --stage -- C:\Users\kabu_server\000_work\py3123\python3123\tests\test-1.spec.ts [660ms]
2025-04-11 05:23:16.540 [info] > git show --textconv :python3123/tests/test-1.spec.ts [286ms]
2025-04-11 05:23:23.908 [info] > git status -z -uall [9401ms]
2025-04-11 05:23:29.106 [info] > git config --get commit.template [104ms]
2025-04-11 05:23:29.113 [info] > git for-each-ref --format=%(refname)%00%(upstream:short)%00%(objectname)%00%(upstream:track)%00%(upstream:remotename)%00%(upstream:remoteref) --ignore-case refs/heads/master refs/remotes/master [96ms]
2025-04-11 05:23:35.591 [info] > git status -z -uall [6474ms]
2025-04-11 05:23:40.750 [info] > git config --get commit.template [87ms]
2025-04-11 05:23:40.763 [info] > git for-each-ref --format=%(refname)%00%(upstream:short)%00%(objectname)%00%(upstream:track)%00%(upstream:remotename)%00%(upstream:remoteref) --ignore-case refs/heads/master refs/remotes/master [86ms]
2025-04-11 05:23:47.259 [info] > git status -z -uall [6492ms]
2025-04-11 05:24:44.424 [info] > git config --get commit.template [75ms]
2025-04-11 05:24:44.437 [info] > git for-each-ref --format=%(refname)%00%(upstream:short)%00%(objectname)%00%(upstream:track)%00%(upstream:remotename)%00%(upstream:remoteref) --ignore-case refs/heads/master refs/remotes/master [83ms]
2025-04-11 05:24:51.079 [info] > git status -z -uall [6636ms]
2025-04-11 05:24:56.253 [info] > git config --get commit.template [89ms]
2025-04-11 05:24:56.266 [info] > git for-each-ref --format=%(refname)%00%(upstream:short)%00%(objectname)%00%(upstream:track)%00%(upstream:remotename)%00%(upstream:remoteref) --ignore-case refs/heads/master refs/remotes/master [92ms]
2025-04-11 05:25:02.811 [info] > git status -z -uall [6540ms]
2025-04-11 05:25:23.402 [info] > git config --get commit.template [83ms]
2025-04-11 05:25:23.423 [info] > git for-each-ref --format=%(refname)%00%(upstream:short)%00%(objectname)%00%(upstream:track)%00%(upstream:remotename)%00%(upstream:remoteref) --ignore-case refs/heads/master refs/remotes/master [98ms]
2025-04-11 05:25:23.526 [info] > git ls-files --stage -- C:\Users\kabu_server\000_work\py3123\python3123\tests\test-1.spec.ts [105ms]
2025-04-11 05:25:23.903 [info] > git show --textconv :python3123/tests/test-1.spec.ts [369ms]
2025-04-11 05:25:25.539 [info] > git status -z -uall [2111ms]
