2025-04-10 05:31:31.101 [info] Deleted uninstalled extension from disk rooveterinaryinc.roo-cline c:\Users\kabu_server\.vscode\extensions\rooveterinaryinc.roo-cline-3.11.8
2025-04-10 05:31:31.709 [error] [uncaught exception in sharedProcess]: Error: ENOENT: no such file or directory, stat 'c:\Users\kabu_server\.vscode\extensions\rooveterinaryinc.roo-cline-3.11.8.4cddb8fc.vsctmp': EntryNotFound (FileSystemError): Error: ENOENT: no such file or directory, stat 'c:\Users\kabu_server\.vscode\extensions\rooveterinaryinc.roo-cline-3.11.8.4cddb8fc.vsctmp'
    at r.create (c:\Users\kabu_server\AppData\Local\Programs\Microsoft VS Code\resources\app\out\vs\code\node\sharedProcess\sharedProcessMain.js:53:30080)
    at a (c:\Users\kabu_server\AppData\Local\Programs\Microsoft VS Code\resources\app\out\vs\code\node\sharedProcess\sharedProcessMain.js:53:30195)
    at i.fb (c:\Users\kabu_server\AppData\Local\Programs\Microsoft VS Code\resources\app\out\vs\code\node\sharedProcess\sharedProcessMain.js:58:36500)
    at i.stat (c:\Users\kabu_server\AppData\Local\Programs\Microsoft VS Code\resources\app\out\vs\code\node\sharedProcess\sharedProcessMain.js:58:28946)
    at async $.stat (c:\Users\kabu_server\AppData\Local\Programs\Microsoft VS Code\resources\app\out\vs\code\node\sharedProcess\sharedProcessMain.js:58:16092)
    at async K.sb (c:\Users\kabu_server\AppData\Local\Programs\Microsoft VS Code\resources\app\out\vs\code\node\sharedProcess\sharedProcessMain.js:104:108402)
2025-04-10 05:31:34.644 [info] Getting Manifest... rooveterinaryinc.roo-cline
2025-04-10 05:31:34.734 [info] Installing extension: rooveterinaryinc.roo-cline
2025-04-10 05:31:36.400 [info] Extension signature is verified: rooveterinaryinc.roo-cline
2025-04-10 05:31:37.728 [info] Extracted extension to file:///c%3A/Users/kabu_server/.vscode/extensions/rooveterinaryinc.roo-cline-3.11.11: rooveterinaryinc.roo-cline
2025-04-10 05:31:37.843 [info] Renamed to c:\Users\kabu_server\.vscode\extensions\rooveterinaryinc.roo-cline-3.11.11
2025-04-10 05:31:37.850 [info] Extracting extension completed. rooveterinaryinc.roo-cline
2025-04-10 05:31:37.945 [info] Extension installed successfully: rooveterinaryinc.roo-cline
2025-04-10 05:31:37.965 [info] Marked extension as uninstalled rooveterinaryinc.roo-cline-3.11.10
2025-04-10 05:31:38.018 [error] [uncaught exception in sharedProcess]: Error: ENOENT: no such file or directory, stat 'c:\Users\kabu_server\.vscode\extensions\extensions.json.vsctmp': EntryNotFound (FileSystemError): Error: ENOENT: no such file or directory, stat 'c:\Users\kabu_server\.vscode\extensions\extensions.json.vsctmp'
    at r.create (c:\Users\kabu_server\AppData\Local\Programs\Microsoft VS Code\resources\app\out\vs\code\node\sharedProcess\sharedProcessMain.js:53:30080)
    at a (c:\Users\kabu_server\AppData\Local\Programs\Microsoft VS Code\resources\app\out\vs\code\node\sharedProcess\sharedProcessMain.js:53:30195)
    at i.fb (c:\Users\kabu_server\AppData\Local\Programs\Microsoft VS Code\resources\app\out\vs\code\node\sharedProcess\sharedProcessMain.js:58:36500)
    at i.stat (c:\Users\kabu_server\AppData\Local\Programs\Microsoft VS Code\resources\app\out\vs\code\node\sharedProcess\sharedProcessMain.js:58:28946)
    at async $.stat (c:\Users\kabu_server\AppData\Local\Programs\Microsoft VS Code\resources\app\out\vs\code\node\sharedProcess\sharedProcessMain.js:58:16092)
    at async K.sb (c:\Users\kabu_server\AppData\Local\Programs\Microsoft VS Code\resources\app\out\vs\code\node\sharedProcess\sharedProcessMain.js:104:108402)
