2025-04-10 18:28:05.130 [info] ログ レベル: Info
2025-04-10 18:28:05.130 [info] Git の検証が検出されました: "C:\Program Files\Git\cmd\git.exe"
2025-04-10 18:28:05.684 [info] "C:\Program Files\Git\cmd\git.exe" から Git "2.41.0.windows.3" を使用しています
2025-04-10 18:28:06.015 [info] > git rev-parse --show-toplevel [311ms]
2025-04-10 18:28:06.501 [info] > git rev-parse --git-dir --git-common-dir [408ms]
2025-04-10 18:28:06.511 [info] Open repository: c:\Users\kabu_server\000_work\py3123
2025-04-10 18:28:07.384 [info] > git for-each-ref --format=%(refname)%00%(upstream:short)%00%(objectname)%00%(upstream:track)%00%(upstream:remotename)%00%(upstream:remoteref) --ignore-case refs/heads/master refs/remotes/master [848ms]
2025-04-10 18:28:07.419 [info] > git rev-parse --show-toplevel [894ms]
2025-04-10 18:28:07.421 [info] > git config --get commit.template [900ms]
2025-04-10 18:28:07.857 [info] > git rev-parse --show-toplevel [423ms]
2025-04-10 18:28:07.940 [info] > git check-ignore -v -z --stdin [879ms]
2025-04-10 18:28:08.245 [info] > git rev-parse --show-toplevel [381ms]
2025-04-10 18:28:08.366 [info] > git rev-parse --show-toplevel [116ms]
2025-04-10 18:28:08.475 [info] > git rev-parse --git-dir --git-common-dir [101ms]
2025-04-10 18:28:08.483 [info] Open repository: c:\Users\kabu_server\000_work\py3123\markitdown
2025-04-10 18:28:08.683 [info] > git rev-parse --show-toplevel [188ms]
2025-04-10 18:28:08.684 [info] > git config --get commit.template [193ms]
2025-04-10 18:28:08.692 [info] > git for-each-ref --format=%(refname)%00%(upstream:short)%00%(objectname)%00%(upstream:track)%00%(upstream:remotename)%00%(upstream:remoteref) --ignore-case refs/heads/main refs/remotes/main [186ms]
2025-04-10 18:28:08.699 [warning] ENOENT: no such file or directory, open 'c:\Users\kabu_server\000_work\py3123\markitdown\.git\refs\remotes\origin\main'
2025-04-10 18:28:08.742 [info] > git status -z -uall [1314ms]
2025-04-10 18:28:09.063 [info] > git for-each-ref --format=%(refname)%00%(upstream:short)%00%(objectname)%00%(upstream:track)%00%(upstream:remotename)%00%(upstream:remoteref) --ignore-case refs/heads/master refs/remotes/master [237ms]
2025-04-10 18:28:09.064 [info] > git merge-base refs/heads/master refs/remotes/origin/master [306ms]
2025-04-10 18:28:09.072 [info] > git config --get commit.template [261ms]
2025-04-10 18:28:09.072 [info] > git rev-parse refs/remotes/origin/main [373ms]
2025-04-10 18:28:09.077 [info] > git rev-parse --show-toplevel [386ms]
2025-04-10 18:28:09.244 [info] > git status -z -uall [167ms]
2025-04-10 18:28:09.257 [info] > git rev-parse --show-toplevel [151ms]
2025-04-10 18:28:09.293 [info] > git check-ignore -v -z --stdin [193ms]
2025-04-10 18:28:09.321 [info] > git -c core.longpaths=true rev-list --count --left-right refs/heads/master...refs/remotes/origin/master [250ms]
2025-04-10 18:28:09.560 [info] > git merge-base refs/heads/main refs/remotes/origin/main [308ms]
2025-04-10 18:28:09.753 [info] > git show --textconv :.gitignore [485ms]
2025-04-10 18:28:09.813 [info] > git check-ignore -v -z --stdin [719ms]
2025-04-10 18:28:09.867 [info] > git config --get commit.template [580ms]
2025-04-10 18:28:09.867 [info] > git for-each-ref --format=%(refname)%00%(upstream:short)%00%(objectname)%00%(upstream:track)%00%(upstream:remotename)%00%(upstream:remoteref) --ignore-case refs/heads/main refs/remotes/main [575ms]
2025-04-10 18:28:09.872 [warning] ENOENT: no such file or directory, open 'c:\Users\kabu_server\000_work\py3123\markitdown\.git\refs\remotes\origin\main'
2025-04-10 18:28:09.888 [info] > git ls-files --stage -- C:\Users\kabu_server\000_work\py3123\.gitignore [612ms]
2025-04-10 18:28:09.901 [info] > git diff --name-status -z --diff-filter=ADMR 3822ec16c6f994bf7e92c78d5ef1b93a207e03b1...refs/remotes/origin/master [572ms]
2025-04-10 18:28:09.969 [info] > git -c core.longpaths=true rev-list --count --left-right refs/heads/main...refs/remotes/origin/main [401ms]
2025-04-10 18:28:10.039 [info] > git rev-parse refs/remotes/origin/main [167ms]
2025-04-10 18:28:10.078 [info] > git cat-file -s 505dbcd86ecce79d51e85c3356f40dfa382ec24d [185ms]
2025-04-10 18:28:10.171 [info] > git diff --name-status -z --diff-filter=ADMR 3fcd48cdfc651cbf508071c8d2fb7d82aeb075de...refs/remotes/origin/main [196ms]
2025-04-10 18:28:10.192 [info] > git status -z -uall [148ms]
2025-04-10 18:28:10.346 [info] > git status -z -uall [1226ms]
2025-04-10 18:28:11.496 [info] > git config --get commit.template [91ms]
2025-04-10 18:28:11.511 [info] > git for-each-ref --format=%(refname)%00%(upstream:short)%00%(objectname)%00%(upstream:track)%00%(upstream:remotename)%00%(upstream:remoteref) --ignore-case refs/heads/master refs/remotes/master [100ms]
2025-04-10 18:28:12.166 [info] > git status -z -uall [649ms]
2025-04-10 18:28:17.302 [info] > git config --get commit.template [91ms]
2025-04-10 18:28:17.312 [info] > git for-each-ref --format=%(refname)%00%(upstream:short)%00%(objectname)%00%(upstream:track)%00%(upstream:remotename)%00%(upstream:remoteref) --ignore-case refs/heads/master refs/remotes/master [97ms]
2025-04-10 18:28:18.138 [info] > git status -z -uall [819ms]
2025-04-10 18:28:23.259 [info] > git config --get commit.template [81ms]
2025-04-10 18:28:23.271 [info] > git for-each-ref --format=%(refname)%00%(upstream:short)%00%(objectname)%00%(upstream:track)%00%(upstream:remotename)%00%(upstream:remoteref) --ignore-case refs/heads/master refs/remotes/master [85ms]
2025-04-10 18:28:23.858 [info] > git status -z -uall [581ms]
2025-04-10 18:28:28.961 [info] > git config --get commit.template [77ms]
2025-04-10 18:28:28.976 [info] > git for-each-ref --format=%(refname)%00%(upstream:short)%00%(objectname)%00%(upstream:track)%00%(upstream:remotename)%00%(upstream:remoteref) --ignore-case refs/heads/master refs/remotes/master [88ms]
2025-04-10 18:28:29.743 [info] > git status -z -uall [760ms]
2025-04-10 18:28:34.889 [info] > git config --get commit.template [104ms]
2025-04-10 18:28:34.906 [info] > git for-each-ref --format=%(refname)%00%(upstream:short)%00%(objectname)%00%(upstream:track)%00%(upstream:remotename)%00%(upstream:remoteref) --ignore-case refs/heads/master refs/remotes/master [102ms]
2025-04-10 18:28:35.503 [info] > git status -z -uall [591ms]
2025-04-10 18:28:41.867 [info] > git config --get commit.template [79ms]
2025-04-10 18:28:41.881 [info] > git for-each-ref --format=%(refname)%00%(upstream:short)%00%(objectname)%00%(upstream:track)%00%(upstream:remotename)%00%(upstream:remoteref) --ignore-case refs/heads/master refs/remotes/master [88ms]
2025-04-10 18:28:42.499 [info] > git status -z -uall [612ms]
2025-04-10 18:28:47.648 [info] > git config --get commit.template [95ms]
2025-04-10 18:28:47.657 [info] > git for-each-ref --format=%(refname)%00%(upstream:short)%00%(objectname)%00%(upstream:track)%00%(upstream:remotename)%00%(upstream:remoteref) --ignore-case refs/heads/master refs/remotes/master [95ms]
2025-04-10 18:28:48.271 [info] > git status -z -uall [608ms]
2025-04-10 18:28:53.411 [info] > git config --get commit.template [84ms]
2025-04-10 18:28:53.424 [info] > git for-each-ref --format=%(refname)%00%(upstream:short)%00%(objectname)%00%(upstream:track)%00%(upstream:remotename)%00%(upstream:remoteref) --ignore-case refs/heads/master refs/remotes/master [88ms]
2025-04-10 18:28:53.997 [info] > git status -z -uall [567ms]
2025-04-10 18:28:59.134 [info] > git config --get commit.template [92ms]
2025-04-10 18:28:59.146 [info] > git for-each-ref --format=%(refname)%00%(upstream:short)%00%(objectname)%00%(upstream:track)%00%(upstream:remotename)%00%(upstream:remoteref) --ignore-case refs/heads/master refs/remotes/master [90ms]
2025-04-10 18:28:59.726 [info] > git status -z -uall [574ms]
2025-04-10 18:29:04.877 [info] > git config --get commit.template [92ms]
2025-04-10 18:29:04.891 [info] > git for-each-ref --format=%(refname)%00%(upstream:short)%00%(objectname)%00%(upstream:track)%00%(upstream:remotename)%00%(upstream:remoteref) --ignore-case refs/heads/master refs/remotes/master [92ms]
2025-04-10 18:29:05.472 [info] > git status -z -uall [576ms]
2025-04-10 18:29:10.606 [info] > git config --get commit.template [87ms]
2025-04-10 18:29:10.619 [info] > git for-each-ref --format=%(refname)%00%(upstream:short)%00%(objectname)%00%(upstream:track)%00%(upstream:remotename)%00%(upstream:remoteref) --ignore-case refs/heads/master refs/remotes/master [86ms]
2025-04-10 18:29:11.187 [info] > git status -z -uall [562ms]
2025-04-10 18:29:25.664 [info] > git config --get commit.template [98ms]
2025-04-10 18:29:25.677 [info] > git for-each-ref --format=%(refname)%00%(upstream:short)%00%(objectname)%00%(upstream:track)%00%(upstream:remotename)%00%(upstream:remoteref) --ignore-case refs/heads/master refs/remotes/master [95ms]
2025-04-10 18:29:26.371 [info] > git status -z -uall [688ms]
2025-04-10 18:29:31.495 [info] > git config --get commit.template [84ms]
2025-04-10 18:29:31.511 [info] > git for-each-ref --format=%(refname)%00%(upstream:short)%00%(objectname)%00%(upstream:track)%00%(upstream:remotename)%00%(upstream:remoteref) --ignore-case refs/heads/master refs/remotes/master [95ms]
2025-04-10 18:29:32.125 [info] > git status -z -uall [609ms]
2025-04-10 18:29:37.256 [info] > git config --get commit.template [83ms]
2025-04-10 18:29:37.271 [info] > git for-each-ref --format=%(refname)%00%(upstream:short)%00%(objectname)%00%(upstream:track)%00%(upstream:remotename)%00%(upstream:remoteref) --ignore-case refs/heads/master refs/remotes/master [88ms]
2025-04-10 18:29:37.885 [info] > git status -z -uall [609ms]
2025-04-10 18:29:51.043 [info] > git config --get commit.template [107ms]
2025-04-10 18:29:51.059 [info] > git for-each-ref --format=%(refname)%00%(upstream:short)%00%(objectname)%00%(upstream:track)%00%(upstream:remotename)%00%(upstream:remoteref) --ignore-case refs/heads/master refs/remotes/master [108ms]
2025-04-10 18:29:51.663 [info] > git status -z -uall [598ms]
2025-04-10 18:30:54.268 [info] > git config --get commit.template [94ms]
2025-04-10 18:30:54.282 [info] > git for-each-ref --format=%(refname)%00%(upstream:short)%00%(objectname)%00%(upstream:track)%00%(upstream:remotename)%00%(upstream:remoteref) --ignore-case refs/heads/master refs/remotes/master [94ms]
2025-04-10 18:30:54.867 [info] > git status -z -uall [579ms]
2025-04-10 18:31:05.394 [info] > git config --get commit.template [73ms]
2025-04-10 18:31:05.408 [info] > git for-each-ref --format=%(refname)%00%(upstream:short)%00%(objectname)%00%(upstream:track)%00%(upstream:remotename)%00%(upstream:remoteref) --ignore-case refs/heads/master refs/remotes/master [80ms]
2025-04-10 18:31:05.998 [info] > git status -z -uall [586ms]
2025-04-10 18:31:17.740 [info] > git config --get commit.template [99ms]
2025-04-10 18:31:17.751 [info] > git for-each-ref --format=%(refname)%00%(upstream:short)%00%(objectname)%00%(upstream:track)%00%(upstream:remotename)%00%(upstream:remoteref) --ignore-case refs/heads/master refs/remotes/master [96ms]
2025-04-10 18:31:18.449 [info] > git status -z -uall [692ms]
2025-04-10 18:31:23.564 [info] > git config --get commit.template [82ms]
2025-04-10 18:31:23.580 [info] > git for-each-ref --format=%(refname)%00%(upstream:short)%00%(objectname)%00%(upstream:track)%00%(upstream:remotename)%00%(upstream:remoteref) --ignore-case refs/heads/master refs/remotes/master [90ms]
2025-04-10 18:31:24.220 [info] > git status -z -uall [635ms]
2025-04-10 18:31:29.331 [info] > git config --get commit.template [78ms]
2025-04-10 18:31:29.347 [info] > git for-each-ref --format=%(refname)%00%(upstream:short)%00%(objectname)%00%(upstream:track)%00%(upstream:remotename)%00%(upstream:remoteref) --ignore-case refs/heads/master refs/remotes/master [89ms]
2025-04-10 18:31:29.996 [info] > git status -z -uall [643ms]
2025-04-10 18:31:35.111 [info] > git config --get commit.template [79ms]
2025-04-10 18:31:35.126 [info] > git for-each-ref --format=%(refname)%00%(upstream:short)%00%(objectname)%00%(upstream:track)%00%(upstream:remotename)%00%(upstream:remoteref) --ignore-case refs/heads/master refs/remotes/master [90ms]
2025-04-10 18:31:35.788 [info] > git status -z -uall [655ms]
2025-04-10 18:31:40.905 [info] > git config --get commit.template [83ms]
2025-04-10 18:31:40.917 [info] > git for-each-ref --format=%(refname)%00%(upstream:short)%00%(objectname)%00%(upstream:track)%00%(upstream:remotename)%00%(upstream:remoteref) --ignore-case refs/heads/master refs/remotes/master [89ms]
2025-04-10 18:31:41.616 [info] > git status -z -uall [692ms]
2025-04-10 18:31:54.355 [info] > git check-ignore -v -z --stdin [121ms]
2025-04-10 18:31:54.763 [info] > git config --get commit.template [98ms]
2025-04-10 18:31:54.778 [info] > git for-each-ref --format=%(refname)%00%(upstream:short)%00%(objectname)%00%(upstream:track)%00%(upstream:remotename)%00%(upstream:remoteref) --ignore-case refs/heads/master refs/remotes/master [99ms]
2025-04-10 18:31:55.372 [info] > git status -z -uall [588ms]
2025-04-10 18:32:53.156 [info] > git config --get commit.template [94ms]
2025-04-10 18:32:53.170 [info] > git for-each-ref --format=%(refname)%00%(upstream:short)%00%(objectname)%00%(upstream:track)%00%(upstream:remotename)%00%(upstream:remoteref) --ignore-case refs/heads/master refs/remotes/master [93ms]
2025-04-10 18:32:53.748 [info] > git status -z -uall [573ms]
2025-04-10 18:36:17.181 [info] > git config --get commit.template [103ms]
2025-04-10 18:36:17.195 [info] > git for-each-ref --format=%(refname)%00%(upstream:short)%00%(objectname)%00%(upstream:track)%00%(upstream:remotename)%00%(upstream:remoteref) --ignore-case refs/heads/master refs/remotes/master [102ms]
2025-04-10 18:36:17.776 [info] > git status -z -uall [576ms]
2025-04-10 18:47:00.124 [info] > git config --get commit.template [89ms]
2025-04-10 18:47:00.143 [info] > git for-each-ref --format=%(refname)%00%(upstream:short)%00%(objectname)%00%(upstream:track)%00%(upstream:remotename)%00%(upstream:remoteref) --ignore-case refs/heads/master refs/remotes/master [101ms]
2025-04-10 18:47:00.858 [info] > git status -z -uall [710ms]
2025-04-10 18:47:11.222 [info] > git config --get commit.template [98ms]
2025-04-10 18:47:11.235 [info] > git for-each-ref --format=%(refname)%00%(upstream:short)%00%(objectname)%00%(upstream:track)%00%(upstream:remotename)%00%(upstream:remoteref) --ignore-case refs/heads/master refs/remotes/master [98ms]
2025-04-10 18:47:11.858 [info] > git status -z -uall [617ms]
2025-04-10 18:48:40.235 [info] > git config --get commit.template [96ms]
2025-04-10 18:48:40.248 [info] > git for-each-ref --format=%(refname)%00%(upstream:short)%00%(objectname)%00%(upstream:track)%00%(upstream:remotename)%00%(upstream:remoteref) --ignore-case refs/heads/master refs/remotes/master [94ms]
2025-04-10 18:48:40.893 [info] > git status -z -uall [641ms]
2025-04-10 18:57:23.843 [info] > git config --get commit.template [100ms]
2025-04-10 18:57:23.853 [info] > git for-each-ref --format=%(refname)%00%(upstream:short)%00%(objectname)%00%(upstream:track)%00%(upstream:remotename)%00%(upstream:remoteref) --ignore-case refs/heads/master refs/remotes/master [92ms]
2025-04-10 18:57:24.512 [info] > git status -z -uall [653ms]
2025-04-10 18:57:29.652 [info] > git config --get commit.template [74ms]
2025-04-10 18:57:29.665 [info] > git for-each-ref --format=%(refname)%00%(upstream:short)%00%(objectname)%00%(upstream:track)%00%(upstream:remotename)%00%(upstream:remoteref) --ignore-case refs/heads/master refs/remotes/master [82ms]
2025-04-10 18:57:30.402 [info] > git status -z -uall [731ms]
2025-04-10 18:57:35.572 [info] > git config --get commit.template [102ms]
2025-04-10 18:57:35.589 [info] > git for-each-ref --format=%(refname)%00%(upstream:short)%00%(objectname)%00%(upstream:track)%00%(upstream:remotename)%00%(upstream:remoteref) --ignore-case refs/heads/master refs/remotes/master [108ms]
2025-04-10 18:57:36.252 [info] > git status -z -uall [658ms]
2025-04-10 18:57:41.382 [info] > git config --get commit.template [77ms]
2025-04-10 18:57:41.396 [info] > git for-each-ref --format=%(refname)%00%(upstream:short)%00%(objectname)%00%(upstream:track)%00%(upstream:remotename)%00%(upstream:remoteref) --ignore-case refs/heads/master refs/remotes/master [85ms]
2025-04-10 18:57:42.196 [info] > git status -z -uall [794ms]
2025-04-10 18:57:47.048 [info] > git show --textconv :python3123/tests/test-1.spec.ts [477ms]
2025-04-10 18:57:47.083 [info] > git ls-files --stage -- C:\Users\kabu_server\000_work\py3123\python3123\tests\test-1.spec.ts [502ms]
2025-04-10 18:57:47.668 [info] > git check-ignore -v -z --stdin [740ms]
2025-04-10 18:57:47.945 [info] > git config --get commit.template [708ms]
2025-04-10 18:57:47.945 [info] > git for-each-ref --format=%(refname)%00%(upstream:short)%00%(objectname)%00%(upstream:track)%00%(upstream:remotename)%00%(upstream:remoteref) --ignore-case refs/heads/master refs/remotes/master [701ms]
2025-04-10 18:57:49.219 [info] > git status -z -uall [1267ms]
2025-04-10 18:57:56.410 [info] > git config --get commit.template [138ms]
2025-04-10 18:57:56.448 [info] > git for-each-ref --format=%(refname)%00%(upstream:short)%00%(objectname)%00%(upstream:track)%00%(upstream:remotename)%00%(upstream:remoteref) --ignore-case refs/heads/master refs/remotes/master [164ms]
2025-04-10 18:57:57.313 [info] > git status -z -uall [856ms]
2025-04-10 18:58:33.703 [info] > git config --get commit.template [109ms]
2025-04-10 18:58:33.713 [info] > git for-each-ref --format=%(refname)%00%(upstream:short)%00%(objectname)%00%(upstream:track)%00%(upstream:remotename)%00%(upstream:remoteref) --ignore-case refs/heads/master refs/remotes/master [112ms]
2025-04-10 18:58:34.431 [info] > git status -z -uall [711ms]
2025-04-10 18:58:39.598 [info] > git config --get commit.template [104ms]
2025-04-10 18:58:39.607 [info] > git for-each-ref --format=%(refname)%00%(upstream:short)%00%(objectname)%00%(upstream:track)%00%(upstream:remotename)%00%(upstream:remoteref) --ignore-case refs/heads/master refs/remotes/master [103ms]
2025-04-10 18:58:40.338 [info] > git status -z -uall [724ms]
2025-04-10 18:58:45.551 [info] > git config --get commit.template [146ms]
2025-04-10 18:58:45.559 [info] > git for-each-ref --format=%(refname)%00%(upstream:short)%00%(objectname)%00%(upstream:track)%00%(upstream:remotename)%00%(upstream:remoteref) --ignore-case refs/heads/master refs/remotes/master [148ms]
2025-04-10 18:58:46.568 [info] > git status -z -uall [1001ms]
2025-04-10 18:58:51.717 [info] > git config --get commit.template [91ms]
2025-04-10 18:58:51.740 [info] > git for-each-ref --format=%(refname)%00%(upstream:short)%00%(objectname)%00%(upstream:track)%00%(upstream:remotename)%00%(upstream:remoteref) --ignore-case refs/heads/master refs/remotes/master [106ms]
2025-04-10 18:58:52.631 [info] > git status -z -uall [885ms]
2025-04-10 18:59:06.693 [info] > git config --get commit.template [98ms]
2025-04-10 18:59:06.718 [info] > git for-each-ref --format=%(refname)%00%(upstream:short)%00%(objectname)%00%(upstream:track)%00%(upstream:remotename)%00%(upstream:remoteref) --ignore-case refs/heads/master refs/remotes/master [116ms]
2025-04-10 18:59:07.427 [info] > git status -z -uall [701ms]
