2025-04-09 07:43:55.158 [info] Extension host with pid 2936 started
2025-04-09 07:43:55.158 [info] Skipping acquiring lock for c:\Users\kabu_server\000_work\py3123\_local_env\userroaming\Code\User\workspaceStorage\22031152046e77872278d516be30adb5.
2025-04-09 07:43:55.233 [info] ExtensionService#_doActivateExtension vscode.emmet, startup: false, activationEvent: 'onLanguage'
2025-04-09 07:43:55.236 [info] ExtensionService#_doActivateExtension RooVeterinaryInc.roo-cline, startup: false, activationEvent: 'onLanguage'
2025-04-09 07:43:57.785 [info] ExtensionService#_doActivateExtension vscode.extension-editing, startup: false, activationEvent: 'onLanguage:markdown'
2025-04-09 07:43:57.786 [info] ExtensionService#_doActivateExtension vscode.markdown-language-features, startup: false, activationEvent: 'onLanguage:markdown'
2025-04-09 07:43:57.787 [info] ExtensionService#_doActivateExtension shd101wyy.markdown-preview-enhanced, startup: false, activationEvent: 'onLanguage:markdown'
2025-04-09 07:43:58.947 [info] ExtensionService#_doActivateExtension yzhang.markdown-all-in-one, startup: false, activationEvent: 'onLanguage:markdown'
2025-04-09 07:43:59.184 [info] ExtensionService#_doActivateExtension vscode.markdown-math, startup: false, activationEvent: 'api', root cause: yzhang.markdown-all-in-one
2025-04-09 07:43:59.194 [info] ExtensionService#_doActivateExtension vscode.git-base, startup: true, activationEvent: '*', root cause: vscode.git
2025-04-09 07:44:02.919 [info] ExtensionService#_doActivateExtension vscode.git, startup: true, activationEvent: '*'
2025-04-09 07:44:02.920 [info] ExtensionService#_doActivateExtension vscode.github, startup: true, activationEvent: '*'
2025-04-09 07:44:03.345 [info] ExtensionService#_doActivateExtension vscode.npm, startup: false, activationEvent: 'onTerminalQuickFixRequest:ms-vscode.npm-command'
2025-04-09 07:44:03.879 [info] Eager extensions activated
2025-04-09 07:44:03.983 [info] ExtensionService#_doActivateExtension vscode.debug-auto-launch, startup: false, activationEvent: 'onStartupFinished'
2025-04-09 07:44:03.986 [info] ExtensionService#_doActivateExtension vscode.merge-conflict, startup: false, activationEvent: 'onStartupFinished'
2025-04-09 07:44:03.992 [info] ExtensionService#_doActivateExtension vscode-icons-team.vscode-icons, startup: false, activationEvent: 'onStartupFinished'
2025-04-09 07:44:07.938 [info] ExtensionService#_doActivateExtension vscode.github-authentication, startup: false, activationEvent: 'onAuthenticationRequest:github'
2025-04-09 07:44:09.306 [warning] [Decorations] CAPPING events from decorations provider vscode.git 1067
2025-04-09 07:44:12.589 [warning] [Decorations] CAPPING events from decorations provider vscode.git 1067
2025-04-09 07:44:15.952 [warning] [Decorations] CAPPING events from decorations provider vscode.git 1067
2025-04-09 07:44:24.401 [warning] [Decorations] CAPPING events from decorations provider vscode.git 1067
2025-04-09 07:44:30.593 [warning] [Decorations] CAPPING events from decorations provider vscode.git 1067
2025-04-09 07:44:57.881 [warning] [Decorations] CAPPING events from decorations provider vscode.git 1067
2025-04-09 07:45:17.569 [warning] [Decorations] CAPPING events from decorations provider vscode.git 1067
2025-04-09 07:45:23.899 [warning] [Decorations] CAPPING events from decorations provider vscode.git 1068
2025-04-09 07:57:52.332 [info] Extension host terminating: renderer closed the MessagePort
2025-04-09 07:57:52.384 [error] Canceled: Canceled
	at new O (c:\Users\kabu_server\AppData\Local\Programs\Microsoft VS Code\resources\app\out\vs\workbench\api\node\extensionHostProcess.js:142:46998)
	at u.U (c:\Users\kabu_server\AppData\Local\Programs\Microsoft VS Code\resources\app\out\vs\workbench\api\node\extensionHostProcess.js:149:5539)
	at F.<computed>.T.charCodeAt.F.<computed> (c:\Users\kabu_server\AppData\Local\Programs\Microsoft VS Code\resources\app\out\vs\workbench\api\node\extensionHostProcess.js:149:2993)
	at d.g (c:\Users\kabu_server\AppData\Local\Programs\Microsoft VS Code\resources\app\out\vs\workbench\api\node\extensionHostProcess.js:152:186335)
	at d.executeCommand (c:\Users\kabu_server\AppData\Local\Programs\Microsoft VS Code\resources\app\out\vs\workbench\api\node\extensionHostProcess.js:152:185773)
	at E.registerCommand.description (c:\Users\kabu_server\AppData\Local\Programs\Microsoft VS Code\resources\app\out\vs\workbench\api\node\extensionHostProcess.js:152:185097)
	at d.h (c:\Users\kabu_server\AppData\Local\Programs\Microsoft VS Code\resources\app\out\vs\workbench\api\node\extensionHostProcess.js:152:186874)
	at d.g (c:\Users\kabu_server\AppData\Local\Programs\Microsoft VS Code\resources\app\out\vs\workbench\api\node\extensionHostProcess.js:152:185866)
	at d.executeCommand (c:\Users\kabu_server\AppData\Local\Programs\Microsoft VS Code\resources\app\out\vs\workbench\api\node\extensionHostProcess.js:152:185773)
	at Object.executeCommand (c:\Users\kabu_server\AppData\Local\Programs\Microsoft VS Code\resources\app\out\vs\workbench\api\node\extensionHostProcess.js:162:22785)
	at o.O [as value] (c:\Users\kabu_server\AppData\Local\Programs\Microsoft VS Code\resources\app\extensions\git\dist\main.js:2:945802)
	at s.y (c:\Users\kabu_server\AppData\Local\Programs\Microsoft VS Code\resources\app\out\vs\workbench\api\node\extensionHostProcess.js:82:659)
	at s.z (c:\Users\kabu_server\AppData\Local\Programs\Microsoft VS Code\resources\app\out\vs\workbench\api\node\extensionHostProcess.js:82:729)
	at s.fire (c:\Users\kabu_server\AppData\Local\Programs\Microsoft VS Code\resources\app\out\vs\workbench\api\node\extensionHostProcess.js:82:945)
	at Object.m [as dispose] (c:\Users\kabu_server\AppData\Local\Programs\Microsoft VS Code\resources\app\extensions\git\dist\main.js:2:964886)
	at c:\Users\kabu_server\AppData\Local\Programs\Microsoft VS Code\resources\app\extensions\git\dist\main.js:2:970920
	at Array.forEach (<anonymous>)
	at f.dispose (c:\Users\kabu_server\AppData\Local\Programs\Microsoft VS Code\resources\app\extensions\git\dist\main.js:2:970906)
	at a.<anonymous> (c:\Users\kabu_server\AppData\Local\Programs\Microsoft VS Code\resources\app\out\vs\workbench\api\node\extensionHostProcess.js:150:3830)
	at a.dispose (c:\Users\kabu_server\AppData\Local\Programs\Microsoft VS Code\resources\app\out\vs\workbench\api\node\extensionHostProcess.js:150:3927)
	at a.<anonymous> (c:\Users\kabu_server\AppData\Local\Programs\Microsoft VS Code\resources\app\extensions\git\dist\main.js:2:948059)
	at a.dispose (c:\Users\kabu_server\AppData\Local\Programs\Microsoft VS Code\resources\app\out\vs\workbench\api\node\extensionHostProcess.js:150:3927)
	at o (c:\Users\kabu_server\AppData\Local\Programs\Microsoft VS Code\resources\app\out\vs\workbench\api\node\extensionHostProcess.js:30:714)
	at m.eb (c:\Users\kabu_server\AppData\Local\Programs\Microsoft VS Code\resources\app\out\vs\workbench\api\node\extensionHostProcess.js:158:9967)
	at c:\Users\kabu_server\AppData\Local\Programs\Microsoft VS Code\resources\app\out\vs\workbench\api\node\extensionHostProcess.js:158:7816
	at Array.map (<anonymous>)
	at m.$ (c:\Users\kabu_server\AppData\Local\Programs\Microsoft VS Code\resources\app\out\vs\workbench\api\node\extensionHostProcess.js:158:7803)
	at m.terminate (c:\Users\kabu_server\AppData\Local\Programs\Microsoft VS Code\resources\app\out\vs\workbench\api\node\extensionHostProcess.js:158:8077)
	at o.terminate (c:\Users\kabu_server\AppData\Local\Programs\Microsoft VS Code\resources\app\out\vs\workbench\api\node\extensionHostProcess.js:162:1513)
	at t (c:\Users\kabu_server\AppData\Local\Programs\Microsoft VS Code\resources\app\out\vs\workbench\api\node\extensionHostProcess.js:175:9917)
	at MessagePortMain.<anonymous> (c:\Users\kabu_server\AppData\Local\Programs\Microsoft VS Code\resources\app\out\vs\workbench\api\node\extensionHostProcess.js:175:6342)
	at MessagePortMain.emit (node:events:517:28)
	at MessagePortMain._internalPort.emit (node:electron/js2c/utility_init:2:2285) setContext undefined
2025-04-09 07:57:52.384 [error] Canceled: Canceled
	at new O (c:\Users\kabu_server\AppData\Local\Programs\Microsoft VS Code\resources\app\out\vs\workbench\api\node\extensionHostProcess.js:142:46998)
	at u.U (c:\Users\kabu_server\AppData\Local\Programs\Microsoft VS Code\resources\app\out\vs\workbench\api\node\extensionHostProcess.js:149:5539)
	at F.<computed>.T.charCodeAt.F.<computed> (c:\Users\kabu_server\AppData\Local\Programs\Microsoft VS Code\resources\app\out\vs\workbench\api\node\extensionHostProcess.js:149:2993)
	at d.g (c:\Users\kabu_server\AppData\Local\Programs\Microsoft VS Code\resources\app\out\vs\workbench\api\node\extensionHostProcess.js:152:186335)
	at d.executeCommand (c:\Users\kabu_server\AppData\Local\Programs\Microsoft VS Code\resources\app\out\vs\workbench\api\node\extensionHostProcess.js:152:185773)
	at E.registerCommand.description (c:\Users\kabu_server\AppData\Local\Programs\Microsoft VS Code\resources\app\out\vs\workbench\api\node\extensionHostProcess.js:152:185097)
	at d.h (c:\Users\kabu_server\AppData\Local\Programs\Microsoft VS Code\resources\app\out\vs\workbench\api\node\extensionHostProcess.js:152:186874)
	at d.g (c:\Users\kabu_server\AppData\Local\Programs\Microsoft VS Code\resources\app\out\vs\workbench\api\node\extensionHostProcess.js:152:185866)
	at d.executeCommand (c:\Users\kabu_server\AppData\Local\Programs\Microsoft VS Code\resources\app\out\vs\workbench\api\node\extensionHostProcess.js:152:185773)
	at Object.executeCommand (c:\Users\kabu_server\AppData\Local\Programs\Microsoft VS Code\resources\app\out\vs\workbench\api\node\extensionHostProcess.js:162:22785)
	at o.O [as value] (c:\Users\kabu_server\AppData\Local\Programs\Microsoft VS Code\resources\app\extensions\git\dist\main.js:2:945802)
	at s.y (c:\Users\kabu_server\AppData\Local\Programs\Microsoft VS Code\resources\app\out\vs\workbench\api\node\extensionHostProcess.js:82:659)
	at s.z (c:\Users\kabu_server\AppData\Local\Programs\Microsoft VS Code\resources\app\out\vs\workbench\api\node\extensionHostProcess.js:82:729)
	at s.fire (c:\Users\kabu_server\AppData\Local\Programs\Microsoft VS Code\resources\app\out\vs\workbench\api\node\extensionHostProcess.js:82:945)
	at Object.m [as dispose] (c:\Users\kabu_server\AppData\Local\Programs\Microsoft VS Code\resources\app\extensions\git\dist\main.js:2:964886)
	at c:\Users\kabu_server\AppData\Local\Programs\Microsoft VS Code\resources\app\extensions\git\dist\main.js:2:970920
	at Array.forEach (<anonymous>)
	at f.dispose (c:\Users\kabu_server\AppData\Local\Programs\Microsoft VS Code\resources\app\extensions\git\dist\main.js:2:970906)
	at a.<anonymous> (c:\Users\kabu_server\AppData\Local\Programs\Microsoft VS Code\resources\app\out\vs\workbench\api\node\extensionHostProcess.js:150:3830)
	at a.dispose (c:\Users\kabu_server\AppData\Local\Programs\Microsoft VS Code\resources\app\out\vs\workbench\api\node\extensionHostProcess.js:150:3927)
	at a.<anonymous> (c:\Users\kabu_server\AppData\Local\Programs\Microsoft VS Code\resources\app\extensions\git\dist\main.js:2:948059)
	at a.dispose (c:\Users\kabu_server\AppData\Local\Programs\Microsoft VS Code\resources\app\out\vs\workbench\api\node\extensionHostProcess.js:150:3927)
	at o (c:\Users\kabu_server\AppData\Local\Programs\Microsoft VS Code\resources\app\out\vs\workbench\api\node\extensionHostProcess.js:30:714)
	at m.eb (c:\Users\kabu_server\AppData\Local\Programs\Microsoft VS Code\resources\app\out\vs\workbench\api\node\extensionHostProcess.js:158:9967)
	at c:\Users\kabu_server\AppData\Local\Programs\Microsoft VS Code\resources\app\out\vs\workbench\api\node\extensionHostProcess.js:158:7816
	at Array.map (<anonymous>)
	at m.$ (c:\Users\kabu_server\AppData\Local\Programs\Microsoft VS Code\resources\app\out\vs\workbench\api\node\extensionHostProcess.js:158:7803)
	at m.terminate (c:\Users\kabu_server\AppData\Local\Programs\Microsoft VS Code\resources\app\out\vs\workbench\api\node\extensionHostProcess.js:158:8077)
	at o.terminate (c:\Users\kabu_server\AppData\Local\Programs\Microsoft VS Code\resources\app\out\vs\workbench\api\node\extensionHostProcess.js:162:1513)
	at t (c:\Users\kabu_server\AppData\Local\Programs\Microsoft VS Code\resources\app\out\vs\workbench\api\node\extensionHostProcess.js:175:9917)
	at MessagePortMain.<anonymous> (c:\Users\kabu_server\AppData\Local\Programs\Microsoft VS Code\resources\app\out\vs\workbench\api\node\extensionHostProcess.js:175:6342)
	at MessagePortMain.emit (node:events:517:28)
	at MessagePortMain._internalPort.emit (node:electron/js2c/utility_init:2:2285) setContext undefined
2025-04-09 07:57:52.386 [error] Canceled: Canceled
	at new O (c:\Users\kabu_server\AppData\Local\Programs\Microsoft VS Code\resources\app\out\vs\workbench\api\node\extensionHostProcess.js:142:46998)
	at u.U (c:\Users\kabu_server\AppData\Local\Programs\Microsoft VS Code\resources\app\out\vs\workbench\api\node\extensionHostProcess.js:149:5539)
	at F.<computed>.T.charCodeAt.F.<computed> (c:\Users\kabu_server\AppData\Local\Programs\Microsoft VS Code\resources\app\out\vs\workbench\api\node\extensionHostProcess.js:149:2993)
	at d.g (c:\Users\kabu_server\AppData\Local\Programs\Microsoft VS Code\resources\app\out\vs\workbench\api\node\extensionHostProcess.js:152:186335)
	at d.executeCommand (c:\Users\kabu_server\AppData\Local\Programs\Microsoft VS Code\resources\app\out\vs\workbench\api\node\extensionHostProcess.js:152:185773)
	at E.registerCommand.description (c:\Users\kabu_server\AppData\Local\Programs\Microsoft VS Code\resources\app\out\vs\workbench\api\node\extensionHostProcess.js:152:185097)
	at d.h (c:\Users\kabu_server\AppData\Local\Programs\Microsoft VS Code\resources\app\out\vs\workbench\api\node\extensionHostProcess.js:152:186874)
	at d.g (c:\Users\kabu_server\AppData\Local\Programs\Microsoft VS Code\resources\app\out\vs\workbench\api\node\extensionHostProcess.js:152:185866)
	at d.executeCommand (c:\Users\kabu_server\AppData\Local\Programs\Microsoft VS Code\resources\app\out\vs\workbench\api\node\extensionHostProcess.js:152:185773)
	at Object.executeCommand (c:\Users\kabu_server\AppData\Local\Programs\Microsoft VS Code\resources\app\out\vs\workbench\api\node\extensionHostProcess.js:162:22785)
	at set hasGitHubRepositories [as hasGitHubRepositories] (c:\Users\kabu_server\AppData\Local\Programs\Microsoft VS Code\resources\app\extensions\github\dist\extension.js:2:324866)
	at c:\Users\kabu_server\AppData\Local\Programs\Microsoft VS Code\resources\app\extensions\github\dist\extension.js:2:325825
	at o.value (c:\Users\kabu_server\AppData\Local\Programs\Microsoft VS Code\resources\app\extensions\git\dist\main.js:2:1051703)
	at s.y (c:\Users\kabu_server\AppData\Local\Programs\Microsoft VS Code\resources\app\out\vs\workbench\api\node\extensionHostProcess.js:82:659)
	at s.z (c:\Users\kabu_server\AppData\Local\Programs\Microsoft VS Code\resources\app\out\vs\workbench\api\node\extensionHostProcess.js:82:729)
	at s.fire (c:\Users\kabu_server\AppData\Local\Programs\Microsoft VS Code\resources\app\out\vs\workbench\api\node\extensionHostProcess.js:82:945)
	at Object.m [as dispose] (c:\Users\kabu_server\AppData\Local\Programs\Microsoft VS Code\resources\app\extensions\git\dist\main.js:2:964886)
	at c:\Users\kabu_server\AppData\Local\Programs\Microsoft VS Code\resources\app\extensions\git\dist\main.js:2:970920
	at Array.forEach (<anonymous>)
	at f.dispose (c:\Users\kabu_server\AppData\Local\Programs\Microsoft VS Code\resources\app\extensions\git\dist\main.js:2:970906)
	at a.<anonymous> (c:\Users\kabu_server\AppData\Local\Programs\Microsoft VS Code\resources\app\out\vs\workbench\api\node\extensionHostProcess.js:150:3830)
	at a.dispose (c:\Users\kabu_server\AppData\Local\Programs\Microsoft VS Code\resources\app\out\vs\workbench\api\node\extensionHostProcess.js:150:3927)
	at a.<anonymous> (c:\Users\kabu_server\AppData\Local\Programs\Microsoft VS Code\resources\app\extensions\git\dist\main.js:2:948059)
	at a.dispose (c:\Users\kabu_server\AppData\Local\Programs\Microsoft VS Code\resources\app\out\vs\workbench\api\node\extensionHostProcess.js:150:3927)
	at o (c:\Users\kabu_server\AppData\Local\Programs\Microsoft VS Code\resources\app\out\vs\workbench\api\node\extensionHostProcess.js:30:714)
	at m.eb (c:\Users\kabu_server\AppData\Local\Programs\Microsoft VS Code\resources\app\out\vs\workbench\api\node\extensionHostProcess.js:158:9967)
	at c:\Users\kabu_server\AppData\Local\Programs\Microsoft VS Code\resources\app\out\vs\workbench\api\node\extensionHostProcess.js:158:7816
	at Array.map (<anonymous>)
	at m.$ (c:\Users\kabu_server\AppData\Local\Programs\Microsoft VS Code\resources\app\out\vs\workbench\api\node\extensionHostProcess.js:158:7803)
	at m.terminate (c:\Users\kabu_server\AppData\Local\Programs\Microsoft VS Code\resources\app\out\vs\workbench\api\node\extensionHostProcess.js:158:8077)
	at o.terminate (c:\Users\kabu_server\AppData\Local\Programs\Microsoft VS Code\resources\app\out\vs\workbench\api\node\extensionHostProcess.js:162:1513)
	at t (c:\Users\kabu_server\AppData\Local\Programs\Microsoft VS Code\resources\app\out\vs\workbench\api\node\extensionHostProcess.js:175:9917)
	at MessagePortMain.<anonymous> (c:\Users\kabu_server\AppData\Local\Programs\Microsoft VS Code\resources\app\out\vs\workbench\api\node\extensionHostProcess.js:175:6342)
	at MessagePortMain.emit (node:events:517:28)
	at MessagePortMain._internalPort.emit (node:electron/js2c/utility_init:2:2285) setContext undefined
2025-04-09 07:57:52.389 [error] Canceled: Canceled
	at new O (c:\Users\kabu_server\AppData\Local\Programs\Microsoft VS Code\resources\app\out\vs\workbench\api\node\extensionHostProcess.js:142:46998)
	at u.U (c:\Users\kabu_server\AppData\Local\Programs\Microsoft VS Code\resources\app\out\vs\workbench\api\node\extensionHostProcess.js:149:5539)
	at F.<computed>.T.charCodeAt.F.<computed> (c:\Users\kabu_server\AppData\Local\Programs\Microsoft VS Code\resources\app\out\vs\workbench\api\node\extensionHostProcess.js:149:2993)
	at A.setValue (c:\Users\kabu_server\AppData\Local\Programs\Microsoft VS Code\resources\app\out\vs\workbench\api\node\extensionHostProcess.js:144:8994)
	at c:\Users\kabu_server\AppData\Local\Programs\Microsoft VS Code\resources\app\out\vs\workbench\api\node\extensionHostProcess.js:137:27799
	at N.a (c:\Users\kabu_server\AppData\Local\Programs\Microsoft VS Code\resources\app\out\vs\workbench\api\node\extensionHostProcess.js:137:27917)
	at N.h (c:\Users\kabu_server\AppData\Local\Programs\Microsoft VS Code\resources\app\out\vs\workbench\api\node\extensionHostProcess.js:99:20014)
	at N.g (c:\Users\kabu_server\AppData\Local\Programs\Microsoft VS Code\resources\app\out\vs\workbench\api\node\extensionHostProcess.js:99:19998)
	at listOnTimeout (node:internal/timers:569:17)
	at process.processTimers (node:internal/timers:512:7)
2025-04-09 07:57:52.389 [info] Extension host with pid 2936 exiting with code 0
