2025-04-10 18:15:13.685 [info] ログ レベル: Info
2025-04-10 18:15:13.685 [info] Git の検証が検出されました: "C:\Program Files\Git\cmd\git.exe"
2025-04-10 18:15:13.883 [info] "C:\Program Files\Git\cmd\git.exe" から Git "2.41.0.windows.3" を使用しています
2025-04-10 18:15:14.142 [info] > git rev-parse --show-toplevel [232ms]
2025-04-10 18:15:14.370 [info] > git rev-parse --git-dir --git-common-dir [220ms]
2025-04-10 18:15:14.382 [info] Open repository: c:\Users\kabu_server\000_work\py3123
2025-04-10 18:15:14.605 [info] > git config --get commit.template [212ms]
2025-04-10 18:15:14.656 [info] > git rev-parse --show-toplevel [258ms]
2025-04-10 18:15:14.663 [info] > git for-each-ref --format=%(refname)%00%(upstream:short)%00%(objectname)%00%(upstream:track)%00%(upstream:remotename)%00%(upstream:remoteref) --ignore-case refs/heads/master refs/remotes/master [243ms]
2025-04-10 18:15:14.822 [info] > git rev-parse --show-toplevel [159ms]
2025-04-10 18:15:15.229 [info] > git rev-parse --show-toplevel [401ms]
2025-04-10 18:15:15.399 [info] > git rev-parse --show-toplevel [165ms]
2025-04-10 18:15:15.462 [info] > git check-ignore -v -z --stdin [498ms]
2025-04-10 18:15:15.565 [info] > git rev-parse --show-toplevel [159ms]
2025-04-10 18:15:15.763 [info] > git rev-parse --git-dir --git-common-dir [193ms]
2025-04-10 18:15:15.771 [info] Open repository: c:\Users\kabu_server\000_work\py3123\markitdown
2025-04-10 18:15:15.824 [info] > git status -z -uall [1146ms]
2025-04-10 18:15:16.090 [info] > git config --get commit.template [309ms]
2025-04-10 18:15:16.090 [info] > git rev-parse --show-toplevel [300ms]
2025-04-10 18:15:16.099 [info] > git for-each-ref --format=%(refname)%00%(upstream:short)%00%(objectname)%00%(upstream:track)%00%(upstream:remotename)%00%(upstream:remoteref) --ignore-case refs/heads/main refs/remotes/main [298ms]
2025-04-10 18:15:16.112 [warning] ENOENT: no such file or directory, open 'c:\Users\kabu_server\000_work\py3123\markitdown\.git\refs\remotes\origin\main'
2025-04-10 18:15:16.114 [info] > git merge-base refs/heads/master refs/remotes/origin/master [278ms]
2025-04-10 18:15:16.343 [info] > git -c core.longpaths=true rev-list --count --left-right refs/heads/master...refs/remotes/origin/master [222ms]
2025-04-10 18:15:16.351 [info] > git rev-parse refs/remotes/origin/main [240ms]
2025-04-10 18:15:16.357 [info] > git rev-parse --show-toplevel [252ms]
2025-04-10 18:15:16.357 [info] > git config --get commit.template [269ms]
2025-04-10 18:15:16.368 [info] > git for-each-ref --format=%(refname)%00%(upstream:short)%00%(objectname)%00%(upstream:track)%00%(upstream:remotename)%00%(upstream:remoteref) --ignore-case refs/heads/master refs/remotes/master [239ms]
2025-04-10 18:15:16.613 [info] > git diff --name-status -z --diff-filter=ADMR 3822ec16c6f994bf7e92c78d5ef1b93a207e03b1...refs/remotes/origin/master [261ms]
2025-04-10 18:15:16.727 [info] > git rev-parse --show-toplevel [359ms]
2025-04-10 18:15:16.916 [info] > git status -z -uall [560ms]
2025-04-10 18:15:17.014 [info] > git check-ignore -v -z --stdin [673ms]
2025-04-10 18:15:17.173 [info] > git show --textconv :diff_py3123/file_mapping.json [435ms]
2025-04-10 18:15:17.192 [info] > git for-each-ref --format=%(refname)%00%(upstream:short)%00%(objectname)%00%(upstream:track)%00%(upstream:remotename)%00%(upstream:remoteref) --ignore-case refs/heads/main refs/remotes/main [199ms]
2025-04-10 18:15:17.197 [warning] ENOENT: no such file or directory, open 'c:\Users\kabu_server\000_work\py3123\markitdown\.git\refs\remotes\origin\main'
2025-04-10 18:15:17.202 [info] > git merge-base refs/heads/main refs/remotes/origin/main [276ms]
2025-04-10 18:15:17.211 [info] > git ls-files --stage -- C:\Users\kabu_server\000_work\py3123\diff_py3123\file_mapping.json [468ms]
2025-04-10 18:15:17.233 [info] > git config --get commit.template [248ms]
2025-04-10 18:15:17.353 [info] > git -c core.longpaths=true rev-list --count --left-right refs/heads/main...refs/remotes/origin/main [143ms]
2025-04-10 18:15:17.367 [info] > git rev-parse refs/remotes/origin/main [169ms]
2025-04-10 18:15:17.490 [info] > git diff --name-status -z --diff-filter=ADMR 3fcd48cdfc651cbf508071c8d2fb7d82aeb075de...refs/remotes/origin/main [129ms]
2025-04-10 18:15:17.504 [info] > git status -z -uall [133ms]
2025-04-10 18:15:17.526 [info] > git status -z -uall [1149ms]
2025-04-10 18:15:30.341 [info] > git config --get commit.template [95ms]
2025-04-10 18:15:30.358 [info] > git for-each-ref --format=%(refname)%00%(upstream:short)%00%(objectname)%00%(upstream:track)%00%(upstream:remotename)%00%(upstream:remoteref) --ignore-case refs/heads/master refs/remotes/master [106ms]
2025-04-10 18:15:31.009 [info] > git status -z -uall [642ms]
2025-04-10 18:15:31.772 [info] > git merge-base refs/heads/master refs/remotes/origin/master [147ms]
2025-04-10 18:15:31.800 [info] > git merge-base refs/heads/main refs/remotes/origin/main [169ms]
2025-04-10 18:15:31.884 [info] > git -c core.longpaths=true rev-list --count --left-right refs/heads/master...refs/remotes/origin/master [105ms]
2025-04-10 18:15:31.914 [info] > git -c core.longpaths=true rev-list --count --left-right refs/heads/main...refs/remotes/origin/main [107ms]
2025-04-10 18:15:32.808 [info] > git check-ignore -v -z --stdin [103ms]
2025-04-10 18:15:32.915 [info] > git check-ignore -v -z --stdin [220ms]
2025-04-10 18:15:36.139 [info] > git config --get commit.template [92ms]
2025-04-10 18:15:36.150 [info] > git for-each-ref --format=%(refname)%00%(upstream:short)%00%(objectname)%00%(upstream:track)%00%(upstream:remotename)%00%(upstream:remoteref) --ignore-case refs/heads/master refs/remotes/master [89ms]
2025-04-10 18:15:36.713 [info] > git status -z -uall [558ms]
2025-04-10 18:15:41.819 [info] > git config --get commit.template [79ms]
2025-04-10 18:15:41.830 [info] > git for-each-ref --format=%(refname)%00%(upstream:short)%00%(objectname)%00%(upstream:track)%00%(upstream:remotename)%00%(upstream:remoteref) --ignore-case refs/heads/master refs/remotes/master [83ms]
2025-04-10 18:15:42.476 [info] > git status -z -uall [640ms]
2025-04-10 18:15:47.645 [info] > git config --get commit.template [140ms]
2025-04-10 18:15:47.662 [info] > git for-each-ref --format=%(refname)%00%(upstream:short)%00%(objectname)%00%(upstream:track)%00%(upstream:remotename)%00%(upstream:remoteref) --ignore-case refs/heads/master refs/remotes/master [150ms]
2025-04-10 18:15:47.712 [info] > git ls-files --stage -- C:\Users\kabu_server\000_work\py3123\diff_py3123\file_mapping.json [164ms]
2025-04-10 18:15:47.994 [info] > git show --textconv :diff_py3123/file_mapping.json [274ms]
2025-04-10 18:15:48.319 [info] > git status -z -uall [650ms]
2025-04-10 18:15:54.865 [info] > git ls-files --stage -- C:\Users\kabu_server\000_work\py3123\diff_py3123\file_mapping.json [142ms]
2025-04-10 18:15:54.972 [info] > git cat-file -s 16f9b198b70f5c9810b80565e12b7ca28e66c316 [99ms]
2025-04-10 18:15:54.991 [info] > git config --get commit.template [112ms]
2025-04-10 18:15:54.996 [info] > git for-each-ref --format=%(refname)%00%(upstream:short)%00%(objectname)%00%(upstream:track)%00%(upstream:remotename)%00%(upstream:remoteref) --ignore-case refs/heads/master refs/remotes/master [111ms]
2025-04-10 18:15:55.082 [info] > git show --textconv :diff_py3123/file_mapping.json [102ms]
2025-04-10 18:15:55.625 [info] > git status -z -uall [623ms]
2025-04-10 18:16:00.610 [info] > git ls-files --stage -- C:\Users\kabu_server\000_work\py3123\diff_py3123\file_mapping.json [85ms]
2025-04-10 18:16:00.683 [info] > git cat-file -s 16f9b198b70f5c9810b80565e12b7ca28e66c316 [69ms]
2025-04-10 18:16:00.779 [info] > git show --textconv :diff_py3123/file_mapping.json [89ms]
2025-04-10 18:16:01.391 [info] > git config --get commit.template [73ms]
2025-04-10 18:16:01.403 [info] > git for-each-ref --format=%(refname)%00%(upstream:short)%00%(objectname)%00%(upstream:track)%00%(upstream:remotename)%00%(upstream:remoteref) --ignore-case refs/heads/master refs/remotes/master [81ms]
2025-04-10 18:16:02.041 [info] > git status -z -uall [632ms]
2025-04-10 18:16:02.133 [info] > git merge-base refs/heads/master refs/remotes/origin/master [85ms]
2025-04-10 18:16:02.217 [info] > git -c core.longpaths=true rev-list --count --left-right refs/heads/master...refs/remotes/origin/master [78ms]
2025-04-10 18:16:02.291 [info] > git diff --name-status -z --diff-filter=ADMR 3822ec16c6f994bf7e92c78d5ef1b93a207e03b1...refs/remotes/origin/master [67ms]
2025-04-10 18:16:05.736 [info] > git merge-base refs/heads/master refs/remotes/origin/master [216ms]
2025-04-10 18:16:05.841 [info] > git -c core.longpaths=true rev-list --count --left-right refs/heads/master...refs/remotes/origin/master [97ms]
2025-04-10 18:16:06.694 [info] > git check-ignore -v -z --stdin [91ms]
2025-04-10 18:16:07.173 [info] > git config --get commit.template [95ms]
2025-04-10 18:16:07.189 [info] > git for-each-ref --format=%(refname)%00%(upstream:short)%00%(objectname)%00%(upstream:track)%00%(upstream:remotename)%00%(upstream:remoteref) --ignore-case refs/heads/master refs/remotes/master [101ms]
2025-04-10 18:16:07.864 [info] > git status -z -uall [669ms]
2025-04-10 18:16:11.054 [info] > git check-ignore -v -z --stdin [262ms]
2025-04-10 18:16:13.041 [info] > git config --get commit.template [142ms]
2025-04-10 18:16:13.059 [info] > git for-each-ref --format=%(refname)%00%(upstream:short)%00%(objectname)%00%(upstream:track)%00%(upstream:remotename)%00%(upstream:remoteref) --ignore-case refs/heads/master refs/remotes/master [151ms]
2025-04-10 18:16:13.908 [info] > git status -z -uall [843ms]
2025-04-10 18:21:50.049 [info] > git config --get commit.template [265ms]
2025-04-10 18:21:50.060 [info] > git for-each-ref --format=%(refname)%00%(upstream:short)%00%(objectname)%00%(upstream:track)%00%(upstream:remotename)%00%(upstream:remoteref) --ignore-case refs/heads/master refs/remotes/master [265ms]
2025-04-10 18:21:51.436 [info] > git ls-files --stage -- C:\Users\kabu_server\000_work\py3123\diff_py3123\file_mapping.json [164ms]
2025-04-10 18:21:51.541 [info] > git cat-file -s 16f9b198b70f5c9810b80565e12b7ca28e66c316 [99ms]
2025-04-10 18:21:51.693 [info] > git show --textconv :diff_py3123/file_mapping.json [138ms]
2025-04-10 18:21:52.207 [info] > git status -z -uall [2141ms]
2025-04-10 18:21:54.765 [info] > git check-ignore -v -z --stdin [133ms]
2025-04-10 18:21:57.511 [info] > git config --get commit.template [167ms]
2025-04-10 18:21:57.536 [info] > git for-each-ref --format=%(refname)%00%(upstream:short)%00%(objectname)%00%(upstream:track)%00%(upstream:remotename)%00%(upstream:remoteref) --ignore-case refs/heads/master refs/remotes/master [187ms]
2025-04-10 18:21:59.276 [info] > git status -z -uall [1734ms]
2025-04-10 18:22:05.101 [info] > git config --get commit.template [112ms]
2025-04-10 18:22:05.110 [info] > git for-each-ref --format=%(refname)%00%(upstream:short)%00%(objectname)%00%(upstream:track)%00%(upstream:remotename)%00%(upstream:remoteref) --ignore-case refs/heads/master refs/remotes/master [115ms]
2025-04-10 18:22:06.818 [info] > git status -z -uall [1702ms]
2025-04-10 18:22:09.477 [info] > git ls-files --stage -- C:\Users\kabu_server\000_work\py3123\diff_py3123\file_mapping.json [116ms]
2025-04-10 18:22:09.568 [info] > git cat-file -s 16f9b198b70f5c9810b80565e12b7ca28e66c316 [86ms]
2025-04-10 18:22:09.660 [info] > git show --textconv :diff_py3123/file_mapping.json [86ms]
2025-04-10 18:22:12.025 [info] > git config --get commit.template [107ms]
2025-04-10 18:22:12.034 [info] > git for-each-ref --format=%(refname)%00%(upstream:short)%00%(objectname)%00%(upstream:track)%00%(upstream:remotename)%00%(upstream:remoteref) --ignore-case refs/heads/master refs/remotes/master [100ms]
2025-04-10 18:22:12.643 [info] > git status -z -uall [604ms]
2025-04-10 18:22:15.336 [info] > git ls-files --stage -- C:\Users\kabu_server\000_work\py3123\diff_py3123\file_mapping.json [88ms]
2025-04-10 18:22:15.423 [info] > git cat-file -s 16f9b198b70f5c9810b80565e12b7ca28e66c316 [83ms]
2025-04-10 18:22:15.549 [info] > git show --textconv :diff_py3123/file_mapping.json [118ms]
2025-04-10 18:22:17.785 [info] > git config --get commit.template [99ms]
2025-04-10 18:22:17.791 [info] > git for-each-ref --format=%(refname)%00%(upstream:short)%00%(objectname)%00%(upstream:track)%00%(upstream:remotename)%00%(upstream:remoteref) --ignore-case refs/heads/master refs/remotes/master [91ms]
2025-04-10 18:22:18.348 [info] > git status -z -uall [553ms]
2025-04-10 18:22:18.431 [info] > git merge-base refs/heads/master refs/remotes/origin/master [75ms]
2025-04-10 18:22:18.506 [info] > git -c core.longpaths=true rev-list --count --left-right refs/heads/master...refs/remotes/origin/master [69ms]
2025-04-10 18:22:18.586 [info] > git diff --name-status -z --diff-filter=ADMR 3822ec16c6f994bf7e92c78d5ef1b93a207e03b1...refs/remotes/origin/master [75ms]
2025-04-10 18:22:23.240 [info] > git check-ignore -v -z --stdin [135ms]
2025-04-10 18:22:23.474 [info] > git config --get commit.template [95ms]
2025-04-10 18:22:23.492 [info] > git for-each-ref --format=%(refname)%00%(upstream:short)%00%(objectname)%00%(upstream:track)%00%(upstream:remotename)%00%(upstream:remoteref) --ignore-case refs/heads/master refs/remotes/master [107ms]
2025-04-10 18:22:24.212 [info] > git status -z -uall [714ms]
2025-04-10 18:22:28.120 [info] > git check-ignore -v -z --stdin [441ms]
2025-04-10 18:22:29.384 [info] > git config --get commit.template [157ms]
2025-04-10 18:22:29.401 [info] > git for-each-ref --format=%(refname)%00%(upstream:short)%00%(objectname)%00%(upstream:track)%00%(upstream:remotename)%00%(upstream:remoteref) --ignore-case refs/heads/master refs/remotes/master [168ms]
2025-04-10 18:22:30.070 [info] > git status -z -uall [663ms]
2025-04-10 18:22:35.184 [info] > git config --get commit.template [88ms]
2025-04-10 18:22:35.197 [info] > git for-each-ref --format=%(refname)%00%(upstream:short)%00%(objectname)%00%(upstream:track)%00%(upstream:remotename)%00%(upstream:remoteref) --ignore-case refs/heads/master refs/remotes/master [88ms]
2025-04-10 18:22:35.854 [info] > git status -z -uall [651ms]
2025-04-10 18:22:51.123 [info] > git show --textconv :.gitignore [165ms]
2025-04-10 18:22:51.146 [info] > git ls-files --stage -- C:\Users\kabu_server\000_work\py3123\.gitignore [179ms]
2025-04-10 18:22:51.228 [info] > git cat-file -s a0deaaf507cb387eed188b72e618304891922cf1 [76ms]
2025-04-10 18:22:52.200 [info] > git config --get commit.template [89ms]
2025-04-10 18:22:52.214 [info] > git for-each-ref --format=%(refname)%00%(upstream:short)%00%(objectname)%00%(upstream:track)%00%(upstream:remotename)%00%(upstream:remoteref) --ignore-case refs/heads/master refs/remotes/master [94ms]
2025-04-10 18:22:52.783 [info] > git status -z -uall [563ms]
2025-04-10 18:23:00.655 [info] > git config --get commit.template [84ms]
2025-04-10 18:23:00.672 [info] > git for-each-ref --format=%(refname)%00%(upstream:short)%00%(objectname)%00%(upstream:track)%00%(upstream:remotename)%00%(upstream:remoteref) --ignore-case refs/heads/master refs/remotes/master [89ms]
2025-04-10 18:23:01.334 [info] > git status -z -uall [657ms]
2025-04-10 18:23:06.454 [info] > git config --get commit.template [93ms]
2025-04-10 18:23:06.468 [info] > git for-each-ref --format=%(refname)%00%(upstream:short)%00%(objectname)%00%(upstream:track)%00%(upstream:remotename)%00%(upstream:remoteref) --ignore-case refs/heads/master refs/remotes/master [93ms]
2025-04-10 18:23:07.026 [info] > git status -z -uall [553ms]
2025-04-10 18:23:12.138 [info] > git config --get commit.template [86ms]
2025-04-10 18:23:12.150 [info] > git for-each-ref --format=%(refname)%00%(upstream:short)%00%(objectname)%00%(upstream:track)%00%(upstream:remotename)%00%(upstream:remoteref) --ignore-case refs/heads/master refs/remotes/master [87ms]
2025-04-10 18:23:12.754 [info] > git status -z -uall [599ms]
2025-04-10 18:23:15.308 [info] > git check-ignore -v -z --stdin [86ms]
2025-04-10 18:23:15.455 [info] > git check-ignore -v -z --stdin [247ms]
2025-04-10 18:23:17.888 [info] > git config --get commit.template [102ms]
2025-04-10 18:23:17.901 [info] > git for-each-ref --format=%(refname)%00%(upstream:short)%00%(objectname)%00%(upstream:track)%00%(upstream:remotename)%00%(upstream:remoteref) --ignore-case refs/heads/master refs/remotes/master [101ms]
2025-04-10 18:23:18.502 [info] > git status -z -uall [595ms]
2025-04-10 18:23:23.635 [info] > git config --get commit.template [99ms]
2025-04-10 18:23:23.660 [info] > git for-each-ref --format=%(refname)%00%(upstream:short)%00%(objectname)%00%(upstream:track)%00%(upstream:remotename)%00%(upstream:remoteref) --ignore-case refs/heads/master refs/remotes/master [117ms]
2025-04-10 18:23:24.399 [info] > git status -z -uall [732ms]
2025-04-10 18:23:29.579 [info] > git config --get commit.template [124ms]
2025-04-10 18:23:29.597 [info] > git for-each-ref --format=%(refname)%00%(upstream:short)%00%(objectname)%00%(upstream:track)%00%(upstream:remotename)%00%(upstream:remoteref) --ignore-case refs/heads/master refs/remotes/master [128ms]
2025-04-10 18:23:30.240 [info] > git status -z -uall [636ms]
2025-04-10 18:23:31.591 [info] > git check-ignore -v -z --stdin [83ms]
2025-04-10 18:23:31.742 [info] > git check-ignore -v -z --stdin [248ms]
2025-04-10 18:23:35.348 [info] > git config --get commit.template [77ms]
2025-04-10 18:23:35.364 [info] > git for-each-ref --format=%(refname)%00%(upstream:short)%00%(objectname)%00%(upstream:track)%00%(upstream:remotename)%00%(upstream:remoteref) --ignore-case refs/heads/master refs/remotes/master [88ms]
2025-04-10 18:23:36.037 [info] > git status -z -uall [667ms]
2025-04-10 18:23:37.708 [info] > git check-ignore -v -z --stdin [99ms]
2025-04-10 18:23:37.860 [info] > git check-ignore -v -z --stdin [257ms]
2025-04-10 18:23:41.136 [info] > git config --get commit.template [74ms]
2025-04-10 18:23:41.150 [info] > git for-each-ref --format=%(refname)%00%(upstream:short)%00%(objectname)%00%(upstream:track)%00%(upstream:remotename)%00%(upstream:remoteref) --ignore-case refs/heads/master refs/remotes/master [84ms]
2025-04-10 18:23:41.731 [info] > git status -z -uall [576ms]
2025-04-10 18:23:46.145 [info] > git merge-base refs/heads/master refs/remotes/origin/master [107ms]
2025-04-10 18:23:46.229 [info] > git -c core.longpaths=true rev-list --count --left-right refs/heads/master...refs/remotes/origin/master [78ms]
2025-04-10 18:23:46.836 [info] > git config --get commit.template [85ms]
2025-04-10 18:23:46.851 [info] > git for-each-ref --format=%(refname)%00%(upstream:short)%00%(objectname)%00%(upstream:track)%00%(upstream:remotename)%00%(upstream:remoteref) --ignore-case refs/heads/master refs/remotes/master [94ms]
2025-04-10 18:23:47.349 [info] > git check-ignore -v -z --stdin [407ms]
2025-04-10 18:23:47.595 [info] > git check-ignore -v -z --stdin [658ms]
2025-04-10 18:23:47.617 [info] > git status -z -uall [759ms]
2025-04-10 18:23:52.740 [info] > git config --get commit.template [97ms]
2025-04-10 18:23:52.755 [info] > git for-each-ref --format=%(refname)%00%(upstream:short)%00%(objectname)%00%(upstream:track)%00%(upstream:remotename)%00%(upstream:remoteref) --ignore-case refs/heads/master refs/remotes/master [97ms]
2025-04-10 18:23:53.361 [info] > git status -z -uall [600ms]
2025-04-10 18:23:59.573 [info] > git config --get commit.template [103ms]
2025-04-10 18:23:59.581 [info] > git for-each-ref --format=%(refname)%00%(upstream:short)%00%(objectname)%00%(upstream:track)%00%(upstream:remotename)%00%(upstream:remoteref) --ignore-case refs/heads/master refs/remotes/master [101ms]
2025-04-10 18:24:00.532 [info] > git status -z -uall [946ms]
2025-04-10 18:24:00.606 [info] > git check-ignore -v -z --stdin [1033ms]
2025-04-10 18:24:07.309 [info] > git config --get commit.template [93ms]
2025-04-10 18:24:07.318 [info] > git for-each-ref --format=%(refname)%00%(upstream:short)%00%(objectname)%00%(upstream:track)%00%(upstream:remotename)%00%(upstream:remoteref) --ignore-case refs/heads/master refs/remotes/master [97ms]
2025-04-10 18:24:08.281 [info] > git status -z -uall [958ms]
2025-04-10 18:24:20.097 [info] > git ls-files --stage -- C:\Users\kabu_server\000_work\py3123\.gitignore [133ms]
2025-04-10 18:24:20.170 [info] > git cat-file -s 505dbcd86ecce79d51e85c3356f40dfa382ec24d [68ms]
2025-04-10 18:24:20.277 [info] > git show --textconv :.gitignore [99ms]
2025-04-10 18:24:20.339 [info] > git config --get commit.template [97ms]
2025-04-10 18:24:20.357 [info] > git for-each-ref --format=%(refname)%00%(upstream:short)%00%(objectname)%00%(upstream:track)%00%(upstream:remotename)%00%(upstream:remoteref) --ignore-case refs/heads/master refs/remotes/master [106ms]
2025-04-10 18:24:21.028 [info] > git status -z -uall [665ms]
2025-04-10 18:24:26.146 [info] > git config --get commit.template [95ms]
2025-04-10 18:24:26.157 [info] > git for-each-ref --format=%(refname)%00%(upstream:short)%00%(objectname)%00%(upstream:track)%00%(upstream:remotename)%00%(upstream:remoteref) --ignore-case refs/heads/master refs/remotes/master [99ms]
2025-04-10 18:24:26.254 [info] > git ls-files --stage -- C:\Users\kabu_server\000_work\py3123\.gitignore [125ms]
2025-04-10 18:24:26.660 [info] > git cat-file -s 505dbcd86ecce79d51e85c3356f40dfa382ec24d [401ms]
2025-04-10 18:24:26.914 [info] > git show --textconv :.gitignore [119ms]
2025-04-10 18:24:26.935 [info] > git status -z -uall [773ms]
2025-04-10 18:24:27.072 [info] > git merge-base refs/heads/master refs/remotes/origin/master [130ms]
2025-04-10 18:24:27.179 [info] > git merge-base refs/heads/master refs/remotes/origin/master [127ms]
2025-04-10 18:24:27.209 [info] > git -c core.longpaths=true rev-list --count --left-right refs/heads/master...refs/remotes/origin/master [130ms]
2025-04-10 18:24:27.308 [info] > git -c core.longpaths=true rev-list --count --left-right refs/heads/master...refs/remotes/origin/master [123ms]
2025-04-10 18:24:27.342 [info] > git diff --name-status -z --diff-filter=ADMR 3822ec16c6f994bf7e92c78d5ef1b93a207e03b1...refs/remotes/origin/master [127ms]
2025-04-10 18:24:32.071 [info] > git config --get commit.template [99ms]
2025-04-10 18:24:32.090 [info] > git for-each-ref --format=%(refname)%00%(upstream:short)%00%(objectname)%00%(upstream:track)%00%(upstream:remotename)%00%(upstream:remoteref) --ignore-case refs/heads/master refs/remotes/master [108ms]
2025-04-10 18:24:33.105 [info] > git status -z -uall [1010ms]
2025-04-10 18:24:38.725 [info] > git config --get commit.template [90ms]
2025-04-10 18:24:38.748 [info] > git for-each-ref --format=%(refname)%00%(upstream:short)%00%(objectname)%00%(upstream:track)%00%(upstream:remotename)%00%(upstream:remoteref) --ignore-case refs/heads/master refs/remotes/master [105ms]
2025-04-10 18:24:39.446 [info] > git status -z -uall [693ms]
2025-04-10 18:24:44.559 [info] > git config --get commit.template [101ms]
2025-04-10 18:24:44.566 [info] > git for-each-ref --format=%(refname)%00%(upstream:short)%00%(objectname)%00%(upstream:track)%00%(upstream:remotename)%00%(upstream:remoteref) --ignore-case refs/heads/master refs/remotes/master [103ms]
2025-04-10 18:24:45.216 [info] > git status -z -uall [644ms]
2025-04-10 18:25:00.316 [info] > git config --get commit.template [161ms]
2025-04-10 18:25:00.317 [info] > git for-each-ref --format=%(refname)%00%(upstream:short)%00%(objectname)%00%(upstream:track)%00%(upstream:remotename)%00%(upstream:remoteref) --ignore-case refs/heads/master refs/remotes/master [153ms]
2025-04-10 18:25:00.986 [info] > git status -z -uall [663ms]
2025-04-10 18:25:06.091 [info] > git config --get commit.template [89ms]
2025-04-10 18:25:06.109 [info] > git for-each-ref --format=%(refname)%00%(upstream:short)%00%(objectname)%00%(upstream:track)%00%(upstream:remotename)%00%(upstream:remoteref) --ignore-case refs/heads/master refs/remotes/master [100ms]
2025-04-10 18:25:06.793 [info] > git status -z -uall [677ms]
2025-04-10 18:25:11.883 [info] > git config --get commit.template [72ms]
2025-04-10 18:25:11.898 [info] > git for-each-ref --format=%(refname)%00%(upstream:short)%00%(objectname)%00%(upstream:track)%00%(upstream:remotename)%00%(upstream:remoteref) --ignore-case refs/heads/master refs/remotes/master [81ms]
2025-04-10 18:25:12.481 [info] > git status -z -uall [578ms]
2025-04-10 18:25:17.604 [info] > git config --get commit.template [106ms]
2025-04-10 18:25:17.630 [info] > git for-each-ref --format=%(refname)%00%(upstream:short)%00%(objectname)%00%(upstream:track)%00%(upstream:remotename)%00%(upstream:remoteref) --ignore-case refs/heads/master refs/remotes/master [126ms]
2025-04-10 18:25:18.464 [info] > git status -z -uall [827ms]
2025-04-10 18:25:23.595 [info] > git config --get commit.template [113ms]
2025-04-10 18:25:23.611 [info] > git for-each-ref --format=%(refname)%00%(upstream:short)%00%(objectname)%00%(upstream:track)%00%(upstream:remotename)%00%(upstream:remoteref) --ignore-case refs/heads/master refs/remotes/master [118ms]
2025-04-10 18:25:24.476 [info] > git status -z -uall [856ms]
2025-04-10 18:25:56.537 [info] > git config --get commit.template [100ms]
2025-04-10 18:25:56.567 [info] > git for-each-ref --format=%(refname)%00%(upstream:short)%00%(objectname)%00%(upstream:track)%00%(upstream:remotename)%00%(upstream:remoteref) --ignore-case refs/heads/master refs/remotes/master [123ms]
2025-04-10 18:25:57.437 [info] > git status -z -uall [864ms]
2025-04-10 18:26:01.335 [info] > git check-ignore -v -z --stdin [132ms]
2025-04-10 18:26:02.693 [info] > git config --get commit.template [78ms]
2025-04-10 18:26:02.703 [info] > git for-each-ref --format=%(refname)%00%(upstream:short)%00%(objectname)%00%(upstream:track)%00%(upstream:remotename)%00%(upstream:remoteref) --ignore-case refs/heads/master refs/remotes/master [83ms]
2025-04-10 18:26:03.330 [info] > git status -z -uall [621ms]
2025-04-10 18:26:04.992 [info] > git check-ignore -v -z --stdin [125ms]
2025-04-10 18:26:08.489 [info] > git config --get commit.template [122ms]
2025-04-10 18:26:08.519 [info] > git for-each-ref --format=%(refname)%00%(upstream:short)%00%(objectname)%00%(upstream:track)%00%(upstream:remotename)%00%(upstream:remoteref) --ignore-case refs/heads/master refs/remotes/master [146ms]
2025-04-10 18:26:09.265 [info] > git status -z -uall [739ms]
2025-04-10 18:26:14.409 [info] > git config --get commit.template [98ms]
2025-04-10 18:26:14.423 [info] > git check-ignore -v -z --stdin [141ms]
2025-04-10 18:26:14.425 [info] > git for-each-ref --format=%(refname)%00%(upstream:short)%00%(objectname)%00%(upstream:track)%00%(upstream:remotename)%00%(upstream:remoteref) --ignore-case refs/heads/master refs/remotes/master [109ms]
2025-04-10 18:26:15.079 [info] > git status -z -uall [648ms]
2025-04-10 18:26:20.196 [info] > git config --get commit.template [79ms]
2025-04-10 18:26:20.207 [info] > git for-each-ref --format=%(refname)%00%(upstream:short)%00%(objectname)%00%(upstream:track)%00%(upstream:remotename)%00%(upstream:remoteref) --ignore-case refs/heads/master refs/remotes/master [85ms]
2025-04-10 18:26:20.912 [info] > git status -z -uall [700ms]
2025-04-10 18:26:26.044 [info] > git config --get commit.template [89ms]
2025-04-10 18:26:26.067 [info] > git for-each-ref --format=%(refname)%00%(upstream:short)%00%(objectname)%00%(upstream:track)%00%(upstream:remotename)%00%(upstream:remoteref) --ignore-case refs/heads/master refs/remotes/master [106ms]
2025-04-10 18:26:26.922 [info] > git status -z -uall [849ms]
2025-04-10 18:26:32.050 [info] > git config --get commit.template [87ms]
2025-04-10 18:26:32.062 [info] > git for-each-ref --format=%(refname)%00%(upstream:short)%00%(objectname)%00%(upstream:track)%00%(upstream:remotename)%00%(upstream:remoteref) --ignore-case refs/heads/master refs/remotes/master [92ms]
2025-04-10 18:26:32.659 [info] > git status -z -uall [591ms]
2025-04-10 18:26:41.930 [info] > git for-each-ref --format=%(refname)%00%(upstream:short)%00%(objectname)%00%(upstream:track)%00%(upstream:remotename)%00%(upstream:remoteref) --ignore-case refs/heads/master refs/remotes/master [4227ms]
2025-04-10 18:26:41.930 [info] > git config --get commit.template [4234ms]
2025-04-10 18:26:42.619 [info] > git status -z -uall [681ms]
2025-04-10 18:26:47.732 [info] > git config --get commit.template [84ms]
2025-04-10 18:26:47.747 [info] > git for-each-ref --format=%(refname)%00%(upstream:short)%00%(objectname)%00%(upstream:track)%00%(upstream:remotename)%00%(upstream:remoteref) --ignore-case refs/heads/master refs/remotes/master [93ms]
2025-04-10 18:26:48.422 [info] > git status -z -uall [669ms]
2025-04-10 18:26:53.547 [info] > git config --get commit.template [84ms]
2025-04-10 18:26:53.565 [info] > git for-each-ref --format=%(refname)%00%(upstream:short)%00%(objectname)%00%(upstream:track)%00%(upstream:remotename)%00%(upstream:remoteref) --ignore-case refs/heads/master refs/remotes/master [96ms]
2025-04-10 18:26:54.316 [info] > git status -z -uall [745ms]
2025-04-10 18:26:59.466 [info] > git config --get commit.template [92ms]
2025-04-10 18:26:59.480 [info] > git for-each-ref --format=%(refname)%00%(upstream:short)%00%(objectname)%00%(upstream:track)%00%(upstream:remotename)%00%(upstream:remoteref) --ignore-case refs/heads/master refs/remotes/master [92ms]
2025-04-10 18:27:00.113 [info] > git status -z -uall [627ms]
2025-04-10 18:27:05.257 [info] > git config --get commit.template [95ms]
2025-04-10 18:27:05.275 [info] > git for-each-ref --format=%(refname)%00%(upstream:short)%00%(objectname)%00%(upstream:track)%00%(upstream:remotename)%00%(upstream:remoteref) --ignore-case refs/heads/master refs/remotes/master [97ms]
2025-04-10 18:27:05.940 [info] > git status -z -uall [659ms]
2025-04-10 18:27:11.064 [info] > git config --get commit.template [78ms]
2025-04-10 18:27:11.086 [info] > git for-each-ref --format=%(refname)%00%(upstream:short)%00%(objectname)%00%(upstream:track)%00%(upstream:remotename)%00%(upstream:remoteref) --ignore-case refs/heads/master refs/remotes/master [91ms]
2025-04-10 18:27:11.711 [info] > git status -z -uall [620ms]
2025-04-10 18:27:16.851 [info] > git config --get commit.template [108ms]
2025-04-10 18:27:16.860 [info] > git for-each-ref --format=%(refname)%00%(upstream:short)%00%(objectname)%00%(upstream:track)%00%(upstream:remotename)%00%(upstream:remoteref) --ignore-case refs/heads/master refs/remotes/master [109ms]
2025-04-10 18:27:17.481 [info] > git status -z -uall [615ms]
2025-04-10 18:27:30.066 [info] > git for-each-ref --format=%(refname)%00%(upstream:short)%00%(objectname)%00%(upstream:track)%00%(upstream:remotename)%00%(upstream:remoteref) --ignore-case refs/heads/master refs/remotes/master [493ms]
2025-04-10 18:27:30.089 [info] > git config --get commit.template [529ms]
2025-04-10 18:27:31.530 [info] > git status -z -uall [1434ms]
2025-04-10 18:27:38.315 [info] > git for-each-ref --format=%(refname)%00%(upstream:short)%00%(objectname)%00%(upstream:track)%00%(upstream:remotename)%00%(upstream:remoteref) --ignore-case refs/heads/master refs/remotes/master [671ms]
2025-04-10 18:27:38.333 [info] > git config --get commit.template [695ms]
2025-04-10 18:27:39.849 [info] > git status -z -uall [1510ms]
