2025-04-10 05:31:59.303 [info] ログ レベル: Info
2025-04-10 05:31:59.303 [info] Git の検証が検出されました: "C:\Program Files\Git\cmd\git.exe"
2025-04-10 05:31:59.303 [info] "C:\Program Files\Git\cmd\git.exe" から Git "2.41.0.windows.3" を使用しています
2025-04-10 05:31:59.303 [info] > git rev-parse --show-toplevel [157ms]
2025-04-10 05:31:59.428 [info] > git rev-parse --git-dir --git-common-dir [149ms]
2025-04-10 05:31:59.452 [info] Open repository: c:\Users\kabu_server\000_work\py3123
2025-04-10 05:31:59.754 [info] > git rev-parse --show-toplevel [260ms]
2025-04-10 05:31:59.798 [info] > git config --get commit.template [308ms]
2025-04-10 05:31:59.804 [info] > git for-each-ref --format=%(refname)%00%(upstream:short)%00%(objectname)%00%(upstream:track)%00%(upstream:remotename)%00%(upstream:remoteref) --ignore-case refs/heads/master refs/remotes/master [278ms]
2025-04-10 05:31:59.913 [info] > git rev-parse --show-toplevel [153ms]
2025-04-10 05:32:00.468 [info] > git rev-parse --show-toplevel [549ms]
2025-04-10 05:32:00.595 [info] > git rev-parse --git-dir --git-common-dir [120ms]
2025-04-10 05:32:00.606 [info] Open repository: c:\Users\kabu_server\000_work\py3123\markitdown
2025-04-10 05:32:00.868 [info] > git rev-parse --show-toplevel [241ms]
2025-04-10 05:32:00.971 [info] > git rev-parse --show-toplevel [94ms]
2025-04-10 05:32:01.070 [info] > git rev-parse --show-toplevel [93ms]
2025-04-10 05:32:01.222 [info] > git ls-files --stage -- C:\Users\kabu_server\000_work\py3123\README.md [135ms]
2025-04-10 05:32:01.986 [info] > git config --get commit.template [1365ms]
2025-04-10 05:32:01.986 [info] > git show --textconv :README.md [907ms]
2025-04-10 05:32:02.073 [info] > git check-ignore -v -z --stdin [723ms]
2025-04-10 05:32:02.074 [info] > git for-each-ref --format=%(refname)%00%(upstream:short)%00%(objectname)%00%(upstream:track)%00%(upstream:remotename)%00%(upstream:remoteref) --ignore-case refs/heads/main refs/remotes/main [1437ms]
2025-04-10 05:32:02.075 [info] > git check-ignore -v -z --stdin [2081ms]
2025-04-10 05:32:02.084 [warning] ENOENT: no such file or directory, open 'c:\Users\kabu_server\000_work\py3123\markitdown\.git\refs\remotes\origin\main'
2025-04-10 05:32:02.118 [info] > git cat-file -s 10ebeff91edb763179ef5496647e51cfb6aab578 [890ms]
2025-04-10 05:32:02.330 [info] > git rev-parse refs/remotes/origin/main [246ms]
2025-04-10 05:32:02.458 [info] > git status -z -uall [122ms]
2025-04-10 05:32:02.703 [info] > git merge-base refs/heads/main refs/remotes/origin/main [236ms]
2025-04-10 05:32:02.713 [info] > git for-each-ref --format=%(refname)%00%(upstream:short)%00%(objectname)%00%(upstream:track)%00%(upstream:remotename)%00%(upstream:remoteref) --ignore-case refs/heads/main refs/remotes/main [218ms]
2025-04-10 05:32:02.714 [info] > git config --get commit.template [232ms]
2025-04-10 05:32:02.714 [info] > git merge-base refs/heads/main refs/remotes/origin/main [227ms]
2025-04-10 05:32:02.725 [warning] ENOENT: no such file or directory, open 'c:\Users\kabu_server\000_work\py3123\markitdown\.git\refs\remotes\origin\main'
2025-04-10 05:32:02.898 [info] > git -c core.longpaths=true rev-list --count --left-right refs/heads/main...refs/remotes/origin/main [178ms]
2025-04-10 05:32:02.902 [info] > git rev-parse refs/remotes/origin/main [176ms]
2025-04-10 05:32:02.908 [info] > git -c core.longpaths=true rev-list --count --left-right refs/heads/main...refs/remotes/origin/main [197ms]
2025-04-10 05:32:03.054 [info] > git status -z -uall [146ms]
2025-04-10 05:32:03.062 [info] > git diff --name-status -z --diff-filter=ADMR 3fcd48cdfc651cbf508071c8d2fb7d82aeb075de...refs/remotes/origin/main [146ms]
2025-04-10 05:32:03.522 [info] > git check-ignore -v -z --stdin [69ms]
2025-04-10 05:32:05.070 [info] > git status -z -uall [5241ms]
2025-04-10 05:32:05.265 [info] > git merge-base refs/heads/master refs/remotes/origin/master [183ms]
2025-04-10 05:32:05.273 [info] > git for-each-ref --format=%(refname)%00%(upstream:short)%00%(objectname)%00%(upstream:track)%00%(upstream:remotename)%00%(upstream:remoteref) --ignore-case refs/heads/master refs/remotes/master [159ms]
2025-04-10 05:32:05.292 [info] > git config --get commit.template [186ms]
2025-04-10 05:32:05.305 [info] > git merge-base refs/heads/master refs/remotes/origin/master [203ms]
2025-04-10 05:32:05.406 [info] > git -c core.longpaths=true rev-list --count --left-right refs/heads/master...refs/remotes/origin/master [135ms]
2025-04-10 05:32:05.519 [info] > git -c core.longpaths=true rev-list --count --left-right refs/heads/master...refs/remotes/origin/master [202ms]
2025-04-10 05:32:05.859 [info] > git diff --name-status -z --diff-filter=ADMR 3822ec16c6f994bf7e92c78d5ef1b93a207e03b1...refs/remotes/origin/master [445ms]
2025-04-10 05:32:06.049 [info] > git status -z -uall [750ms]
2025-04-10 05:32:06.419 [info] > git check-ignore -v -z --stdin [76ms]
2025-04-10 05:32:06.581 [info] > git check-ignore -v -z --stdin [249ms]
2025-04-10 05:32:10.332 [info] > git config --get commit.template [115ms]
2025-04-10 05:32:10.342 [info] > git for-each-ref --format=%(refname)%00%(upstream:short)%00%(objectname)%00%(upstream:track)%00%(upstream:remotename)%00%(upstream:remoteref) --ignore-case refs/heads/master refs/remotes/master [110ms]
2025-04-10 05:32:11.057 [info] > git status -z -uall [708ms]
2025-04-10 05:32:11.268 [info] > git check-ignore -v -z --stdin [982ms]
2025-04-10 05:32:16.241 [info] > git config --get commit.template [157ms]
2025-04-10 05:32:16.258 [info] > git for-each-ref --format=%(refname)%00%(upstream:short)%00%(objectname)%00%(upstream:track)%00%(upstream:remotename)%00%(upstream:remoteref) --ignore-case refs/heads/master refs/remotes/master [168ms]
2025-04-10 05:32:17.310 [info] > git status -z -uall [1045ms]
2025-04-10 05:32:20.066 [info] > git check-ignore -v -z --stdin [217ms]
2025-04-10 05:32:22.413 [info] > git config --get commit.template [78ms]
2025-04-10 05:32:22.424 [info] > git for-each-ref --format=%(refname)%00%(upstream:short)%00%(objectname)%00%(upstream:track)%00%(upstream:remotename)%00%(upstream:remoteref) --ignore-case refs/heads/master refs/remotes/master [81ms]
2025-04-10 05:32:22.982 [info] > git status -z -uall [552ms]
2025-04-10 05:32:32.938 [info] > git config --get commit.template [82ms]
2025-04-10 05:32:32.948 [info] > git for-each-ref --format=%(refname)%00%(upstream:short)%00%(objectname)%00%(upstream:track)%00%(upstream:remotename)%00%(upstream:remoteref) --ignore-case refs/heads/master refs/remotes/master [84ms]
2025-04-10 05:32:33.523 [info] > git status -z -uall [570ms]
2025-04-10 05:32:50.131 [info] > git config --get commit.template [80ms]
2025-04-10 05:32:50.142 [info] > git for-each-ref --format=%(refname)%00%(upstream:short)%00%(objectname)%00%(upstream:track)%00%(upstream:remotename)%00%(upstream:remoteref) --ignore-case refs/heads/master refs/remotes/master [86ms]
2025-04-10 05:32:50.787 [info] > git status -z -uall [636ms]
2025-04-10 05:33:00.853 [info] > git config --get commit.template [92ms]
2025-04-10 05:33:00.873 [info] > git for-each-ref --format=%(refname)%00%(upstream:short)%00%(objectname)%00%(upstream:track)%00%(upstream:remotename)%00%(upstream:remoteref) --ignore-case refs/heads/master refs/remotes/master [98ms]
2025-04-10 05:33:01.592 [info] > git status -z -uall [711ms]
2025-04-10 05:33:07.078 [info] > git show --textconv :extract_diff_files.py [575ms]
2025-04-10 05:33:07.080 [info] > git config --get commit.template [374ms]
2025-04-10 05:33:07.081 [info] > git ls-files --stage -- C:\Users\kabu_server\000_work\py3123\extract_diff_files.py [567ms]
2025-04-10 05:33:07.999 [info] > git cat-file -s 7b6cc825eec00f05aa7db4780dee8878c27cdbcf [912ms]
2025-04-10 05:33:08.002 [info] > git for-each-ref --format=%(refname)%00%(upstream:short)%00%(objectname)%00%(upstream:track)%00%(upstream:remotename)%00%(upstream:remoteref) --ignore-case refs/heads/master refs/remotes/master [1092ms]
2025-04-10 05:33:10.243 [info] > git status -z -uall [2000ms]
2025-04-10 05:33:15.358 [info] > git config --get commit.template [87ms]
2025-04-10 05:33:15.371 [info] > git for-each-ref --format=%(refname)%00%(upstream:short)%00%(objectname)%00%(upstream:track)%00%(upstream:remotename)%00%(upstream:remoteref) --ignore-case refs/heads/master refs/remotes/master [88ms]
2025-04-10 05:33:16.330 [info] > git status -z -uall [953ms]
2025-04-10 05:33:30.269 [info] > git config --get commit.template [131ms]
2025-04-10 05:33:30.274 [info] > git for-each-ref --format=%(refname)%00%(upstream:short)%00%(objectname)%00%(upstream:track)%00%(upstream:remotename)%00%(upstream:remoteref) --ignore-case refs/heads/master refs/remotes/master [130ms]
2025-04-10 05:33:38.970 [info] > git status -z -uall [8690ms]
2025-04-10 05:33:44.108 [info] > git config --get commit.template [94ms]
2025-04-10 05:33:44.118 [info] > git for-each-ref --format=%(refname)%00%(upstream:short)%00%(objectname)%00%(upstream:track)%00%(upstream:remotename)%00%(upstream:remoteref) --ignore-case refs/heads/master refs/remotes/master [90ms]
2025-04-10 05:33:53.397 [info] > git status -z -uall [9277ms]
2025-04-10 05:33:58.583 [info] > git config --get commit.template [168ms]
2025-04-10 05:33:58.629 [info] > git for-each-ref --format=%(refname)%00%(upstream:short)%00%(objectname)%00%(upstream:track)%00%(upstream:remotename)%00%(upstream:remoteref) --ignore-case refs/heads/master refs/remotes/master [208ms]
2025-04-10 05:34:01.297 [info] > git ls-files --stage -- C:\Users\kabu_server\000_work\py3123\extract_diff_files.py [137ms]
2025-04-10 05:34:01.400 [info] > git cat-file -s 7b6cc825eec00f05aa7db4780dee8878c27cdbcf [98ms]
2025-04-10 05:34:01.689 [info] > git show --textconv :extract_diff_files.py [282ms]
2025-04-10 05:34:02.490 [info] > git check-ignore -v -z --stdin [202ms]
2025-04-10 05:34:07.217 [info] > git status -z -uall [8583ms]
2025-04-10 05:34:12.351 [info] > git for-each-ref --format=%(refname)%00%(upstream:short)%00%(objectname)%00%(upstream:track)%00%(upstream:remotename)%00%(upstream:remoteref) --ignore-case refs/heads/master refs/remotes/master [109ms]
2025-04-10 05:34:12.356 [info] > git config --get commit.template [119ms]
2025-04-10 05:34:13.303 [info] > git status -z -uall [943ms]
2025-04-10 05:34:18.465 [info] > git config --get commit.template [120ms]
2025-04-10 05:34:18.468 [info] > git for-each-ref --format=%(refname)%00%(upstream:short)%00%(objectname)%00%(upstream:track)%00%(upstream:remotename)%00%(upstream:remoteref) --ignore-case refs/heads/master refs/remotes/master [117ms]
2025-04-10 05:34:19.109 [info] > git status -z -uall [636ms]
2025-04-10 05:34:27.122 [info] > git check-ignore -v -z --stdin [231ms]
2025-04-10 05:34:27.898 [info] > git config --get commit.template [126ms]
2025-04-10 05:34:27.912 [info] > git for-each-ref --format=%(refname)%00%(upstream:short)%00%(objectname)%00%(upstream:track)%00%(upstream:remotename)%00%(upstream:remoteref) --ignore-case refs/heads/master refs/remotes/master [134ms]
2025-04-10 05:34:28.985 [info] > git status -z -uall [1066ms]
2025-04-10 05:34:31.440 [info] > git check-ignore -v -z --stdin [565ms]
2025-04-10 05:34:40.926 [info] > git ls-files --stage -- C:\Users\kabu_server\000_work\py3123\diff_py3123\file_mapping.json [197ms]
2025-04-10 05:34:40.937 [info] > git show --textconv :diff_py3123/file_mapping.json [217ms]
2025-04-10 05:34:42.455 [info] > git config --get commit.template [87ms]
2025-04-10 05:34:42.468 [info] > git for-each-ref --format=%(refname)%00%(upstream:short)%00%(objectname)%00%(upstream:track)%00%(upstream:remotename)%00%(upstream:remoteref) --ignore-case refs/heads/master refs/remotes/master [94ms]
2025-04-10 05:34:43.079 [info] > git status -z -uall [605ms]
2025-04-10 05:34:48.183 [info] > git config --get commit.template [84ms]
2025-04-10 05:34:48.191 [info] > git for-each-ref --format=%(refname)%00%(upstream:short)%00%(objectname)%00%(upstream:track)%00%(upstream:remotename)%00%(upstream:remoteref) --ignore-case refs/heads/master refs/remotes/master [87ms]
2025-04-10 05:34:48.820 [info] > git status -z -uall [623ms]
2025-04-10 05:34:54.011 [info] > git config --get commit.template [153ms]
2025-04-10 05:34:54.023 [info] > git for-each-ref --format=%(refname)%00%(upstream:short)%00%(objectname)%00%(upstream:track)%00%(upstream:remotename)%00%(upstream:remoteref) --ignore-case refs/heads/master refs/remotes/master [157ms]
2025-04-10 05:34:54.840 [info] > git status -z -uall [807ms]
2025-04-10 05:34:59.998 [info] > git config --get commit.template [138ms]
2025-04-10 05:35:00.005 [info] > git for-each-ref --format=%(refname)%00%(upstream:short)%00%(objectname)%00%(upstream:track)%00%(upstream:remotename)%00%(upstream:remoteref) --ignore-case refs/heads/master refs/remotes/master [138ms]
2025-04-10 05:35:01.107 [info] > git status -z -uall [1096ms]
2025-04-10 05:35:06.234 [info] > git config --get commit.template [89ms]
2025-04-10 05:35:06.244 [info] > git for-each-ref --format=%(refname)%00%(upstream:short)%00%(objectname)%00%(upstream:track)%00%(upstream:remotename)%00%(upstream:remoteref) --ignore-case refs/heads/master refs/remotes/master [90ms]
2025-04-10 05:35:06.864 [info] > git status -z -uall [613ms]
2025-04-10 05:35:50.275 [info] > git config --get commit.template [92ms]
2025-04-10 05:35:50.286 [info] > git for-each-ref --format=%(refname)%00%(upstream:short)%00%(objectname)%00%(upstream:track)%00%(upstream:remotename)%00%(upstream:remoteref) --ignore-case refs/heads/master refs/remotes/master [89ms]
2025-04-10 05:35:50.839 [info] > git status -z -uall [548ms]
2025-04-10 05:35:56.663 [info] > git config --get commit.template [96ms]
2025-04-10 05:35:56.672 [info] > git for-each-ref --format=%(refname)%00%(upstream:short)%00%(objectname)%00%(upstream:track)%00%(upstream:remotename)%00%(upstream:remoteref) --ignore-case refs/heads/master refs/remotes/master [92ms]
2025-04-10 05:35:57.218 [info] > git status -z -uall [541ms]
2025-04-10 05:36:25.655 [info] > git config --get commit.template [144ms]
2025-04-10 05:36:25.665 [info] > git for-each-ref --format=%(refname)%00%(upstream:short)%00%(objectname)%00%(upstream:track)%00%(upstream:remotename)%00%(upstream:remoteref) --ignore-case refs/heads/master refs/remotes/master [132ms]
2025-04-10 05:36:26.214 [info] > git status -z -uall [543ms]
